Added Component: Designator=C1(CAP_0805)
Add component (AddParameter): Name = "Case/Package"; Value = "0805 (2012 Metric)"; VariantName = "[No Variations]"
Add component (AddParameter): Name = "Manufacturer"; Value = "KEMET"; VariantName = "[No Variations]"
Add component (AddParameter): Name = "Manufacturing Part Number"; Value = "C0805C104J5RACTU"; VariantName = "[No Variations]"
Add component (AddParameter): Name = "Supplier Part Number-1"; Value = "399-1171-1-ND"; VariantName = "[No Variations]"
Add component (AddParameter): Name = "Supplier-1"; Value = "Digikey"; VariantName = "[No Variations]"
Added Component: Designator=C2(0603L)
Add component (AddParameter): Name = "AEC Category"; Value = "Q200"; VariantName = "[No Variations]"
Add component (AddParameter): Name = "AEC Grade"; Value = ""; VariantName = "[No Variations]"
Add component (AddParameter): Name = "AEC Qualified"; Value = "?"; VariantName = "[No Variations]"
Add component (AddParameter): Name = "Alternate Manufacturer"; Value = ""; VariantName = "[No Variations]"
Add component (AddParameter): Name = "Alternate PartNumber"; Value = ""; VariantName = "[No Variations]"
Add component (AddParameter): Name = "Cap_Case"; Value = "0603"; VariantName = "[No Variations]"
Add component (AddParameter): Name = "Cap_F"; Value = "4.7µF"; VariantName = "[No Variations]"
Add component (AddParameter): Name = "ComponentLink1Description"; Value = "Datasheet link"; VariantName = "[No Variations]"
Add component (AddParameter): Name = "ComponentLink1URL"; Value = "http://www.kemet.com/kemet/web/homepage/kechome.nsf/vapubfiles/F3102_Y5V.pdf/$file/F3102_Y5V.pdf"; VariantName = "[No Variations]"
Add component (AddParameter): Name = "CompType"; Value = "Capacitor"; VariantName = "[No Variations]"
Add component (AddParameter): Name = "ESR_ohm"; Value = "6m"; VariantName = "[No Variations]"
Add component (AddParameter): Name = "IRMS_A"; Value = "7.24A"; VariantName = "[No Variations]"
Add component (AddParameter): Name = "LatestRevisionDate"; Value = "2017-03-09"; VariantName = "[No Variations]"
Add component (AddParameter): Name = "Manufacturer"; Value = "Kemet"; VariantName = "[No Variations]"
Add component (AddParameter): Name = "MountType"; Value = "SMT"; VariantName = "[No Variations]"
Add component (AddParameter): Name = "PackageReference"; Value = "0603"; VariantName = "[No Variations]"
Add component (AddParameter): Name = "PartNumber"; Value = "C0603C475K8PACTU"; VariantName = "[No Variations]"
Add component (AddParameter): Name = "Polarized"; Value = "N"; VariantName = "[No Variations]"
Add component (AddParameter): Name = "Published"; Value = "2008-06-19"; VariantName = "[No Variations]"
Add component (AddParameter): Name = "Publisher"; Value = "Texas Instruments"; VariantName = "[No Variations]"
Add component (AddParameter): Name = "RoHS"; Value = "Y"; VariantName = "[No Variations]"
Add component (AddParameter): Name = "SizeArea_mm2"; Value = "1.28"; VariantName = "[No Variations]"
Add component (AddParameter): Name = "SizeAreaWB_mm2"; Value = "4.68"; VariantName = "[No Variations]"
Add component (AddParameter): Name = "SizeX_mm"; Value = "1.6"; VariantName = "[No Variations]"
Add component (AddParameter): Name = "SizeY_mm"; Value = "0.8"; VariantName = "[No Variations]"
Add component (AddParameter): Name = "SizeZ_mm"; Value = "1"; VariantName = "[No Variations]"
Add component (AddParameter): Name = "Supplier 1"; Value = "Digi-Key"; VariantName = "[No Variations]"
Add component (AddParameter): Name = "Supplier 2"; Value = "Mouser"; VariantName = "[No Variations]"
Add component (AddParameter): Name = "Supplier 3"; Value = "Farnell"; VariantName = "[No Variations]"
Add component (AddParameter): Name = "Supplier Part Number 1"; Value = "399-5503-1-ND"; VariantName = "[No Variations]"
Add component (AddParameter): Name = "Supplier Part Number 2"; Value = "80-C0603C475K8P"; VariantName = "[No Variations]"
Add component (AddParameter): Name = "Supplier Part Number 3"; Value = "1572625"; VariantName = "[No Variations]"
Add component (AddParameter): Name = "TaMax_C"; Value = "85°C"; VariantName = "[No Variations]"
Add component (AddParameter): Name = "TaMin_C"; Value = "-55°C"; VariantName = "[No Variations]"
Add component (AddParameter): Name = "Technology"; Value = "Ceramic"; VariantName = "[No Variations]"
Add component (AddParameter): Name = "TempCo"; Value = "X5R"; VariantName = "[No Variations]"
Add component (AddParameter): Name = "Tolerance_%"; Value = "10%"; VariantName = "[No Variations]"
Add component (AddParameter): Name = "U/M"; Value = "EA"; VariantName = "[No Variations]"
Add component (AddParameter): Name = "Value"; Value = "4.7uF"; VariantName = "[No Variations]"
Add component (AddParameter): Name = "Value1"; Value = "0.006 ohm"; VariantName = "[No Variations]"
Add component (AddParameter): Name = "Value2"; Value = "10V"; VariantName = "[No Variations]"
Add component (AddParameter): Name = "ValueDisplayed"; Value = "10uF"; VariantName = "[No Variations]"
Add component (AddParameter): Name = "VDC_V"; Value = "10V"; VariantName = "[No Variations]"
Added Component: Designator=D1(WL-SMCW_RED)
Add component (AddParameter): Name = "AccessRights"; Value = ""; VariantName = "[No Variations]"
Add component (AddParameter): Name = "Alternate Manufacturer"; Value = ""; VariantName = "[No Variations]"
Add component (AddParameter): Name = "Alternate PartNumber"; Value = ""; VariantName = "[No Variations]"
Add component (AddParameter): Name = "AncestorItemRevisionGUID"; Value = ""; VariantName = "[No Variations]"
Add component (AddParameter): Name = "Angle"; Value = "140"; VariantName = "[No Variations]"
Add component (AddParameter): Name = "Color"; Value = "Red"; VariantName = "[No Variations]"
Add component (AddParameter): Name = "ColorTemperature"; Value = ""; VariantName = "[No Variations]"
Add component (AddParameter): Name = "ComponentLink1Description"; Value = "Datasheet link"; VariantName = "[No Variations]"
Add component (AddParameter): Name = "ComponentLink1URL"; Value = "http://katalog.we-online.de/led/datasheet/150060RS75000.pdf"; VariantName = "[No Variations]"
Add component (AddParameter): Name = "ComponentType"; Value = ""; VariantName = "[No Variations]"
Add component (AddParameter): Name = "CompType"; Value = "LED"; VariantName = "[No Variations]"
Add component (AddParameter): Name = "ContentType"; Value = ""; VariantName = "[No Variations]"
Add component (AddParameter): Name = "ContentTypeGUID"; Value = ""; VariantName = "[No Variations]"
Add component (AddParameter): Name = "DynamicResistance"; Value = ""; VariantName = "[No Variations]"
Add component (AddParameter): Name = "Family_Io"; Value = ""; VariantName = "[No Variations]"
Add component (AddParameter): Name = "FamilyName"; Value = ""; VariantName = "[No Variations]"
Add component (AddParameter): Name = "Folder"; Value = ""; VariantName = "[No Variations]"
Add component (AddParameter): Name = "FolderGUID"; Value = ""; VariantName = "[No Variations]"
Add component (AddParameter): Name = "FootprintDescription1"; Value = ""; VariantName = "[No Variations]"
Add component (AddParameter): Name = "FootprintDescription2"; Value = ""; VariantName = "[No Variations]"
Add component (AddParameter): Name = "FootprintName1"; Value = ""; VariantName = "[No Variations]"
Add component (AddParameter): Name = "FootprintName2"; Value = ""; VariantName = "[No Variations]"
Add component (AddParameter): Name = "FootprintRevisionID1"; Value = ""; VariantName = "[No Variations]"
Add component (AddParameter): Name = "FootprintRevisionID2"; Value = ""; VariantName = "[No Variations]"
Add component (AddParameter): Name = "Io_A"; Value = "30mA"; VariantName = "[No Variations]"
Add component (AddParameter): Name = "Ir_A"; Value = ""; VariantName = "[No Variations]"
Add component (AddParameter): Name = "ItemDescription"; Value = ""; VariantName = "[No Variations]"
Add component (AddParameter): Name = "ItemGUID"; Value = ""; VariantName = "[No Variations]"
Add component (AddParameter): Name = "ItemHRID"; Value = ""; VariantName = "[No Variations]"
Add component (AddParameter): Name = "LambdaD"; Value = ""; VariantName = "[No Variations]"
Add component (AddParameter): Name = "LambdaP"; Value = ""; VariantName = "[No Variations]"
Add component (AddParameter): Name = "LatestRevisionDate"; Value = "2017-03-09"; VariantName = "[No Variations]"
Add component (AddParameter): Name = "LifeCycle"; Value = ""; VariantName = "[No Variations]"
Add component (AddParameter): Name = "LifeCycleStateGUID"; Value = ""; VariantName = "[No Variations]"
Add component (AddParameter): Name = "Luminance_Lv"; Value = ""; VariantName = "[No Variations]"
Add component (AddParameter): Name = "LuminousFlux_PhiV"; Value = ""; VariantName = "[No Variations]"
Add component (AddParameter): Name = "LuminousIntensity_IV"; Value = ""; VariantName = "[No Variations]"
Add component (AddParameter): Name = "Manufacturer"; Value = "Wurth Elektronik"; VariantName = "[No Variations]"
Add component (AddParameter): Name = "MountType"; Value = "SMT"; VariantName = "[No Variations]"
Add component (AddParameter): Name = "NumParallelLEDs"; Value = ""; VariantName = "[No Variations]"
Add component (AddParameter): Name = "NumSeriesLEDs"; Value = ""; VariantName = "[No Variations]"
Add component (AddParameter): Name = "PackageReference"; Value = "LED_0603"; VariantName = "[No Variations]"
Add component (AddParameter): Name = "PartNumber"; Value = "150060RS75000"; VariantName = "[No Variations]"
Add component (AddParameter): Name = "Power_TotalModule"; Value = "72mW"; VariantName = "[No Variations]"
Add component (AddParameter): Name = "Published"; Value = "2008-07-11"; VariantName = "[No Variations]"
Add component (AddParameter): Name = "Publisher"; Value = "Texas Instruments"; VariantName = "[No Variations]"
Add component (AddParameter): Name = "ReleaseDate"; Value = ""; VariantName = "[No Variations]"
Add component (AddParameter): Name = "ReleaseNote"; Value = ""; VariantName = "[No Variations]"
Add component (AddParameter): Name = "RevisionId"; Value = ""; VariantName = "[No Variations]"
Add component (AddParameter): Name = "RevisionNamingSchemeGUID"; Value = ""; VariantName = "[No Variations]"
Add component (AddParameter): Name = "RJC_CperW"; Value = ""; VariantName = "[No Variations]"
Add component (AddParameter): Name = "RoHS"; Value = "Y"; VariantName = "[No Variations]"
Add component (AddParameter): Name = "SizeArea_mm2"; Value = ""; VariantName = "[No Variations]"
Add component (AddParameter): Name = "SizeAreaWB_mm2"; Value = ""; VariantName = "[No Variations]"
Add component (AddParameter): Name = "SizeX_mm"; Value = ""; VariantName = "[No Variations]"
Add component (AddParameter): Name = "SizeY_mm"; Value = ""; VariantName = "[No Variations]"
Add component (AddParameter): Name = "SizeZ_mm"; Value = ""; VariantName = "[No Variations]"
Add component (AddParameter): Name = "SourceGUID"; Value = ""; VariantName = "[No Variations]"
Add component (AddParameter): Name = "SourceVaultGUID"; Value = ""; VariantName = "[No Variations]"
Add component (AddParameter): Name = "Supplier 1"; Value = "Digi-Key"; VariantName = "[No Variations]"
Add component (AddParameter): Name = "Supplier 2"; Value = "Newark"; VariantName = "[No Variations]"
Add component (AddParameter): Name = "Supplier 3"; Value = "Mouser"; VariantName = "[No Variations]"
Add component (AddParameter): Name = "Supplier Part Number 1"; Value = "732-4978-1-ND"; VariantName = "[No Variations]"
Add component (AddParameter): Name = "Supplier Part Number 2"; Value = "95W3795"; VariantName = "[No Variations]"
Add component (AddParameter): Name = "Supplier Part Number 3"; Value = "710-150060RS75000"; VariantName = "[No Variations]"
Add component (AddParameter): Name = "Tjmax_C"; Value = "85°C"; VariantName = "[No Variations]"
Add component (AddParameter): Name = "Type"; Value = "AlInGaP"; VariantName = "[No Variations]"
Add component (AddParameter): Name = "U/M"; Value = "EA"; VariantName = "[No Variations]"
Add component (AddParameter): Name = "VALUE"; Value = "Red"; VariantName = "[No Variations]"
Add component (AddParameter): Name = "Value1"; Value = "0.072W"; VariantName = "[No Variations]"
Add component (AddParameter): Name = "Value2"; Value = "2V"; VariantName = "[No Variations]"
Add component (AddParameter): Name = "Vf_V"; Value = "2V"; VariantName = "[No Variations]"
Add component (AddParameter): Name = "Vr_V"; Value = "5V"; VariantName = "[No Variations]"
Added Component: Designator=D2(WL-SMCW_GREEN)
Add component (AddParameter): Name = "Alternate Manufacturer"; Value = ""; VariantName = "[No Variations]"
Add component (AddParameter): Name = "Alternate PartNumber"; Value = ""; VariantName = "[No Variations]"
Add component (AddParameter): Name = "Angle"; Value = ""; VariantName = "[No Variations]"
Add component (AddParameter): Name = "Color"; Value = "green"; VariantName = "[No Variations]"
Add component (AddParameter): Name = "ColorTemperature"; Value = ""; VariantName = "[No Variations]"
Add component (AddParameter): Name = "ComponentLink1Description"; Value = "Datasheet link"; VariantName = "[No Variations]"
Add component (AddParameter): Name = "ComponentLink1URL"; Value = "http://katalog.we-online.de/led/datasheet/150060VS75000.pdf"; VariantName = "[No Variations]"
Add component (AddParameter): Name = "CompType"; Value = "LED"; VariantName = "[No Variations]"
Add component (AddParameter): Name = "DynamicResistance"; Value = ""; VariantName = "[No Variations]"
Add component (AddParameter): Name = "Family_Io"; Value = ""; VariantName = "[No Variations]"
Add component (AddParameter): Name = "FamilyName"; Value = ""; VariantName = "[No Variations]"
Add component (AddParameter): Name = "Io_A"; Value = "20mA"; VariantName = "[No Variations]"
Add component (AddParameter): Name = "Ir_A"; Value = ""; VariantName = "[No Variations]"
Add component (AddParameter): Name = "LambdaD"; Value = ""; VariantName = "[No Variations]"
Add component (AddParameter): Name = "LambdaP"; Value = ""; VariantName = "[No Variations]"
Add component (AddParameter): Name = "LatestRevisionDate"; Value = "2017-03-09"; VariantName = "[No Variations]"
Add component (AddParameter): Name = "Luminance_Lv"; Value = ""; VariantName = "[No Variations]"
Add component (AddParameter): Name = "LuminousFlux_PhiV"; Value = ""; VariantName = "[No Variations]"
Add component (AddParameter): Name = "LuminousIntensity_IV"; Value = ""; VariantName = "[No Variations]"
Add component (AddParameter): Name = "Manufacturer"; Value = "Wurth Elektronik"; VariantName = "[No Variations]"
Add component (AddParameter): Name = "MountType"; Value = "SMT"; VariantName = "[No Variations]"
Add component (AddParameter): Name = "NumParallelLEDs"; Value = ""; VariantName = "[No Variations]"
Add component (AddParameter): Name = "NumSeriesLEDs"; Value = ""; VariantName = "[No Variations]"
Add component (AddParameter): Name = "PackageReference"; Value = "LED_0603"; VariantName = "[No Variations]"
Add component (AddParameter): Name = "PartNumber"; Value = "150060VS75000"; VariantName = "[No Variations]"
Add component (AddParameter): Name = "Power_TotalModule"; Value = ""; VariantName = "[No Variations]"
Add component (AddParameter): Name = "Published"; Value = "2008-07-11"; VariantName = "[No Variations]"
Add component (AddParameter): Name = "Publisher"; Value = "Texas Instruments"; VariantName = "[No Variations]"
Add component (AddParameter): Name = "RJC_CperW"; Value = ""; VariantName = "[No Variations]"
Add component (AddParameter): Name = "RoHS"; Value = "Y"; VariantName = "[No Variations]"
Add component (AddParameter): Name = "SizeArea_mm2"; Value = ""; VariantName = "[No Variations]"
Add component (AddParameter): Name = "SizeAreaWB_mm2"; Value = ""; VariantName = "[No Variations]"
Add component (AddParameter): Name = "SizeX_mm"; Value = ""; VariantName = "[No Variations]"
Add component (AddParameter): Name = "SizeY_mm"; Value = ""; VariantName = "[No Variations]"
Add component (AddParameter): Name = "SizeZ_mm"; Value = ""; VariantName = "[No Variations]"
Add component (AddParameter): Name = "Supplier 1"; Value = "Digi-Key"; VariantName = "[No Variations]"
Add component (AddParameter): Name = "Supplier 2"; Value = "Newark"; VariantName = "[No Variations]"
Add component (AddParameter): Name = "Supplier 3"; Value = "Farnell"; VariantName = "[No Variations]"
Add component (AddParameter): Name = "Supplier Part Number 1"; Value = "732-4980-1-ND"; VariantName = "[No Variations]"
Add component (AddParameter): Name = "Supplier Part Number 2"; Value = "95W3797"; VariantName = "[No Variations]"
Add component (AddParameter): Name = "Supplier Part Number 3"; Value = "2322073"; VariantName = "[No Variations]"
Add component (AddParameter): Name = "Tjmax_C"; Value = ""; VariantName = "[No Variations]"
Add component (AddParameter): Name = "Type"; Value = "AlInGaP"; VariantName = "[No Variations]"
Add component (AddParameter): Name = "U/M"; Value = "EA"; VariantName = "[No Variations]"
Add component (AddParameter): Name = "VALUE"; Value = "Green"; VariantName = "[No Variations]"
Add component (AddParameter): Name = "Value1"; Value = "W"; VariantName = "[No Variations]"
Add component (AddParameter): Name = "Value2"; Value = "2V"; VariantName = "[No Variations]"
Add component (AddParameter): Name = "Vf_V"; Value = "2V"; VariantName = "[No Variations]"
Add component (AddParameter): Name = "Vr_V"; Value = ""; VariantName = "[No Variations]"
Add Component: Footprint Not Found SOIC127P600X175-9N
Added Component: Designator=R1(0402L)
Add component (AddParameter): Name = "Alternate Manufacturer"; Value = ""; VariantName = "[No Variations]"
Add component (AddParameter): Name = "Alternate PartNumber"; Value = ""; VariantName = "[No Variations]"
Add component (AddParameter): Name = "ComponentLink1Description"; Value = "Datasheet link"; VariantName = "[No Variations]"
Add component (AddParameter): Name = "ComponentLink1URL"; Value = "http://www.vishay.com/docs/20035/dcrcwe3.pdf"; VariantName = "[No Variations]"
Add component (AddParameter): Name = "CompType"; Value = "Resistor"; VariantName = "[No Variations]"
Add component (AddParameter): Name = "EIA_Code"; Value = "E96"; VariantName = "[No Variations]"
Add component (AddParameter): Name = "LatestRevisionDate"; Value = "2015-05-27"; VariantName = "[No Variations]"
Add component (AddParameter): Name = "Manufacturer"; Value = "Vishay-Dale"; VariantName = "[No Variations]"
Add component (AddParameter): Name = "MountType"; Value = "SMT"; VariantName = "[No Variations]"
Add component (AddParameter): Name = "PackageReference"; Value = "0402"; VariantName = "[No Variations]"
Add component (AddParameter): Name = "PartNumber"; Value = "CRCW04023K32FKED"; VariantName = "[No Variations]"
Add component (AddParameter): Name = "Power_W"; Value = "0.063"; VariantName = "[No Variations]"
Add component (AddParameter): Name = "Published"; Value = "2008-06-26"; VariantName = "[No Variations]"
Add component (AddParameter): Name = "Publisher"; Value = "Texas Instruments"; VariantName = "[No Variations]"
Add component (AddParameter): Name = "Res_ohm"; Value = "3320"; VariantName = "[No Variations]"
Add component (AddParameter): Name = "RoHS"; Value = "Y"; VariantName = "[No Variations]"
Add component (AddParameter): Name = "Supplier 1"; Value = "Digi-Key"; VariantName = "[No Variations]"
Add component (AddParameter): Name = "Supplier 2"; Value = "Mouser"; VariantName = "[No Variations]"
Add component (AddParameter): Name = "Supplier 3"; Value = "Farnell"; VariantName = "[No Variations]"
Add component (AddParameter): Name = "Supplier Part Number 1"; Value = "541-3.32KLCT-ND"; VariantName = "[No Variations]"
Add component (AddParameter): Name = "Supplier Part Number 2"; Value = "71-CRCW0402-3.32K-E3"; VariantName = "[No Variations]"
Add component (AddParameter): Name = "Supplier Part Number 3"; Value = "1652792"; VariantName = "[No Variations]"
Add component (AddParameter): Name = "SymbolVersion"; Value = "2009-05-29"; VariantName = "[No Variations]"
Add component (AddParameter): Name = "Technology"; Value = "Thick Film"; VariantName = "[No Variations]"
Add component (AddParameter): Name = "TempCo"; Value = "100 ppm/C"; VariantName = "[No Variations]"
Add component (AddParameter): Name = "Tolerance_%"; Value = "1"; VariantName = "[No Variations]"
Add component (AddParameter): Name = "U/M"; Value = "EA"; VariantName = "[No Variations]"
Add component (AddParameter): Name = "Value"; Value = "3.32k"; VariantName = "[No Variations]"
Add component (AddParameter): Name = "Value1"; Value = "1%"; VariantName = "[No Variations]"
Add component (AddParameter): Name = "Value2"; Value = "0.063W"; VariantName = "[No Variations]"
Add component (AddParameter): Name = "Value_Code"; Value = "3k32"; VariantName = "[No Variations]"
Add component (AddParameter): Name = "ValueDisplayed"; Value = "3.32k"; VariantName = "[No Variations]"
Add component (AddParameter): Name = "VDC_V"; Value = "50"; VariantName = "[No Variations]"
Added Component: Designator=R2(0402L)
Add component (AddParameter): Name = "Alternate Manufacturer"; Value = ""; VariantName = "[No Variations]"
Add component (AddParameter): Name = "Alternate PartNumber"; Value = ""; VariantName = "[No Variations]"
Add component (AddParameter): Name = "ComponentLink1Description"; Value = "Datasheet link"; VariantName = "[No Variations]"
Add component (AddParameter): Name = "ComponentLink1URL"; Value = "http://www.vishay.com/docs/20035/dcrcwe3.pdf"; VariantName = "[No Variations]"
Add component (AddParameter): Name = "CompType"; Value = "Resistor"; VariantName = "[No Variations]"
Add component (AddParameter): Name = "EIA_Code"; Value = "E96"; VariantName = "[No Variations]"
Add component (AddParameter): Name = "LatestRevisionDate"; Value = "2015-05-27"; VariantName = "[No Variations]"
Add component (AddParameter): Name = "Manufacturer"; Value = "Vishay-Dale"; VariantName = "[No Variations]"
Add component (AddParameter): Name = "MountType"; Value = "SMT"; VariantName = "[No Variations]"
Add component (AddParameter): Name = "PackageReference"; Value = "0402"; VariantName = "[No Variations]"
Add component (AddParameter): Name = "PartNumber"; Value = "CRCW04023K32FKED"; VariantName = "[No Variations]"
Add component (AddParameter): Name = "Power_W"; Value = "0.063"; VariantName = "[No Variations]"
Add component (AddParameter): Name = "Published"; Value = "2008-06-26"; VariantName = "[No Variations]"
Add component (AddParameter): Name = "Publisher"; Value = "Texas Instruments"; VariantName = "[No Variations]"
Add component (AddParameter): Name = "Res_ohm"; Value = "3320"; VariantName = "[No Variations]"
Add component (AddParameter): Name = "RoHS"; Value = "Y"; VariantName = "[No Variations]"
Add component (AddParameter): Name = "Supplier 1"; Value = "Digi-Key"; VariantName = "[No Variations]"
Add component (AddParameter): Name = "Supplier 2"; Value = "Mouser"; VariantName = "[No Variations]"
Add component (AddParameter): Name = "Supplier 3"; Value = "Farnell"; VariantName = "[No Variations]"
Add component (AddParameter): Name = "Supplier Part Number 1"; Value = "541-3.32KLCT-ND"; VariantName = "[No Variations]"
Add component (AddParameter): Name = "Supplier Part Number 2"; Value = "71-CRCW0402-3.32K-E3"; VariantName = "[No Variations]"
Add component (AddParameter): Name = "Supplier Part Number 3"; Value = "1652792"; VariantName = "[No Variations]"
Add component (AddParameter): Name = "SymbolVersion"; Value = "2009-05-29"; VariantName = "[No Variations]"
Add component (AddParameter): Name = "Technology"; Value = "Thick Film"; VariantName = "[No Variations]"
Add component (AddParameter): Name = "TempCo"; Value = "100 ppm/C"; VariantName = "[No Variations]"
Add component (AddParameter): Name = "Tolerance_%"; Value = "1"; VariantName = "[No Variations]"
Add component (AddParameter): Name = "U/M"; Value = "EA"; VariantName = "[No Variations]"
Add component (AddParameter): Name = "Value"; Value = "3.32k"; VariantName = "[No Variations]"
Add component (AddParameter): Name = "Value1"; Value = "1%"; VariantName = "[No Variations]"
Add component (AddParameter): Name = "Value2"; Value = "0.063W"; VariantName = "[No Variations]"
Add component (AddParameter): Name = "Value_Code"; Value = "3k32"; VariantName = "[No Variations]"
Add component (AddParameter): Name = "ValueDisplayed"; Value = "3.32k"; VariantName = "[No Variations]"
Add component (AddParameter): Name = "VDC_V"; Value = "50"; VariantName = "[No Variations]"
Added Component: Designator=R3(0402L)
Add component (AddParameter): Name = "Alternate Manufacturer"; Value = ""; VariantName = "[No Variations]"
Add component (AddParameter): Name = "Alternate PartNumber"; Value = ""; VariantName = "[No Variations]"
Add component (AddParameter): Name = "ComponentLink1Description"; Value = "Datasheet link"; VariantName = "[No Variations]"
Add component (AddParameter): Name = "ComponentLink1URL"; Value = "http://www.vishay.com/docs/20035/dcrcwe3.pdf"; VariantName = "[No Variations]"
Add component (AddParameter): Name = "CompType"; Value = "Resistor"; VariantName = "[No Variations]"
Add component (AddParameter): Name = "EIA_Code"; Value = "E96"; VariantName = "[No Variations]"
Add component (AddParameter): Name = "LatestRevisionDate"; Value = "2015-05-27"; VariantName = "[No Variations]"
Add component (AddParameter): Name = "Manufacturer"; Value = "Vishay-Dale"; VariantName = "[No Variations]"
Add component (AddParameter): Name = "MountType"; Value = "SMT"; VariantName = "[No Variations]"
Add component (AddParameter): Name = "PackageReference"; Value = "0402"; VariantName = "[No Variations]"
Add component (AddParameter): Name = "PartNumber"; Value = "CRCW04023K32FKED"; VariantName = "[No Variations]"
Add component (AddParameter): Name = "Power_W"; Value = "0.063"; VariantName = "[No Variations]"
Add component (AddParameter): Name = "Published"; Value = "2008-06-26"; VariantName = "[No Variations]"
Add component (AddParameter): Name = "Publisher"; Value = "Texas Instruments"; VariantName = "[No Variations]"
Add component (AddParameter): Name = "Res_ohm"; Value = "3320"; VariantName = "[No Variations]"
Add component (AddParameter): Name = "RoHS"; Value = "Y"; VariantName = "[No Variations]"
Add component (AddParameter): Name = "Supplier 1"; Value = "Digi-Key"; VariantName = "[No Variations]"
Add component (AddParameter): Name = "Supplier 2"; Value = "Mouser"; VariantName = "[No Variations]"
Add component (AddParameter): Name = "Supplier 3"; Value = "Farnell"; VariantName = "[No Variations]"
Add component (AddParameter): Name = "Supplier Part Number 1"; Value = "541-3.32KLCT-ND"; VariantName = "[No Variations]"
Add component (AddParameter): Name = "Supplier Part Number 2"; Value = "71-CRCW0402-3.32K-E3"; VariantName = "[No Variations]"
Add component (AddParameter): Name = "Supplier Part Number 3"; Value = "1652792"; VariantName = "[No Variations]"
Add component (AddParameter): Name = "SymbolVersion"; Value = "2009-05-29"; VariantName = "[No Variations]"
Add component (AddParameter): Name = "Technology"; Value = "Thick Film"; VariantName = "[No Variations]"
Add component (AddParameter): Name = "TempCo"; Value = "100 ppm/C"; VariantName = "[No Variations]"
Add component (AddParameter): Name = "Tolerance_%"; Value = "1"; VariantName = "[No Variations]"
Add component (AddParameter): Name = "U/M"; Value = "EA"; VariantName = "[No Variations]"
Add component (AddParameter): Name = "Value"; Value = "3.32k"; VariantName = "[No Variations]"
Add component (AddParameter): Name = "Value1"; Value = "1%"; VariantName = "[No Variations]"
Add component (AddParameter): Name = "Value2"; Value = "0.063W"; VariantName = "[No Variations]"
Add component (AddParameter): Name = "Value_Code"; Value = "3k32"; VariantName = "[No Variations]"
Add component (AddParameter): Name = "ValueDisplayed"; Value = "3.32k"; VariantName = "[No Variations]"
Add component (AddParameter): Name = "VDC_V"; Value = "50"; VariantName = "[No Variations]"
Added Pin To Net: NetName=B+ Pin=C2-1
Added Net: Name=B+
Added Pin To Net: NetName=GND Pin=C1-1
Added Pin To Net: NetName=GND Pin=R3-1
Added Net: Name=GND
Added Pin To Net: NetName=NetC2_2 Pin=C2-2
Added Net: Name=NetC2_2
Added Pin To Net: NetName=NetD1_1 Pin=D1-1
Added Pin To Net: NetName=NetD1_1 Pin=R1-1
Added Net: Name=NetD1_1
Added Pin To Net: NetName=NetD2_1 Pin=D2-1
Added Pin To Net: NetName=NetD2_1 Pin=R2-1
Added Net: Name=NetD2_1
Added Pin To Net: NetName=NetIC1_2 Pin=R3-2
Added Net: Name=NetIC1_2
Added Pin To Net: NetName=NetIC1_6 Pin=R2-2
Added Net: Name=NetIC1_6
Added Pin To Net: NetName=NetIC1_7 Pin=R1-2
Added Net: Name=NetIC1_7
Added Pin To Net: NetName=vin Pin=C1-2
Added Pin To Net: NetName=vin Pin=D1-2
Added Pin To Net: NetName=vin Pin=D2-2
Added Net: Name=vin
Added Class: Name=LT-CHARGE+
Added Room: Name=LT-CHARGE+
