Remove Pin=IC7-1 From Net=PYLORA_M0
Remove Pin=IC7-2 From Net=PYLORA_M1
Remove Pin=IC7-8 From Net=STM32H7_LSE_IN
Remove Pin=IC7-9 From Net=STM32H7_LSE_OUT
Remove Pin=IC7-23 From Net=STM32H7_HSE_IN
Remove Pin=IC7-24 From Net=STM32H7_HSE_OUT
Remove Pin=IC7-25 From Net=STM32H7_NRST
Remove Pin=IC7-27 From Net=RMII_MDC
Remove Pin=IC7-33 From Net=VDDA
Remove Pin=IC7-34 From Net=NL_PWR_CTR
Remove Pin=IC7-35 From Net=RMII_REF_CLK
Remove Pin=IC7-36 From Net=RMII_MDIO
Remove Pin=IC7-37 From Net=STM32H7_ADC3_IN6
Remove Pin=IC7-43 From Net=RMII_CRS_DV
Remove Pin=IC7-44 From Net=RMII_RX_D0
Remove Pin=IC7-45 From Net=RMII_RX_D1
Remove Pin=IC7-65 From Net=Ethernet_NRST
Remove Pin=IC7-70 From Net=RMII_TX_EN
Remove Pin=IC7-73 From Net=RMII_TX_D0
Remove Pin=IC7-74 From Net=RMII_TX_D1
Remove Pin=IC7-75 From Net=GPIO-LED_Prog
Remove Pin=IC7-101 From Net=STM32H7_VBUS
Remove Pin=IC7-103 From Net=USB_C1_N
Remove Pin=IC7-104 From Net=USB_C1_P
Remove Pin=IC7-105 From Net=STM32H7_SWDIO
Remove Pin=IC7-109 From Net=STM32H7_SWCLK
Remove Pin=IC7-110 From Net=NL_Status
Remove Pin=IC7-115 From Net=VREF_EN
Remove Pin=IC7-116 From Net=NL_RESET_SW
Remove Pin=IC7-117 From Net=NL_RTS
Remove Pin=IC7-118 From Net=NL_CTS
Remove Pin=IC7-119 From Net=NL_RX
Remove Pin=IC7-122 From Net=NL_TX
Remove Pin=IC7-126 From Net=NL_ON/OFF_SW
Remove Pin=IC7-135 From Net=FTDI_UART_TX
Remove Pin=IC7-136 From Net=FTDI_UART_RX
Remove Pin=IC7-141 From Net=PYLORA_TX
Remove Pin=IC7-142 From Net=PYLORA_RX
Remove Pin=J22-2 From Net=STM32H7_SWCLK
Remove Pin=J22-4 From Net=STM32H7_SWDIO
