Remove Pin=C85-1 From Net=GNSS_RF_IN
Remove Pin=D11-4 From Net=CHRG_N
Remove Pin=IC1-3 From Net=GNSS_TPULSE
Remove Pin=IC1-5 From Net=GNSS_USB_D_N
Remove Pin=IC1-6 From Net=GNSS_USB_D_P
Remove Pin=IC1-7 From Net=GNSS_USB_VDD
Remove Pin=IC1-9 From Net=GNSS_VCC_RF
Remove Pin=IC1-20 From Net=GNSS _UART_TX
Remove Pin=IC1-21 From Net=GNSS_UART_RX
Remove Pin=IC2-1 From Net=FPGA_SPI_FLASH_SS
Remove Pin=IC2-2 From Net=FPGA_SPI_MISO
Remove Pin=IC2-5 From Net=FPGA_SPI_MOSI
Remove Pin=IC2-6 From Net=FPGA_SPI_SCLK
Remove Pin=J2-1 From Net=NTJRST_F103
Remove Pin=J2-2 From Net=JTDO_F103
Remove Pin=J2-3 From Net=JTDI_F103
Remove Pin=J2-4 From Net=JTCK/SWCLK_F103
Remove Pin=J2-5 From Net=JTMS/SWDIO_F103
Remove Pin=J4-2 From Net=CH340USB_D_N
Remove Pin=J4-3 From Net=CH340USB_D_P
Remove Pin=J5-1 From Net=AIN0
Remove Pin=J5-2 From Net=AIN1
Remove Pin=J7-1 From Net=OUTB-
Remove Pin=J7-2 From Net=OUTB+
Remove Pin=J7-3 From Net=OUTA-
Remove Pin=J7-4 From Net=OUTA+
Remove Pin=J8-9 From Net=PD7
Remove Pin=J8-10 From Net=PD6
Remove Pin=J8-11 From Net=PD5
Remove Pin=J8-12 From Net=PD4
Remove Pin=J8-13 From Net=PD3
Remove Pin=J8-14 From Net=PD2
Remove Pin=J8-15 From Net=PD1
Remove Pin=J8-16 From Net=PD0
Remove Pin=J9-1 From Net=EXT_UART_RX
Remove Pin=J9-2 From Net=EXT_UART_TX
Remove Pin=J10-1 From Net=CAN_RX
Remove Pin=J10-2 From Net=CAN_TX
Remove Pin=J12-1 From Net=SH2_2
Remove Pin=J12-2 From Net=SH1_2
Remove Pin=J17-2 From Net=DSI1_D1_N
Remove Pin=J17-3 From Net=DSI1_D1_P
Remove Pin=J17-5 From Net=DSI1_CLK_N
Remove Pin=J17-6 From Net=DSI1_CLK_P
Remove Pin=J17-8 From Net=DSI1_D0_N
Remove Pin=J17-9 From Net=DSI1_D0_P
Remove Pin=J17-11 From Net=RAPI_I2C0_SCL
Remove Pin=J17-12 From Net=RAPI_I2C0_SDA
Remove Pin=J18-2 From Net=CAM1_D0_N
Remove Pin=J18-3 From Net=CAM1_D0_N
Remove Pin=J18-5 From Net=CAM1_D0_N
Remove Pin=J18-6 From Net=CAM1_D0_N
Remove Pin=J18-8 From Net=CAM1_CLK_N
Remove Pin=J18-9 From Net=CAM1_CLK_P
Remove Pin=J18-13 From Net=RAPI_I2C0_SCL
Remove Pin=J18-14 From Net=RAPI_I2C0_SDA
Remove Pin=NC1-2 From Net=ALT_INT
Remove Pin=NO1-2 From Net=ALT_INT
Remove Pin=R10-2 From Net=COL
Remove Pin=R11-2 From Net=CRS
Remove Pin=R16-2 From Net=AIN0
Remove Pin=R17-2 From Net=AIN1
Remove Pin=R30-1 From Net=AVDD_2
Remove Pin=R36-2 From Net=GNSS_VCC_RF
Remove Pin=R46-1 From Net=RAPI_UART1_RX
Remove Pin=R46-2 From Net=GNSS _UART_TX
Remove Pin=R47-1 From Net=GNSS_UART_RX
Remove Pin=R47-2 From Net=RAPI_UART1_TX
Remove Pin=R52-2 From Net=ACCEL_INT
Remove Pin=R64-2 From Net=INPUT1
Remove Pin=R66-2 From Net=INPUT2
Remove Pin=R68-2 From Net=INPUT3
Remove Pin=R74-1 From Net=RAPI_SDX_D2
Remove Pin=R75-1 From Net=RAPI_SDX_D3
Remove Pin=R76-1 From Net=RAPI_SDX_CMD
Remove Pin=R77-1 From Net=RAPI_SDX_CLK
Remove Pin=R78-1 From Net=RAPI_SDX_D0
Remove Pin=R79-1 From Net=RAPI_SDX_D1
Remove Pin=R83-2 From Net=USB_P
Remove Pin=R84-2 From Net=USB_N
Remove Pin=R87-1 From Net=LEDR
Remove Pin=R88-1 From Net=LEDB
Remove Pin=R89-1 From Net=LEDG
Remove Pin=R?-2 From Net=INPUT3
Remove Pin=U1-7 From Net=NRST
Remove Pin=U1-34 From Net=JTMS/SWDIO_F103
Remove Pin=U1-37 From Net=JTCK/SWCLK_F103
Remove Pin=U1-38 From Net=JTDI_F103
Remove Pin=U1-39 From Net=JTDO_F103
Remove Pin=U1-40 From Net=NTJRST_F103
Remove Pin=U2-4 From Net=RD_N
Remove Pin=U2-5 From Net=RD_P
Remove Pin=U2-6 From Net=TD_N
Remove Pin=U2-7 From Net=TD_P
Remove Pin=U3-5 From Net=CH340USB_D_P
Remove Pin=U3-6 From Net=CH340USB_D_N
Remove Pin=U5-4 From Net=OUTA+
Remove Pin=U5-6 From Net=OUTA-
Remove Pin=U5-7 From Net=OUTB+
Remove Pin=U5-9 From Net=OUTB-
Remove Pin=U7A-68 From Net=EXT_UART_TX
Remove Pin=U7A-69 From Net=EXT_UART_RX
Remove Pin=U7A-70 From Net=CAN_RX
Remove Pin=U7A-71 From Net=CAN_TX
Remove Pin=U7A-81 From Net=PD0
Remove Pin=U7A-82 From Net=PD1
Remove Pin=U7A-83 From Net=PD2
Remove Pin=U7A-84 From Net=PD3
Remove Pin=U7A-85 From Net=PD4
Remove Pin=U7A-86 From Net=PD5
Remove Pin=U7A-87 From Net=PD6
Remove Pin=U7A-88 From Net=PD7
Remove Pin=U10-17 From Net=GH1_2
Remove Pin=U10-18 From Net=SH1_2
Remove Pin=U10-19 From Net=GL1_2
Remove Pin=U10-21 From Net=SP_2
Remove Pin=U10-22 From Net=GL2_2
Remove Pin=U10-23 From Net=SH2_2
Remove Pin=U10-24 From Net=GH2_2
Remove Pin=U11-2 From Net=SENSE_I2C_SCL
Remove Pin=U11-3 From Net=SENSE_I2C_SDA
Remove Pin=U12-13 From Net=SENSE_I2C_SDA
Remove Pin=U12-14 From Net=SENSE_I2C_SCL
Remove Pin=U13-3 From Net=SENSE_I2C_SDA
Remove Pin=U13-4 From Net=SENSE_I2C_SCL
Remove Pin=U14-4 From Net=SENSE_I2C_SCL
Remove Pin=U14-6 From Net=SENSE_I2C_SDA
Remove Pin=U16-9 From Net=CHRG_N
Remove Pin=U26-5 From Net=GPIO0_BOOT
Remove Pin=U26-6 From Net=GPIO1
Remove Pin=U26-7 From Net=GPIO2
Remove Pin=U26-8 From Net=LEDR
Remove Pin=U26-9 From Net=LEDG
Remove Pin=U26-10 From Net=LEDB
Remove Pin=U26-13 From Net=GPIO8
Remove Pin=U26-14 From Net=GPIO9
Remove Pin=U26-15 From Net=GPIO10
Remove Pin=U26-16 From Net=GPIO11
Remove Pin=U26-17 From Net=GPIO12
Remove Pin=U26-18 From Net=GPIO13
Remove Pin=U26-23 From Net=DAC_1
Remove Pin=U26-24 From Net=DAC_2
Remove Pin=U26-25 From Net=USB_N
Remove Pin=U26-26 From Net=USB_P
Remove Pin=U26-28 From Net=CH1_G
Remove Pin=U26-30 From Net=VDD_SPI
Remove Pin=U26-31 From Net=SPI_HOLD/DQ3
Remove Pin=U26-32 From Net=SPI_WP/DQ2
Remove Pin=U26-33 From Net=SPI_CS
Remove Pin=U26-34 From Net=SPI_CLK
Remove Pin=U26-35 From Net=SPI_CIPO/DQ1
Remove Pin=U26-36 From Net=SPI_COPI/DQ0
Remove Pin=U26-37 From Net=CH2_G
Remove Pin=U26-38 From Net=CH3_G
Remove Pin=U26-39 From Net=CH4_G
Remove Pin=U26-40 From Net=GPIO36
Remove Pin=U26-41 From Net=GPIO37
Remove Pin=U26-42 From Net=GPIO38
Remove Pin=U26-48 From Net=U0TXD
Remove Pin=U26-49 From Net=U0RXD
Remove Pin=U26-50 From Net=GPIO45
Remove Pin=U26-55 From Net=GPIO46
