Add Component: Footprint Not Found B3U-3000P
Add Component: Footprint Not Found ACAP_P305_D393_H393_RAD
Add Component: Footprint Not Found Cap 0402 HD
Add Component: Footprint Not Found Cap 0402 HD
Add Component: Footprint Not Found Cap 0402 HD
Add Component: Footprint Not Found Cap 0402 HD
Add Component: Footprint Not Found Cap 0402 HD
Add Component: Footprint Not Found Cap 0402 HD
Add Component: Footprint Not Found Cap 1210
Add Component: Footprint Not Found Cap 1210
Add Component: Footprint Not Found Cap 0402 HD
Add Component: Footprint Not Found Cap 0402 HD
Add Component: Footprint Not Found Cap 0402 HD
Add Component: Footprint Not Found Cap 0402 HD
Add Component: Footprint Not Found Cap 0402 HD
Add Component: Footprint Not Found LED_4Pin_4213_RA_3215
Add Component: Footprint Not Found LED_0606_RGB_WURTH
Add Component: Footprint Not Found SOT23
Add Component: Footprint Not Found SOT23
Add Component: Footprint Not Found Fuse 1206
Add Component: Footprint Not Found LMZ20501SILR_DC-DC_8-SMD
Add Component: Footprint Not Found TE 282834-3
Add Component: Footprint Not Found HDR-0.1P-3Pin-1Row-SMT
Add Component: Footprint Not Found MH_7.4MMC_3.2MMD
Add Component: Footprint Not Found MH_7.4MMC_3.2MMD
Add Component: Footprint Not Found MH_7.4MMC_3.2MMD
Add Component: Footprint Not Found MH_7.4MM_3.2MMD_NON_COPPER_NPTH
Add Component: Footprint Not Found RES 0402 HD
Add Component: Footprint Not Found RES 0402 HD
Add Component: Footprint Not Found RES 0402 HD
Add Component: Footprint Not Found RES 0402 HD
Add Component: Footprint Not Found RES 0402 HD
Add Component: Footprint Not Found RES 0402 HD
Add Component: Footprint Not Found RES 0402 HD
Add Component: Footprint Not Found RES 0402 HD
Add Component: Footprint Not Found RES 0402 HD
Add Component: Footprint Not Found RES 0402 HD
Add Component: Footprint Not Found RES 0201 HD
Add Component: Footprint Not Found EG1224
Add Component: Footprint Not Found TP_PAD_1p5MM
Add Component: Footprint Not Found E22-900M22S
Add Pin To Net: Unknown Pin: Pin BTN?-1
Add Pin To Net: Unknown Pin: Pin BTN?-2
Add Pin To Net: Unknown Pin: Pin C45-1
Add Pin To Net: Unknown Pin: Pin C45-2
Add Pin To Net: Unknown Pin: Pin C74-1
Add Pin To Net: Unknown Pin: Pin C74-2
Add Pin To Net: Unknown Pin: Pin C77-1
Add Pin To Net: Unknown Pin: Pin C77-2
Add Pin To Net: Unknown Pin: Pin C78-1
Add Pin To Net: Unknown Pin: Pin C78-2
Add Pin To Net: Unknown Pin: Pin C79-1
Add Pin To Net: Unknown Pin: Pin C79-2
Add Pin To Net: Unknown Pin: Pin C80-1
Add Pin To Net: Unknown Pin: Pin C80-2
Add Pin To Net: Unknown Pin: Pin C81-1
Add Pin To Net: Unknown Pin: Pin C81-2
Add Pin To Net: Unknown Pin: Pin C82-1
Add Pin To Net: Unknown Pin: Pin C82-2
Add Pin To Net: Unknown Pin: Pin C83-1
Add Pin To Net: Unknown Pin: Pin C83-2
Add Pin To Net: Unknown Pin: Pin C84-1
Add Pin To Net: Unknown Pin: Pin C84-2
Add Pin To Net: Unknown Pin: Pin C85-1
Add Pin To Net: Unknown Pin: Pin C85-2
Add Pin To Net: Unknown Pin: Pin C86-1
Add Pin To Net: Unknown Pin: Pin C86-2
Add Pin To Net: Unknown Pin: Pin C87-1
Add Pin To Net: Unknown Pin: Pin C87-2
Add Pin To Net: Unknown Pin: Pin C88-1
Add Pin To Net: Unknown Pin: Pin C88-2
Add Pin To Net: Unknown Pin: Pin D7-1
Add Pin To Net: Unknown Pin: Pin D7-2
Add Pin To Net: Unknown Pin: Pin D7-3
Add Pin To Net: Unknown Pin: Pin D10-A
Add Pin To Net: Unknown Pin: Pin D10-BK
Add Pin To Net: Unknown Pin: Pin D10-GK
Add Pin To Net: Unknown Pin: Pin D10-RK
Add Pin To Net: Unknown Pin: Pin D12-1
Add Pin To Net: Unknown Pin: Pin D12-2
Add Pin To Net: Unknown Pin: Pin D12-3
Add Pin To Net: Unknown Pin: Pin D-1
Add Pin To Net: Unknown Pin: Pin D-2
Add Pin To Net: Unknown Pin: Pin D-3
Add Pin To Net: Unknown Pin: Pin F1-1
Add Pin To Net: Unknown Pin: Pin F1-2
Add Pin To Net: Unknown Pin: Pin IC2-2
Add Pin To Net: Unknown Pin: Pin IC2-3
Add Pin To Net: Unknown Pin: Pin IC2-4
Add Pin To Net: Unknown Pin: Pin IC2-5
Add Pin To Net: Unknown Pin: Pin IC2-6
Add Pin To Net: Unknown Pin: Pin IC2-8
Add Pin To Net: Unknown Pin: Pin IC2-PAD
Add Pin To Net: Unknown Pin: Pin J8-1
Add Pin To Net: Unknown Pin: Pin J8-2
Add Pin To Net: Unknown Pin: Pin J8-3
Add Pin To Net: Unknown Pin: Pin J12-1
Add Pin To Net: Unknown Pin: Pin J12-2
Add Pin To Net: Unknown Pin: Pin J12-3
Add Pin To Net: Unknown Pin: Pin MH1-1
Add Pin To Net: Unknown Pin: Pin MH2-1
Add Pin To Net: Unknown Pin: Pin R54-1
Add Pin To Net: Unknown Pin: Pin R54-2
Add Pin To Net: Unknown Pin: Pin R55-1
Add Pin To Net: Unknown Pin: Pin R55-2
Add Pin To Net: Unknown Pin: Pin R56-1
Add Pin To Net: Unknown Pin: Pin R56-2
Add Pin To Net: Unknown Pin: Pin R57-1
Add Pin To Net: Unknown Pin: Pin R57-2
Add Pin To Net: Unknown Pin: Pin R58-1
Add Pin To Net: Unknown Pin: Pin R58-2
Add Pin To Net: Unknown Pin: Pin R59-1
Add Pin To Net: Unknown Pin: Pin R59-2
Add Pin To Net: Unknown Pin: Pin R60-1
Add Pin To Net: Unknown Pin: Pin R60-2
Add Pin To Net: Unknown Pin: Pin R61-1
Add Pin To Net: Unknown Pin: Pin R61-2
Add Pin To Net: Unknown Pin: Pin R62-1
Add Pin To Net: Unknown Pin: Pin R62-2
Add Pin To Net: Unknown Pin: Pin R63-1
Add Pin To Net: Unknown Pin: Pin R63-2
Add Pin To Net: Unknown Pin: Pin RT1-1
Add Pin To Net: Unknown Pin: Pin RT1-2
Add Pin To Net: Unknown Pin: Pin SW1-1
Add Pin To Net: Unknown Pin: Pin SW1-2
Add Pin To Net: Unknown Pin: Pin SW1-4
Add Pin To Net: Unknown Pin: Pin TP1-1
Add Pin To Net: Unknown Pin: Pin U15-2
Add Pin To Net: Unknown Pin: Pin U16-2
Add Pin To Net: Unknown Pin: Pin U17-2
Add Pin To Net: Unknown Pin: Pin U18-2
Add Pin To Net: Unknown Pin: Pin U?-1
Add Pin To Net: Unknown Pin: Pin U?-2
Add Pin To Net: Unknown Pin: Pin U?-3
Add Pin To Net: Unknown Pin: Pin U?-4
Add Pin To Net: Unknown Pin: Pin U?-5
Add Pin To Net: Unknown Pin: Pin U?-6
Add Pin To Net: Unknown Pin: Pin U?-7
Add Pin To Net: Unknown Pin: Pin U?-8
Add Pin To Net: Unknown Pin: Pin U?-9
Add Pin To Net: Unknown Pin: Pin U?-10
Add Pin To Net: Unknown Pin: Pin U?-11
Add Pin To Net: Unknown Pin: Pin U?-12
Add Pin To Net: Unknown Pin: Pin U?-14
Add Pin To Net: Unknown Pin: Pin U?-15
Add Pin To Net: Unknown Pin: Pin U?-16
Add Pin To Net: Unknown Pin: Pin U?-17
Add Pin To Net: Unknown Pin: Pin U?-18
Add Pin To Net: Unknown Pin: Pin U?-19
Add Pin To Net: Unknown Pin: Pin U?-20
Add Pin To Net: Unknown Pin: Pin U?-22
Add Differential Pair: Number of nets in differential pair NetIC4_5 is 1 instead of 2
Add Differential Pair: Number of nets in differential pair NetIC4_6 is 1 instead of 2
Add Differential Pair: Number of nets in differential pair NetU20_25 is 1 instead of 2
Add Differential Pair: Number of nets in differential pair NetU20_26 is 1 instead of 2
Add Class Member: Failed to add class member : Component BTN? 135-00006
Add Class Member: Failed to add class member : Component C45 100uF
Add Class Member: Failed to add class member : Component C74 120-000720.47uF
Add Class Member: Failed to add class member : Component C77 120-000204.7uF
Add Class Member: Failed to add class member : Component C78 120-000204.7uF
Add Class Member: Failed to add class member : Component C79 120-000204.7uF
Add Class Member: Failed to add class member : Component C80 120-0004768pF
Add Class Member: Failed to add class member : Component C81 120-0004768pF
Add Class Member: Failed to add class member : Component C82 120-00223100µF
Add Class Member: Failed to add class member : Component C83 120-00223100µF
Add Class Member: Failed to add class member : Component C84 120-000204.7uF
Add Class Member: Failed to add class member : Component C85 120-0004118pF
Add Class Member: Failed to add class member : Component C86 120-000160.1uF
Add Class Member: Failed to add class member : Component C87 120-0004768pF
Add Class Member: Failed to add class member : Component C88 120-000720.47uF
Add Class Member: Failed to add class member : Component D7 115-00013
Add Class Member: Failed to add class member : Component D10 RGB
Add Class Member: Failed to add class member : Component D12 BAV199
Add Class Member: Failed to add class member : Component D BAV199
Add Class Member: Failed to add class member : Component F1 190-00005
Add Class Member: Failed to add class member : Component IC2 LMZ20501SILR
Add Class Member: Failed to add class member : Component J8 282834-3
Add Class Member: Failed to add class member : Component J12 130-00105
Add Class Member: Failed to add class member : Component MH1 MH_7.4MMC_3.2MMD
Add Class Member: Failed to add class member : Component MH2 MH_7.4MMC_3.2MMD
Add Class Member: Failed to add class member : Component MH3 MH_7.4MMC_3.2MMD
Add Class Member: Failed to add class member : Component MH4 MH_7.4MMNC_3.2MMD
Add Class Member: Failed to add class member : Component R54 180-000541M
Add Class Member: Failed to add class member : Component R55 180-0002410k
Add Class Member: Failed to add class member : Component R56 180-0002410k
Add Class Member: Failed to add class member : Component R57 180-000211k
Add Class Member: Failed to add class member : Component R58 180-00093100K
Add Class Member: Failed to add class member : Component R59 180-000211k
Add Class Member: Failed to add class member : Component R60 180-0002410k
Add Class Member: Failed to add class member : Component R61 180-00031499R
Add Class Member: Failed to add class member : Component R62 180-00098220R
Add Class Member: Failed to add class member : Component R63 180-000541M
Add Class Member: Failed to add class member : Component RT1 Res Thermal
Add Class Member: Failed to add class member : Component SW1 137-00002
Add Class Member: Failed to add class member : Component TP1 TESTPOINT_PAD
Add Class Member: Failed to add class member : Component U? E22-900M22S
