Change Component Designator: Old Designator=C112 New Designator=C?
Change Component Designator: Old Designator=C113 New Designator=C?
Change Component Designator: Old Designator=C114 New Designator=C?
Change Component Designator: Old Designator=C115 New Designator=C?
Change Component Designator: Old Designator=C116 New Designator=C?
Change Component Designator: Old Designator=C117 New Designator=C?
Change Component Designator: Old Designator=D23 New Designator=D?
Change Component Designator: Old Designator=D24 New Designator=D?
Change Component Designator: Old Designator=D25 New Designator=D?
Change Component Designator: Old Designator=D26 New Designator=D?
Change Component Designator: Old Designator=FR5 New Designator=FR?
Change Component Designator: Old Designator=FR6 New Designator=FR?
Change Component Designator: Old Designator=J17 New Designator=J?
Change Component Designator: Old Designator=J18 New Designator=J?
Change Component Designator: Old Designator=J19 New Designator=J?
Change Component Designator: Old Designator=J20 New Designator=J?
Change Component Designator: Old Designator=J21 New Designator=J?
Change Component Designator: Old Designator=R97 New Designator=R?
Change Component Designator: Old Designator=R98 New Designator=R?
Change Component Designator: Old Designator=R99 New Designator=R?
Change Component Designator: Old Designator=R100 New Designator=R?
Change Component Designator: Old Designator=R101 New Designator=R?
Change Component Designator: Old Designator=R102 New Designator=R?
Change Component Designator: Old Designator=R103 New Designator=R?
Change Component Designator: Old Designator=R104 New Designator=R?
Change Component Designator: Old Designator=R105 New Designator=R?
Change Component Designator: Old Designator=R106 New Designator=R?
Change Component Designator: Old Designator=R107 New Designator=R?
Change Component Designator: Old Designator=R108 New Designator=R?
Change Component Designator: Old Designator=U19 New Designator=U?
Change Component Designator: Old Designator=U19 New Designator=U?
