Change Component Designator: Old Designator=C3 New Designator=C116
Change Component Designator: Old Designator=C4 New Designator=C117
Change Component Designator: Old Designator=C5 New Designator=C118
Change Component Designator: Old Designator=C6 New Designator=C119
Change Component Designator: Old Designator=C7 New Designator=C120
Change Component Designator: Old Designator=C8 New Designator=C121
Change Component Designator: Old Designator=D11 New Designator=D12
Change Component Designator: Old Designator=D12 New Designator=D13
Change Component Designator: Old Designator=D13 New Designator=D14
Change Component Designator: Old Designator=D New Designator=D11
Change Component Designator: Old Designator=J2 New Designator=J16
Change Component Designator: Old Designator=J4 New Designator=J17
Change Component Designator: Old Designator=J6 New Designator=J18
Change Component Designator: Old Designator=J7 New Designator=J19
Change Component Designator: Old Designator=R19 New Designator=R97
Change Component Designator: Old Designator=R20 New Designator=R98
Change Component Designator: Old Designator=R95 New Designator=R99
Change Component Designator: Old Designator=R96 New Designator=R100
Change Component Designator: Old Designator=R97 New Designator=R101
Change Component Designator: Old Designator=R98 New Designator=R102
Change Component Designator: Old Designator=R99 New Designator=R103
Change Component Designator: Old Designator=R100 New Designator=R104
Change Component Designator: Old Designator=R101 New Designator=R105
Change Component Designator: Old Designator=R102 New Designator=R106
Change Component Designator: Old Designator=R103 New Designator=R107
Change Component Designator: Old Designator=R104 New Designator=R108
Change Component Designator: Old Designator=U5 New Designator=U19
Change Component Designator: Old Designator=U5 New Designator=U19
