Change Component Designator: Old Designator=A1 New Designator=A?
Change Component Designator: Old Designator=C72 New Designator=C?
Change Component Designator: Old Designator=C73 New Designator=C?
Change Component Designator: Old Designator=C74 New Designator=C?
Change Component Designator: Old Designator=C75 New Designator=C?
Change Component Designator: Old Designator=C76 New Designator=C?
Change Component Designator: Old Designator=C77 New Designator=C?
Change Component Designator: Old Designator=C78 New Designator=C?
Change Component Designator: Old Designator=C79 New Designator=C?
Change Component Designator: Old Designator=C80 New Designator=C?
Change Component Designator: Old Designator=C81 New Designator=C?
Change Component Designator: Old Designator=C82 New Designator=C?
Change Component Designator: Old Designator=C83 New Designator=C?
Change Component Designator: Old Designator=C84 New Designator=C?
Change Component Designator: Old Designator=C85 New Designator=C?
Change Component Designator: Old Designator=D20 New Designator=D?
Change Component Designator: Old Designator=D21 New Designator=D?
Change Component Designator: Old Designator=D22 New Designator=D?
Change Component Designator: Old Designator=J15 New Designator=J?
Change Component Designator: Old Designator=L2 New Designator=L?
Change Component Designator: Old Designator=L3 New Designator=L?
Change Component Designator: Old Designator=R79 New Designator=R?
Change Component Designator: Old Designator=R80 New Designator=R?
Change Component Designator: Old Designator=R81 New Designator=R?
Change Component Designator: Old Designator=R82 New Designator=R?
Change Component Designator: Old Designator=R83 New Designator=R?
Change Component Designator: Old Designator=R84 New Designator=R?
Change Component Designator: Old Designator=R85 New Designator=R?
Change Component Designator: Old Designator=R86 New Designator=R?
Change Component Designator: Old Designator=R87 New Designator=R?
Change Component Designator: Old Designator=R88 New Designator=R?
Change Component Designator: Old Designator=R89 New Designator=R?
Change Component Designator: Old Designator=R90 New Designator=R?
Change Component Designator: Old Designator=U16 New Designator=U?
Change Component Designator: Old Designator=U17 New Designator=U?
Change Component Designator: Old Designator=Y2 New Designator=Y?
