Change Component Designator: Old Designator=C? New Designator=C152
Change Component Designator: Old Designator=C? New Designator=C153
Change Component Designator: Old Designator=C? New Designator=C154
Change Component Designator: Old Designator=C? New Designator=C155
Change Component Designator: Old Designator=C? New Designator=C156
Change Component Designator: Old Designator=C? New Designator=C157
Change Component Designator: Old Designator=C? New Designator=C158
Change Component Designator: Old Designator=C? New Designator=C159
Change Component Designator: Old Designator=C? New Designator=C160
Change Component Designator: Old Designator=C? New Designator=C161
Change Component Designator: Old Designator=C? New Designator=C162
Change Component Designator: Old Designator=C? New Designator=C163
Change Component Designator: Old Designator=C? New Designator=C164
Change Component Designator: Old Designator=C? New Designator=C165
Change Component Designator: Old Designator=C? New Designator=C166
Change Component Designator: Old Designator=C? New Designator=C167
Change Component Designator: Old Designator=C? New Designator=C168
Change Component Designator: Old Designator=C? New Designator=C169
Change Component Designator: Old Designator=C? New Designator=C170
Change Component Designator: Old Designator=C? New Designator=C171
Change Component Designator: Old Designator=C? New Designator=C172
Change Component Designator: Old Designator=C? New Designator=C173
Change Component Designator: Old Designator=C? New Designator=C174
Change Component Designator: Old Designator=C? New Designator=C175
Change Component Designator: Old Designator=FB? New Designator=FB5
Change Component Designator: Old Designator=IC? New Designator=IC7
Change Component Designator: Old Designator=J? New Designator=J24
Change Component Designator: Old Designator=R? New Designator=R97
Change Component Designator: Old Designator=R? New Designator=R98
Change Component Designator: Old Designator=R? New Designator=R99
Change Component Designator: Old Designator=SW? New Designator=SW2
Change Component Designator: Old Designator=Y? New Designator=Y3
Change Component Designator: Old Designator=Y? New Designator=Y4
