Add Component: Footprint Not Found B3U-3000P
Add Component: Footprint Not Found Cap 0402 HD
Add Component: Footprint Not Found Cap 0402 HD
Add Component: Footprint Not Found Cap 0402 HD
Add Component: Footprint Not Found Cap 0402 HD
Add Component: Footprint Not Found Cap 0402 HD
Add Component: Footprint Not Found Cap 0402 HD
Add Component: Footprint Not Found Cap 0402 HD
Add Component: Footprint Not Found Cap 0402 HD
Add Component: Footprint Not Found Cap 0402 HD
Add Component: Footprint Not Found Cap 0402 HD
Add Component: Footprint Not Found Cap 0402 HD
Add Component: Footprint Not Found Cap 0402 HD
Add Component: Footprint Not Found Cap 0402 HD
Add Component: Footprint Not Found Cap 0402 HD
Add Component: Footprint Not Found Cap 0402 HD
Add Component: Footprint Not Found Cap 0402 HD
Add Component: Footprint Not Found Cap 0402 HD
Add Component: Footprint Not Found Cap 1210
Add Component: Footprint Not Found Cap 1210
Add Component: Footprint Not Found Cap 0402 HD
Add Component: Footprint Not Found Cap 0402 HD
Add Component: Footprint Not Found Cap 0402 HD
Add Component: Footprint Not Found Cap 0402 HD
Add Component: Footprint Not Found Cap 0402 HD
Add Component: Footprint Not Found Cap 0402 HD
Add Component: Footprint Not Found Cap 0402 HD
Add Component: Footprint Not Found Cap 0402 HD
Add Component: Footprint Not Found Cap 0402 HD
Add Component: Footprint Not Found c0603
Add Component: Footprint Not Found c0603
Add Component: Footprint Not Found c0603
Add Component: Footprint Not Found c0603
Add Component: Footprint Not Found c0603
Add Component: Footprint Not Found c0603
Add Component: Footprint Not Found c0603
Add Component: Footprint Not Found c0603
Add Component: Footprint Not Found c0603
Add Component: Footprint Not Found C0603
Add Component: Footprint Not Found C0603
Add Component: Footprint Not Found LED_4Pin_4213_RA_3215
Add Component: Footprint Not Found LED_0606_RGB_WURTH
Add Component: Footprint Not Found DIO_LXES11D_SMD
Add Component: Footprint Not Found DIO_LXES11D_SMD
Add Component: Footprint Not Found Fuse 1206
Add Component: Footprint Not Found HDR-0.1P-3Pin-1Row-SMT
Add Component: Footprint Not Found CON4_614004134726_TH
Add Component: Footprint Not Found CON4_614004134726_TH
Add Component: Footprint Not Found Soket_Siyah_Yakup_4_Pin
Add Component: Footprint Not Found RES 0402 HD
Add Component: Footprint Not Found RES 0402 HD
Add Component: Footprint Not Found RES 0402 HD
Add Component: Footprint Not Found RES 0402 HD
Add Component: Footprint Not Found RES 0402 HD
Add Component: Footprint Not Found RES 0402 HD
Add Component: Footprint Not Found RES 0402 HD
Add Component: Footprint Not Found RES 0402 HD
Add Component: Footprint Not Found RES 0402 HD
Add Component: Footprint Not Found RES 0402 HD
Add Component: Footprint Not Found RES 0402 HD
Add Component: Footprint Not Found RES 0402 HD
Add Component: Footprint Not Found RES 0402 HD
Add Component: Footprint Not Found RES 0402 HD
Add Component: Footprint Not Found RES 0402 HD
Add Component: Footprint Not Found C0603
Add Component: Footprint Not Found C0603
Add Component: Footprint Not Found C0603
Add Component: Footprint Not Found C0603
Add Component: Footprint Not Found C0603
Added Component: Designator=R68(0603L)
Add component (AddParameter): Name = "Digi-Key Part Number"; Value = "1276-3484-1-ND"; VariantName = "[No Variations]"
Add component (AddParameter): Name = "LatestRevisionDate"; Value = "29-May-2009"; VariantName = "[No Variations]"
Add component (AddParameter): Name = "LatestRevisionNote"; Value = "IPC-7351 Footprint Added."; VariantName = "[No Variations]"
Add component (AddParameter): Name = "Manufacturer Part Number"; Value = "RC1608F102CS"; VariantName = "[No Variations]"
Add component (AddParameter): Name = "PackageDescription"; Value = "Chip Resistor"; VariantName = "[No Variations]"
Add component (AddParameter): Name = "PackageReference"; Value = "J1-0603"; VariantName = "[No Variations]"
Add component (AddParameter): Name = "Published"; Value = "8-Jun-2000"; VariantName = "[No Variations]"
Add component (AddParameter): Name = "Publisher"; Value = "Altium Limited"; VariantName = "[No Variations]"
Add component (AddParameter): Name = "Value"; Value = "1K"; VariantName = "[No Variations]"
Add Component: Footprint Not Found c0603
Add Component: Footprint Not Found C0603
Add Component: Footprint Not Found C0603
Add Component: Footprint Not Found RES_0603
Add Component: Footprint Not Found RES_0603
Add Component: Footprint Not Found RES 0201 HD
Add Component: Footprint Not Found EG1224
Add Component: Footprint Not Found DFN0.65P-8Pin
Add Component: Footprint Not Found DFN0.95P-6Pin_W-Pad
Add Component: Footprint Not Found TLP181
Add Component: Footprint Not Found LMR14203
Add Component: Footprint Not Found TLP181
Add Component: Footprint Not Found LMR14203
Add Component: Footprint Not Found TLP181
Add Component: Footprint Not Found TSSOP16_N
Add Component: Footprint Not Found TSSOP8
Add Pin To Net: Unknown Pin: Pin BTN?-1
Add Pin To Net: Unknown Pin: Pin BTN?-2
Add Pin To Net: Unknown Pin: Pin C90-1
Add Pin To Net: Unknown Pin: Pin C90-2
Add Pin To Net: Unknown Pin: Pin C91-1
Add Pin To Net: Unknown Pin: Pin C91-2
Add Pin To Net: Unknown Pin: Pin C92-1
Add Pin To Net: Unknown Pin: Pin C92-2
Add Pin To Net: Unknown Pin: Pin C93-1
Add Pin To Net: Unknown Pin: Pin C93-2
Add Pin To Net: Unknown Pin: Pin C94-1
Add Pin To Net: Unknown Pin: Pin C94-2
Add Pin To Net: Unknown Pin: Pin C95-1
Add Pin To Net: Unknown Pin: Pin C95-2
Add Pin To Net: Unknown Pin: Pin C96-1
Add Pin To Net: Unknown Pin: Pin C96-2
Add Pin To Net: Unknown Pin: Pin C97-1
Add Pin To Net: Unknown Pin: Pin C97-2
Add Pin To Net: Unknown Pin: Pin C98-1
Add Pin To Net: Unknown Pin: Pin C98-2
Add Pin To Net: Unknown Pin: Pin C99-1
Add Pin To Net: Unknown Pin: Pin C99-2
Add Pin To Net: Unknown Pin: Pin C100-1
Add Pin To Net: Unknown Pin: Pin C100-2
Add Pin To Net: Unknown Pin: Pin C101-1
Add Pin To Net: Unknown Pin: Pin C101-2
Add Pin To Net: Unknown Pin: Pin C102-1
Add Pin To Net: Unknown Pin: Pin C102-2
Add Pin To Net: Unknown Pin: Pin C103-1
Add Pin To Net: Unknown Pin: Pin C103-2
Add Pin To Net: Unknown Pin: Pin C104-1
Add Pin To Net: Unknown Pin: Pin C104-2
Add Pin To Net: Unknown Pin: Pin C105-1
Add Pin To Net: Unknown Pin: Pin C105-2
Add Pin To Net: Unknown Pin: Pin C106-1
Add Pin To Net: Unknown Pin: Pin C106-2
Add Pin To Net: Unknown Pin: Pin C107-1
Add Pin To Net: Unknown Pin: Pin C107-2
Add Pin To Net: Unknown Pin: Pin C108-1
Add Pin To Net: Unknown Pin: Pin C108-2
Add Pin To Net: Unknown Pin: Pin C109-1
Add Pin To Net: Unknown Pin: Pin C109-2
Add Pin To Net: Unknown Pin: Pin C110-1
Add Pin To Net: Unknown Pin: Pin C110-2
Add Pin To Net: Unknown Pin: Pin C111-1
Add Pin To Net: Unknown Pin: Pin C111-2
Add Pin To Net: Unknown Pin: Pin C112-1
Add Pin To Net: Unknown Pin: Pin C112-2
Add Pin To Net: Unknown Pin: Pin C113-1
Add Pin To Net: Unknown Pin: Pin C113-2
Add Pin To Net: Unknown Pin: Pin C114-1
Add Pin To Net: Unknown Pin: Pin C114-2
Add Pin To Net: Unknown Pin: Pin C115-1
Add Pin To Net: Unknown Pin: Pin C115-2
Add Pin To Net: Unknown Pin: Pin C116-1
Add Pin To Net: Unknown Pin: Pin C116-2
Add Pin To Net: Unknown Pin: Pin C117-1
Add Pin To Net: Unknown Pin: Pin C117-2
Add Pin To Net: Unknown Pin: Pin C118-1
Add Pin To Net: Unknown Pin: Pin C118-2
Add Pin To Net: Unknown Pin: Pin C119-1
Add Pin To Net: Unknown Pin: Pin C119-2
Add Pin To Net: Unknown Pin: Pin C120-1
Add Pin To Net: Unknown Pin: Pin C120-2
Add Pin To Net: Unknown Pin: Pin C121-1
Add Pin To Net: Unknown Pin: Pin C121-2
Add Pin To Net: Unknown Pin: Pin C122-1
Add Pin To Net: Unknown Pin: Pin C122-2
Add Pin To Net: Unknown Pin: Pin C123-1
Add Pin To Net: Unknown Pin: Pin C123-2
Add Pin To Net: Unknown Pin: Pin C124-1
Add Pin To Net: Unknown Pin: Pin C124-2
Add Pin To Net: Unknown Pin: Pin C125-1
Add Pin To Net: Unknown Pin: Pin C125-2
Add Pin To Net: Unknown Pin: Pin C126-1
Add Pin To Net: Unknown Pin: Pin C126-2
Add Pin To Net: Unknown Pin: Pin C127-1
Add Pin To Net: Unknown Pin: Pin C127-2
Add Pin To Net: Unknown Pin: Pin C128-1
Add Pin To Net: Unknown Pin: Pin C128-2
Add Pin To Net: Unknown Pin: Pin D11-1
Add Pin To Net: Unknown Pin: Pin D11-2
Add Pin To Net: Unknown Pin: Pin D11-3
Add Pin To Net: Unknown Pin: Pin D11-4
Add Pin To Net: Unknown Pin: Pin D14-A
Add Pin To Net: Unknown Pin: Pin D14-BK
Add Pin To Net: Unknown Pin: Pin D14-GK
Add Pin To Net: Unknown Pin: Pin D14-RK
Add Pin To Net: Unknown Pin: Pin D15-1
Add Pin To Net: Unknown Pin: Pin D15-2
Add Pin To Net: Unknown Pin: Pin D15-3
Add Pin To Net: Unknown Pin: Pin D15-4
Add Pin To Net: Unknown Pin: Pin D15-5
Add Pin To Net: Unknown Pin: Pin D15-6
Add Pin To Net: Unknown Pin: Pin D16-1
Add Pin To Net: Unknown Pin: Pin D16-2
Add Pin To Net: Unknown Pin: Pin D16-3
Add Pin To Net: Unknown Pin: Pin D16-4
Add Pin To Net: Unknown Pin: Pin D16-5
Add Pin To Net: Unknown Pin: Pin D16-6
Add Pin To Net: Unknown Pin: Pin F1-1
Add Pin To Net: Unknown Pin: Pin F1-2
Add Pin To Net: Unknown Pin: Pin J15-1
Add Pin To Net: Unknown Pin: Pin J15-2
Add Pin To Net: Unknown Pin: Pin J15-3
Add Pin To Net: Unknown Pin: Pin J21-1
Add Pin To Net: Unknown Pin: Pin J21-2
Add Pin To Net: Unknown Pin: Pin J21-3
Add Pin To Net: Unknown Pin: Pin J21-4
Add Pin To Net: Unknown Pin: Pin J21-P1
Add Pin To Net: Unknown Pin: Pin J21-P2
Add Pin To Net: Unknown Pin: Pin J22-1
Add Pin To Net: Unknown Pin: Pin J22-2
Add Pin To Net: Unknown Pin: Pin J22-3
Add Pin To Net: Unknown Pin: Pin J22-4
Add Pin To Net: Unknown Pin: Pin J22-P1
Add Pin To Net: Unknown Pin: Pin J22-P2
Add Pin To Net: Unknown Pin: Pin P1-1
Add Pin To Net: Unknown Pin: Pin P1-2
Add Pin To Net: Unknown Pin: Pin P1-3
Add Pin To Net: Unknown Pin: Pin P1-4
Add Pin To Net: Unknown Pin: Pin R48-1
Add Pin To Net: Unknown Pin: Pin R48-2
Add Pin To Net: Unknown Pin: Pin R49-1
Add Pin To Net: Unknown Pin: Pin R49-2
Add Pin To Net: Unknown Pin: Pin R50-1
Add Pin To Net: Unknown Pin: Pin R50-2
Add Pin To Net: Unknown Pin: Pin R51-1
Add Pin To Net: Unknown Pin: Pin R51-2
Add Pin To Net: Unknown Pin: Pin R52-1
Add Pin To Net: Unknown Pin: Pin R52-2
Add Pin To Net: Unknown Pin: Pin R53-1
Add Pin To Net: Unknown Pin: Pin R53-2
Add Pin To Net: Unknown Pin: Pin R54-1
Add Pin To Net: Unknown Pin: Pin R54-2
Add Pin To Net: Unknown Pin: Pin R55-1
Add Pin To Net: Unknown Pin: Pin R55-2
Add Pin To Net: Unknown Pin: Pin R56-1
Add Pin To Net: Unknown Pin: Pin R56-2
Add Pin To Net: Unknown Pin: Pin R57-1
Add Pin To Net: Unknown Pin: Pin R57-2
Add Pin To Net: Unknown Pin: Pin R58-1
Add Pin To Net: Unknown Pin: Pin R58-2
Add Pin To Net: Unknown Pin: Pin R59-1
Add Pin To Net: Unknown Pin: Pin R59-2
Add Pin To Net: Unknown Pin: Pin R60-1
Add Pin To Net: Unknown Pin: Pin R60-2
Add Pin To Net: Unknown Pin: Pin R61-1
Add Pin To Net: Unknown Pin: Pin R61-2
Add Pin To Net: Unknown Pin: Pin R62-1
Add Pin To Net: Unknown Pin: Pin R62-2
Add Pin To Net: Unknown Pin: Pin R63-1
Add Pin To Net: Unknown Pin: Pin R63-2
Add Pin To Net: Unknown Pin: Pin R64-1
Add Pin To Net: Unknown Pin: Pin R64-2
Add Pin To Net: Unknown Pin: Pin R65-1
Add Pin To Net: Unknown Pin: Pin R65-2
Add Pin To Net: Unknown Pin: Pin R66-1
Add Pin To Net: Unknown Pin: Pin R66-2
Add Pin To Net: Unknown Pin: Pin R67-1
Add Pin To Net: Unknown Pin: Pin R67-2
Added Pin To Net: NetName=NetC120_2 Pin=R68-1
Added Pin To Net: NetName=INPUT3 Pin=R68-2
Add Pin To Net: Unknown Pin: Pin R69-1
Add Pin To Net: Unknown Pin: Pin R69-2
Add Pin To Net: Unknown Pin: Pin R70-1
Add Pin To Net: Unknown Pin: Pin R70-2
Add Pin To Net: Unknown Pin: Pin R71-1
Add Pin To Net: Unknown Pin: Pin R71-2
Add Pin To Net: Unknown Pin: Pin R92-1
Add Pin To Net: Unknown Pin: Pin R92-2
Add Pin To Net: Unknown Pin: Pin R93-1
Add Pin To Net: Unknown Pin: Pin R93-2
Add Pin To Net: Unknown Pin: Pin RT1-1
Add Pin To Net: Unknown Pin: Pin RT1-2
Add Pin To Net: Unknown Pin: Pin SW1-1
Add Pin To Net: Unknown Pin: Pin SW1-2
Add Pin To Net: Unknown Pin: Pin SW1-4
Add Pin To Net: Unknown Pin: Pin U13-1
Add Pin To Net: Unknown Pin: Pin U13-2
Add Pin To Net: Unknown Pin: Pin U13-3
Add Pin To Net: Unknown Pin: Pin U13-4
Add Pin To Net: Unknown Pin: Pin U13-5
Add Pin To Net: Unknown Pin: Pin U13-6
Add Pin To Net: Unknown Pin: Pin U13-7
Add Pin To Net: Unknown Pin: Pin U13-8
Add Pin To Net: Unknown Pin: Pin U18-1
Add Pin To Net: Unknown Pin: Pin U18-2
Add Pin To Net: Unknown Pin: Pin U18-3
Add Pin To Net: Unknown Pin: Pin U18-4
Add Pin To Net: Unknown Pin: Pin U18-5
Add Pin To Net: Unknown Pin: Pin U18-6
Add Pin To Net: Unknown Pin: Pin U18-7
Add Pin To Net: Unknown Pin: Pin U19-1
Add Pin To Net: Unknown Pin: Pin U19-2
Add Pin To Net: Unknown Pin: Pin U19-3
Add Pin To Net: Unknown Pin: Pin U19-4
Add Pin To Net: Unknown Pin: Pin U20-1
Add Pin To Net: Unknown Pin: Pin U20-2
Add Pin To Net: Unknown Pin: Pin U20-3
Add Pin To Net: Unknown Pin: Pin U20-4
Add Pin To Net: Unknown Pin: Pin U20-5
Add Pin To Net: Unknown Pin: Pin U20-6
Add Pin To Net: Unknown Pin: Pin U21-1
Add Pin To Net: Unknown Pin: Pin U21-2
Add Pin To Net: Unknown Pin: Pin U21-3
Add Pin To Net: Unknown Pin: Pin U21-4
Add Pin To Net: Unknown Pin: Pin U22-1
Add Pin To Net: Unknown Pin: Pin U22-2
Add Pin To Net: Unknown Pin: Pin U22-3
Add Pin To Net: Unknown Pin: Pin U22-4
Add Pin To Net: Unknown Pin: Pin U22-5
Add Pin To Net: Unknown Pin: Pin U22-6
Add Pin To Net: Unknown Pin: Pin U23-1
Add Pin To Net: Unknown Pin: Pin U23-2
Add Pin To Net: Unknown Pin: Pin U23-3
Add Pin To Net: Unknown Pin: Pin U23-4
Add Pin To Net: Unknown Pin: Pin U24-1
Add Pin To Net: Unknown Pin: Pin U24-2
Add Pin To Net: Unknown Pin: Pin U24-3
Add Pin To Net: Unknown Pin: Pin U24-4
Add Pin To Net: Unknown Pin: Pin U24-5
Add Pin To Net: Unknown Pin: Pin U24-6
Add Pin To Net: Unknown Pin: Pin U24-11
Add Pin To Net: Unknown Pin: Pin U24-12
Add Pin To Net: Unknown Pin: Pin U24-13
Add Pin To Net: Unknown Pin: Pin U24-14
Add Pin To Net: Unknown Pin: Pin U24-15
Add Pin To Net: Unknown Pin: Pin U24-16
Add Pin To Net: Unknown Pin: Pin U25-4
Add Pin To Net: Unknown Pin: Pin U25-5
Add Pin To Net: Unknown Pin: Pin U25-6
Add Pin To Net: Unknown Pin: Pin U25-8
Add Class Member: Failed to add class member : Component BTN? 135-00006
Add Class Member: Failed to add class member : Component C90 120-000204.7uF
Add Class Member: Failed to add class member : Component C91 120-000160.1uF
Add Class Member: Failed to add class member : Component C92 120-000204.7uF
Add Class Member: Failed to add class member : Component C93 120-000160.1uF
Add Class Member: Failed to add class member : Component C94 120-000160.1uF
Add Class Member: Failed to add class member : Component C95 120-000720.47uF
Add Class Member: Failed to add class member : Component C96 120-000160.1uF
Add Class Member: Failed to add class member : Component C97 120-000204.7uF
Add Class Member: Failed to add class member : Component C98 120-000160.1uF
Add Class Member: Failed to add class member : Component C99 120-000160.1uF
Add Class Member: Failed to add class member : Component C100 120-000204.7uF
Add Class Member: Failed to add class member : Component C101 120-000160.1uF
Add Class Member: Failed to add class member : Component C102 120-000204.7uF
Add Class Member: Failed to add class member : Component C103 120-000204.7uF
Add Class Member: Failed to add class member : Component C104 120-000204.7uF
Add Class Member: Failed to add class member : Component C105 120-0004768pF
Add Class Member: Failed to add class member : Component C106 120-0004768pF
Add Class Member: Failed to add class member : Component C107 120-00223100µF
Add Class Member: Failed to add class member : Component C108 120-00223100µF
Add Class Member: Failed to add class member : Component C109 120-000204.7uF
Add Class Member: Failed to add class member : Component C110 120-0004118pF
Add Class Member: Failed to add class member : Component C111 120-000160.1uF
Add Class Member: Failed to add class member : Component C112 120-0004768pF
Add Class Member: Failed to add class member : Component C113 120-000720.47uF
Add Class Member: Failed to add class member : Component C114 120-000160.1uF
Add Class Member: Failed to add class member : Component C115 120-000160.1uF
Add Class Member: Failed to add class member : Component C116 120-000204.7uF
Add Class Member: Failed to add class member : Component C117 120-000204.7uF
Add Class Member: Failed to add class member : Component C118 100nF
Add Class Member: Failed to add class member : Component C119 100nF
Add Class Member: Failed to add class member : Component C120 100nF
Add Class Member: Failed to add class member : Component C121 100nF
Add Class Member: Failed to add class member : Component C122 100nF
Add Class Member: Failed to add class member : Component C123 100nF
Add Class Member: Failed to add class member : Component C124 100nF
Add Class Member: Failed to add class member : Component C125 100nF
Add Class Member: Failed to add class member : Component C126 100nF
Add Class Member: Failed to add class member : Component C127 10nF
Add Class Member: Failed to add class member : Component C128 100nF
Add Class Member: Failed to add class member : Component D11 115-00013
Add Class Member: Failed to add class member : Component D14 RGB
Add Class Member: Failed to add class member : Component D15 LXES11DAA2-135
Add Class Member: Failed to add class member : Component D16 LXES11DAA2-135
Add Class Member: Failed to add class member : Component F1 190-00005
Add Class Member: Failed to add class member : Component J15 130-00105
Add Class Member: Failed to add class member : Component J21 87520-0010BLF
Add Class Member: Failed to add class member : Component J22 87520-0010BLF
Add Class Member: Failed to add class member : Component P1 Header 4
Add Class Member: Failed to add class member : Component R48 180-00093100K
Add Class Member: Failed to add class member : Component R49 180-00093100K
Add Class Member: Failed to add class member : Component R50 180-000232.2k
Add Class Member: Failed to add class member : Component R51 180-000232.2k
Add Class Member: Failed to add class member : Component R52 180-000200R
Add Class Member: Failed to add class member : Component R53 180-000541M
Add Class Member: Failed to add class member : Component R54 180-0002410k
Add Class Member: Failed to add class member : Component R55 180-0002410k
Add Class Member: Failed to add class member : Component R56 180-000211k
Add Class Member: Failed to add class member : Component R57 180-00093100K
Add Class Member: Failed to add class member : Component R58 180-000211k
Add Class Member: Failed to add class member : Component R59 180-0002410k
Add Class Member: Failed to add class member : Component R60 180-000541M
Add Class Member: Failed to add class member : Component R61 180-00031499R
Add Class Member: Failed to add class member : Component R62 180-00098220R
Add Class Member: Failed to add class member : Component R63 10K
Add Class Member: Failed to add class member : Component R64 1K
Add Class Member: Failed to add class member : Component R65 10K
Add Class Member: Failed to add class member : Component R66 1K
Add Class Member: Failed to add class member : Component R67 10K
Added Member To Class: ClassName=DIGILATL OUTPUT Member=Component R68 1K
Add Class Member: Failed to add class member : Component R69 0r
Add Class Member: Failed to add class member : Component R70 4.7K
Add Class Member: Failed to add class member : Component R71 4.7K
Add Class Member: Failed to add class member : Component R92 10K
Add Class Member: Failed to add class member : Component R93 3.4K
Add Class Member: Failed to add class member : Component RT1 Res Thermal
Add Class Member: Failed to add class member : Component SW1 137-00002
Add Class Member: Failed to add class member : Component U13 250-00039
Add Class Member: Failed to add class member : Component U18 260-00045
Add Class Member: Failed to add class member : Component U19 TLP185
Add Class Member: Failed to add class member : Component U20 SZNUD3160DMT1G
Add Class Member: Failed to add class member : Component U21 TLP185
Add Class Member: Failed to add class member : Component U22 SZNUD3160DMT1G
Add Class Member: Failed to add class member : Component U23 TLP185
Add Class Member: Failed to add class member : Component U24 MAX3232CUE
Add Class Member: Failed to add class member : Component U25 M24C16-RDW6TP
