Removed Pin From Net: NetName=GND Pin=SW1-1
Removed Pin From Net: NetName=NRST Pin=SW1-2
Removed Pin From Net: NetName=GND Pin=Y2-3
Removed Pin From Net: NetName=XTALD Pin=Y2-4
Removed Member From Class: ClassName=DRVS-SCHEMA Member=SW1
Change Component Footprint: Designator=Y1 Old Footprint=XTAL_314_240X47_SMD New Footprint=WE-XTAL_IQXC-25
Change Component Footprint: Designator=Y2 Old Footprint=XTAL_MC-405 32.7680K-G3 New Footprint=WE-XTAL_CFPX-180
Change Component Comment : Designator=Y1 Old Comment=8MHz New Comment=32.768kHz
Change Component Comment : Designator=Y2 Old Comment=32.768KHz New Comment=25MHz
Change Component Designator: OldDesignator=TP2 NewDesignator=TP1
Change Component Designator: OldDesignator=TP3 NewDesignator=TP2
Change Component Designator: OldDesignator=TP4 NewDesignator=TP3
Change Component Designator: OldDesignator=TP5 NewDesignator=TP4
Change Component Designator: OldDesignator=TP7 NewDesignator=TP5
Change component parameters: Designator = "Y1" ("Y1"); Footprint = "XTAL_314_240X47_SMD"; UniqueID = "\LEGDPMJH" ("\LEGDPMJH")
Change component parameters (AddParameter): Name = "Case/Size Code"; Value = "IQXC-25"; VariantName = "[No Variations]"
Change component parameters (AddParameter): Name = "Category"; Value = "Crystals"; VariantName = "[No Variations]"
Change component parameters (AddParameter): Name = "ComponentLink1Description"; Value = "Website Link"; VariantName = "[No Variations]"
Change component parameters (AddParameter): Name = "ComponentLink1URL"; Value = "https://www.we-online.com/redexpert/article/830062558?ad"; VariantName = "[No Variations]"
Change component parameters (AddParameter): Name = "ComponentLink2Description"; Value = "Datasheet Link"; VariantName = "[No Variations]"
Change component parameters (AddParameter): Name = "ComponentLink2URL"; Value = "https://www.we-online.com/redexpert/spec/830062558?ad"; VariantName = "[No Variations]"
Change component parameters (AddParameter): Name = "Frequency"; Value = "32.768kHz"; VariantName = "[No Variations]"
Change component parameters (AddParameter): Name = "Frequency Tolerance"; Value = "+/-10ppm"; VariantName = "[No Variations]"
Change component parameters (AddParameter): Name = "Height"; Value = "0.6mm"; VariantName = "[No Variations]"
Change component parameters (AddParameter): Name = "Length"; Value = "2mm"; VariantName = "[No Variations]"
Change component parameters (AddParameter): Name = "Load Capacitance"; Value = "9pF"; VariantName = "[No Variations]"
Change component parameters (AddParameter): Name = "Manufacturer"; Value = "Wurth Elektronik"; VariantName = "[No Variations]"
Change component parameters (AddParameter): Name = "Manufacturer Part Number"; Value = "830062558"; VariantName = "[No Variations]"
Change component parameters (AddParameter): Name = "Match Code"; Value = "WE-XTAL"; VariantName = "[No Variations]"
Change component parameters (AddParameter): Name = "Mount"; Value = "Surface Mount"; VariantName = "[No Variations]"
Change component parameters (AddParameter): Name = "Operating Temperature Max"; Value = "85°C"; VariantName = "[No Variations]"
Change component parameters (AddParameter): Name = "Operating Temperature Min"; Value = "-40°C"; VariantName = "[No Variations]"
Change component parameters (AddParameter): Name = "Packaging"; Value = "Tape and Reel"; VariantName = "[No Variations]"
Change component parameters (AddParameter): Name = "Width"; Value = "1.2mm"; VariantName = "[No Variations]"
Change component parameters: Designator = "Y2" ("Y2"); Footprint = "XTAL_MC-405 32.7680K-G3"; UniqueID = "\LSCIKZFY" ("\LSCIKZFY")
Change component parameters (AddParameter): Name = "Case/Size Code"; Value = "CFPX-180"; VariantName = "[No Variations]"
Change component parameters (AddParameter): Name = "Category"; Value = "Crystals"; VariantName = "[No Variations]"
Change component parameters (AddParameter): Name = "ComponentLink1Description"; Value = "Website Link"; VariantName = "[No Variations]"
Change component parameters (AddParameter): Name = "ComponentLink1URL"; Value = "https://www.we-online.com/redexpert/article/830108174209?ad"; VariantName = "[No Variations]"
Change component parameters (AddParameter): Name = "ComponentLink2Description"; Value = "Datasheet Link"; VariantName = "[No Variations]"
Change component parameters (AddParameter): Name = "ComponentLink2URL"; Value = "https://www.we-online.com/redexpert/spec/830108174209?ad"; VariantName = "[No Variations]"
Change component parameters (AddParameter): Name = "Frequency"; Value = "25MHz"; VariantName = "[No Variations]"
Change component parameters (AddParameter): Name = "Frequency Stability"; Value = "+/-15ppm"; VariantName = "[No Variations]"
Change component parameters (AddParameter): Name = "Frequency Tolerance"; Value = "+/-10ppm"; VariantName = "[No Variations]"
Change component parameters (AddParameter): Name = "Height"; Value = "0.8mm"; VariantName = "[No Variations]"
Change component parameters (AddParameter): Name = "Length"; Value = "3.4mm"; VariantName = "[No Variations]"
Change component parameters (AddParameter): Name = "Load Capacitance"; Value = "10pF"; VariantName = "[No Variations]"
Change component parameters (AddParameter): Name = "Manufacturer"; Value = "Wurth Elektronik"; VariantName = "[No Variations]"
Change component parameters (AddParameter): Name = "Manufacturer Part Number"; Value = "830108174209"; VariantName = "[No Variations]"
Change component parameters (AddParameter): Name = "Match Code"; Value = "WE-XTAL"; VariantName = "[No Variations]"
Change component parameters (AddParameter): Name = "Mount"; Value = "Surface Mount"; VariantName = "[No Variations]"
Change component parameters (AddParameter): Name = "Operating Temperature Max"; Value = "85°C"; VariantName = "[No Variations]"
Change component parameters (AddParameter): Name = "Operating Temperature Min"; Value = "-40°C"; VariantName = "[No Variations]"
Change component parameters (AddParameter): Name = "Packaging"; Value = "Tape and Reel"; VariantName = "[No Variations]"
Change component parameters (AddParameter): Name = "Width"; Value = "2.7mm"; VariantName = "[No Variations]"
Added Component: Designator=2(WS-TASV_L6W3.8H2.5_4341x30258x6)
Add component (AddParameter): Name = "Category"; Value = "Tact Switches"; VariantName = "[No Variations]"
Add component (AddParameter): Name = "Circuit"; Value = "SPST-NO"; VariantName = "[No Variations]"
Add component (AddParameter): Name = "ComponentLink1Description"; Value = "Website Link"; VariantName = "[No Variations]"
Add component (AddParameter): Name = "ComponentLink1URL"; Value = "https://www.we-online.com/redexpert/article/434113025826?ad"; VariantName = "[No Variations]"
Add component (AddParameter): Name = "ComponentLink2Description"; Value = "Datasheet Link"; VariantName = "[No Variations]"
Add component (AddParameter): Name = "ComponentLink2URL"; Value = "https://www.we-online.com/redexpert/spec/434113025826?ad"; VariantName = "[No Variations]"
Add component (AddParameter): Name = "Contact Material"; Value = "Stainless Steel"; VariantName = "[No Variations]"
Add component (AddParameter): Name = "Contact Plating"; Value = "Silver"; VariantName = "[No Variations]"
Add component (AddParameter): Name = "Height"; Value = "2.5mm"; VariantName = "[No Variations]"
Add component (AddParameter): Name = "Length"; Value = "6mm"; VariantName = "[No Variations]"
Add component (AddParameter): Name = "Manufacturer"; Value = "Wurth Elektronik"; VariantName = "[No Variations]"
Add component (AddParameter): Name = "Manufacturer Part Number"; Value = "434113025826"; VariantName = "[No Variations]"
Add component (AddParameter): Name = "Match Code"; Value = "WS-TASV"; VariantName = "[No Variations]"
Add component (AddParameter): Name = "Mount"; Value = "Surface Mount"; VariantName = "[No Variations]"
Add component (AddParameter): Name = "Operating Temperature Max"; Value = "85°C"; VariantName = "[No Variations]"
Add component (AddParameter): Name = "Operating Temperature Min"; Value = "-40°C"; VariantName = "[No Variations]"
Add component (AddParameter): Name = "Operation Force"; Value = "260g"; VariantName = "[No Variations]"
Add component (AddParameter): Name = "Packaging"; Value = "Tape and Reel"; VariantName = "[No Variations]"
Add component (AddParameter): Name = "Rated Current"; Value = "50mA"; VariantName = "[No Variations]"
Add component (AddParameter): Name = "Rated Voltage (DC)"; Value = "12V"; VariantName = "[No Variations]"
Add component (AddParameter): Name = "Terminal Material"; Value = "Copper Alloy"; VariantName = "[No Variations]"
Add component (AddParameter): Name = "Terminal Plating"; Value = "Silver"; VariantName = "[No Variations]"
Add component (AddParameter): Name = "Washable"; Value = "No"; VariantName = "[No Variations]"
Add component (AddParameter): Name = "Width"; Value = "3.8mm"; VariantName = "[No Variations]"
Added Pin To Net: NetName=GND Pin=2-1
Added Pin To Net: NetName=NRST Pin=2-2
Added Pin To Net: NetName=NRST Pin=C12-2
Added Pin To Net: NetName=NRST Pin=R14-1
Added Pin To Net: NetName=XTALD Pin=Y2-3
Added Pin To Net: NetName=GND Pin=Y2-4
Added Member To Class: ClassName=DRVS-SCHEMA Member=Component 2 434113025826
