Remove Pin=D1-1 From Net=nFAULT
Remove Pin=IC1-1 From Net=USB_C1_N
Remove Pin=IC1-3 From Net=USB_C1_P
Remove Pin=IC1-4 From Net=USB_Con_C1_P
Remove Pin=IC1-5 From Net=USB_Conn_C1_VBUS
Remove Pin=IC1-6 From Net=USB_Con_C1_N
Remove Pin=J1-A6 From Net=USB_Con_C1_P
Remove Pin=J1-A7 From Net=USB_Con_C1_N
Remove Pin=J1-B6 From Net=USB_Con_C1_P
Remove Pin=J1-B7 From Net=USB_Con_C1_N
Remove Pin=J3-2 From Net=PMODE
Remove Pin=J4-2 From Net=SWCLK
Remove Pin=J4-3 From Net=SWDIO
Remove Pin=J7-3 From Net=BOOT0
Remove Pin=J7-4 From Net=BOOT1
Remove Pin=J8-2 From Net=DM
Remove Pin=J8-3 From Net=DP
Remove Pin=J8-5 From Net=GND
Remove Pin=J10-1 From Net=AOUT1
Remove Pin=J10-2 From Net=AOUT2
Remove Pin=J11-1 From Net=nFAULT
Remove Pin=J11-2 From Net=PIN21
Remove Pin=J12-1 From Net=BOUT2
Remove Pin=J12-2 From Net=BOUT1
Remove Pin=J13-1 From Net=BISEN
Remove Pin=J13-2 From Net=AISEN
Remove Pin=R4-1 From Net=USB_Conn_C1_VBUS
Remove Pin=R9-2 From Net=BOOT0
Remove Pin=R10-1 From Net=STATUS
Remove Pin=R13-1 From Net=PB12
Remove Pin=R16-2 From Net=BOOT1
Remove Pin=RP1-2 From Net=SPD_REF_1
Remove Pin=RP2-2 From Net=SPD_REF_2
Remove Pin=SW1-2 From Net=NRST
Remove Pin=TP5-1 From Net=VM
Remove Pin=TP7-1 From Net=AOUT1
Remove Pin=TP8-1 From Net=AOUT2
Remove Pin=TP9-1 From Net=BOUT1
Remove Pin=TP10-1 From Net=BOUT2
Remove Pin=U1-1 From Net=EN_IN1
Remove Pin=U1-2 From Net=PH_IN2
Remove Pin=U1-3 From Net=nSLEEP
Remove Pin=U1-5 From Net=VREF
Remove Pin=U1-8 From Net=OUT1
Remove Pin=U1-10 From Net=OUT2
Remove Pin=U1-16 From Net=PMODE
Remove Pin=U2-2 From Net=PC13
Remove Pin=U2-3 From Net=XTALC
Remove Pin=U2-4 From Net=XTALD
Remove Pin=U2-5 From Net=XTALA
Remove Pin=U2-6 From Net=XTALB
Remove Pin=U2-7 From Net=NRST
Remove Pin=U2-10 From Net=PA0
Remove Pin=U2-11 From Net=PA1
Remove Pin=U2-12 From Net=PA2
Remove Pin=U2-13 From Net=PA3
Remove Pin=U2-14 From Net=PA4
Remove Pin=U2-15 From Net=PA5
Remove Pin=U2-16 From Net=PA6
Remove Pin=U2-17 From Net=PA7
Remove Pin=U2-18 From Net=PB0
Remove Pin=U2-19 From Net=PB1
Remove Pin=U2-21 From Net=PB10
Remove Pin=U2-22 From Net=PB11
Remove Pin=U2-25 From Net=PB12
Remove Pin=U2-26 From Net=PB13
Remove Pin=U2-27 From Net=PB14
Remove Pin=U2-28 From Net=PB15
Remove Pin=U2-29 From Net=PA8
Remove Pin=U2-30 From Net=PA9
Remove Pin=U2-31 From Net=PA10
Remove Pin=U2-32 From Net=D_N
Remove Pin=U2-33 From Net=D_P
Remove Pin=U2-34 From Net=SWDIO
Remove Pin=U2-37 From Net=SWCLK
Remove Pin=U2-38 From Net=PA15
Remove Pin=U2-39 From Net=PB3
Remove Pin=U2-40 From Net=PB4
Remove Pin=U2-42 From Net=PB6
Remove Pin=U2-43 From Net=PB7
Remove Pin=U2-45 From Net=PB8
Remove Pin=U2-46 From Net=PB9
Remove Pin=U4-1 From Net=TX
Remove Pin=U4-4 From Net=V3P3
Remove Pin=U4-5 From Net=RX
Remove Pin=U4-15 From Net=DP
Remove Pin=U4-16 From Net=DM
Remove Pin=U4-20 From Net=VUSB
Remove Pin=U4-26 From Net=GND
Remove Pin=U5-5 From Net=AOUT1
Remove Pin=U5-7 From Net=AOUT2
Remove Pin=U5-8 From Net=BOUT2
Remove Pin=U5-10 From Net=BOUT1
Remove Pin=U5-13 From Net=PIN13
Remove Pin=U5-14 From Net=PIN14
Remove Pin=U5-16 From Net=TOFF
Remove Pin=U5-17 From Net=nSLEEP
Remove Pin=U5-18 From Net=nFAULT
Remove Pin=U5-19 From Net=PIN19
Remove Pin=U5-20 From Net=PIN20
Remove Pin=U5-21 From Net=PIN21
Remove Pin=U5-22 From Net=PIN22
Remove Pin=U5-23 From Net=PIN23
Remove Pin=U5-24 From Net=PIN24
Remove Pin=U5-25 From Net=PIN25
Remove Pin=U5-26 From Net=TRQ1
Remove Pin=U5-27 From Net=TRQ0
Remove Pin=Y2-1 From Net=XTALC
Remove Pin=Y2-4 From Net=XTALD
