Add Component: Footprint Not Found 0603
Add Component: Footprint Not Found 0603
Add Component: Footprint Not Found 0603
Add Component: Footprint Not Found 0603L
Add Component: Footprint Not Found BT_1000x1250
Add Component: Footprint Not Found 0603L
Add Component: Footprint Not Found 0603L
Add Component: Footprint Not Found 0805L
Add Component: Footprint Not Found 0603L
Add Component: Footprint Not Found 0402L
Add Component: Footprint Not Found 0402L
Add Component: Footprint Not Found 0603L
Add Component: Footprint Not Found 0402L
Add Component: Footprint Not Found 0603L
Add Component: Footprint Not Found 0805L
Add Component: Footprint Not Found 0805L
Add Component: Footprint Not Found 0805L
Add Component: Footprint Not Found 0805L
Add Component: Footprint Not Found SM_RADIAL_G
Add Component: Footprint Not Found WL-SMCW_RED
Add Component: Footprint Not Found WL-SMCW_GREEN
Add Component: Footprint Not Found LED_LTST-C190_Red
Add Component: Footprint Not Found WURTH_61300311121
Add Component: Footprint Not Found Harwin_D3082-05
Add Component: Footprint Not Found Wurth_691101710002
Add Component: Footprint Not Found Wurth_691101710002
Add Component: Footprint Not Found CONN_USB_micro_ZX62-B-5PA
Add Component: Footprint Not Found TERM_BLK_ED555-2DS
Add Component: Footprint Not Found TERM_BLK_ED555-2DS
Add Component: Footprint Not Found CONN_90120-0122
Add Component: Footprint Not Found TERM_BLK_ED555-2DS
Add Component: Footprint Not Found CONN_90120-0122
Add Component: Footprint Not Found CONN_90120-0122
Add Component: Footprint Not Found 0805L
Add Component: Footprint Not Found 0603L
Add Component: Footprint Not Found 0603L
Add Component: Footprint Not Found 0603L
Add Component: Footprint Not Found 0603L
Add Component: Footprint Not Found 0603L
Add Component: Footprint Not Found 0603L
Add Component: Footprint Not Found 2010L
Add Component: Footprint Not Found 2010L
Add Component: Footprint Not Found 0402L
Add Component: Footprint Not Found 0402L
Add Component: Footprint Not Found Bourns_3352T
Add Component: Footprint Not Found Bourns_3352T
Add Component: Footprint Not Found Wurth_60900213421
Add Component: Footprint Not Found Testpoint_Keystone_Compact
Add Component: Footprint Not Found Testpoint_Keystone_Compact
Add Component: Footprint Not Found Testpoint_Keystone_Compact
Add Component: Footprint Not Found Testpoint_Keystone_Compact
Add Component: Footprint Not Found Testpoint_Keystone_Compact
Add Component: Footprint Not Found Testpoint_Keystone_Compact
Add Component: Footprint Not Found Testpoint_Keystone_Compact
Add Component: Footprint Not Found Testpoint_Keystone_Compact
Add Component: Footprint Not Found Testpoint_Keystone_Compact
Add Component: Footprint Not Found Testpoint_Keystone_Compact
Add Component: Footprint Not Found Harwin_D3082-05
Add Component: Footprint Not Found DBV0005A_N
Add Component: Footprint Not Found PWP0016J_N
Add Component: Footprint Not Found DBV0005A_L
Add Component: Footprint Not Found SSOP28_M
Add Component: Footprint Not Found PWP0028C_N
Add Pin To Net: Unknown Pin: Pin C1-1
Add Pin To Net: Unknown Pin: Pin C1-2
Add Pin To Net: Unknown Pin: Pin C2-1
Add Pin To Net: Unknown Pin: Pin C2-2
Add Pin To Net: Unknown Pin: Pin C3-1
Add Pin To Net: Unknown Pin: Pin C3-2
Add Pin To Net: Unknown Pin: Pin C4-1
Add Pin To Net: Unknown Pin: Pin C4-2
Add Pin To Net: Unknown Pin: Pin C5-1
Add Pin To Net: Unknown Pin: Pin C5-2
Add Pin To Net: Unknown Pin: Pin C6-1
Add Pin To Net: Unknown Pin: Pin C6-2
Add Pin To Net: Unknown Pin: Pin C7-1
Add Pin To Net: Unknown Pin: Pin C7-2
Add Pin To Net: Unknown Pin: Pin C14-1
Add Pin To Net: Unknown Pin: Pin C14-2
Add Pin To Net: Unknown Pin: Pin C15-1
Add Pin To Net: Unknown Pin: Pin C15-2
Add Pin To Net: Unknown Pin: Pin C16-2
Add Pin To Net: Unknown Pin: Pin C17-2
Add Pin To Net: Unknown Pin: Pin C18-2
Add Pin To Net: Unknown Pin: Pin C19-2
Add Pin To Net: Unknown Pin: Pin C20-2
Add Pin To Net: Unknown Pin: Pin C21-1
Add Pin To Net: Unknown Pin: Pin C21-2
Add Pin To Net: Unknown Pin: Pin C22-1
Add Pin To Net: Unknown Pin: Pin C22-2
Add Pin To Net: Unknown Pin: Pin C23-2
Add Pin To Net: Unknown Pin: Pin C25-1
Add Pin To Net: Unknown Pin: Pin C25-2
Add Pin To Net: Unknown Pin: Pin D1-1
Add Pin To Net: Unknown Pin: Pin D1-2
Add Pin To Net: Unknown Pin: Pin D2-1
Add Pin To Net: Unknown Pin: Pin D2-2
Add Pin To Net: Unknown Pin: Pin D3-2
Add Pin To Net: Unknown Pin: Pin J2-1
Add Pin To Net: Unknown Pin: Pin J2-2
Add Pin To Net: Unknown Pin: Pin J2-3
Add Pin To Net: Unknown Pin: Pin J3-1
Add Pin To Net: Unknown Pin: Pin J3-2
Add Pin To Net: Unknown Pin: Pin J5-1
Add Pin To Net: Unknown Pin: Pin J5-2
Add Pin To Net: Unknown Pin: Pin J6-1
Add Pin To Net: Unknown Pin: Pin J6-2
Add Pin To Net: Unknown Pin: Pin J8-5
Add Pin To Net: Unknown Pin: Pin J8-6
Add Pin To Net: Unknown Pin: Pin J8-7
Add Pin To Net: Unknown Pin: Pin J8-8
Add Pin To Net: Unknown Pin: Pin J8-9
Add Pin To Net: Unknown Pin: Pin J8-10
Add Pin To Net: Unknown Pin: Pin J8-11
Add Pin To Net: Unknown Pin: Pin J9-1
Add Pin To Net: Unknown Pin: Pin J9-2
Add Pin To Net: Unknown Pin: Pin J11-1
Add Pin To Net: Unknown Pin: Pin J14-1
Add Pin To Net: Unknown Pin: Pin J14-2
Add Pin To Net: Unknown Pin: Pin R5-1
Add Pin To Net: Unknown Pin: Pin R5-2
Add Pin To Net: Unknown Pin: Pin R6-1
Add Pin To Net: Unknown Pin: Pin R6-2
Add Pin To Net: Unknown Pin: Pin R7-1
Add Pin To Net: Unknown Pin: Pin R7-2
Add Pin To Net: Unknown Pin: Pin R8-1
Add Pin To Net: Unknown Pin: Pin R8-2
Added Pin To Net: NetName=PB5 Pin=R9-1
Add Pin To Net: Unknown Pin: Pin R10-1
Add Pin To Net: Unknown Pin: Pin R10-2
Add Pin To Net: Unknown Pin: Pin R15-1
Add Pin To Net: Unknown Pin: Pin R15-2
Add Pin To Net: Unknown Pin: Pin R17-1
Add Pin To Net: Unknown Pin: Pin R18-1
Add Pin To Net: Unknown Pin: Pin R20-1
Add Pin To Net: Unknown Pin: Pin RP1-1
Add Pin To Net: Unknown Pin: Pin RP1-2
Add Pin To Net: Unknown Pin: Pin RP1-3
Add Pin To Net: Unknown Pin: Pin RP2-1
Add Pin To Net: Unknown Pin: Pin RP2-2
Add Pin To Net: Unknown Pin: Pin RP2-3
Add Pin To Net: Unknown Pin: Pin TP1-1
Add Pin To Net: Unknown Pin: Pin TP2-1
Add Pin To Net: Unknown Pin: Pin TP3-1
Add Pin To Net: Unknown Pin: Pin TP4-1
Add Pin To Net: Unknown Pin: Pin TP5-1
Add Pin To Net: Unknown Pin: Pin TP6-1
Add Pin To Net: Unknown Pin: Pin TP11-1
Add Pin To Net: Unknown Pin: Pin TP11-2
Add Pin To Net: Unknown Pin: Pin U1-1
Add Pin To Net: Unknown Pin: Pin U1-2
Add Pin To Net: Unknown Pin: Pin U1-3
Add Pin To Net: Unknown Pin: Pin U1-4
Add Pin To Net: Unknown Pin: Pin U1-5
Add Pin To Net: Unknown Pin: Pin U2-1
Add Pin To Net: Unknown Pin: Pin U2-2
Add Pin To Net: Unknown Pin: Pin U2-3
Add Pin To Net: Unknown Pin: Pin U2-4
Add Pin To Net: Unknown Pin: Pin U2-5
Add Pin To Net: Unknown Pin: Pin U2-6
Add Pin To Net: Unknown Pin: Pin U2-7
Add Pin To Net: Unknown Pin: Pin U2-8
Add Pin To Net: Unknown Pin: Pin U2-9
Add Pin To Net: Unknown Pin: Pin U2-10
Add Pin To Net: Unknown Pin: Pin U2-11
Add Pin To Net: Unknown Pin: Pin U2-12
Add Pin To Net: Unknown Pin: Pin U2-13
Add Pin To Net: Unknown Pin: Pin U2-14
Add Pin To Net: Unknown Pin: Pin U2-15
Add Pin To Net: Unknown Pin: Pin U2-16
Add Pin To Net: Unknown Pin: Pin U2-17
Added Pin To Net: NetName=PB5 Pin=U3-44
Add Pin To Net: Unknown Pin: Pin U4-1
Add Pin To Net: Unknown Pin: Pin U4-3
Add Pin To Net: Unknown Pin: Pin U4-4
Add Pin To Net: Unknown Pin: Pin U4-5
Add Pin To Net: Unknown Pin: Pin U5-7
Add Pin To Net: Unknown Pin: Pin U5-18
Add Pin To Net: Unknown Pin: Pin U5-21
Add Pin To Net: Unknown Pin: Pin U5-25
Add Pin To Net: Unknown Pin: Pin U5-26
Add Pin To Net: Unknown Pin: Pin U6-4
Add Pin To Net: Unknown Pin: Pin U6-11
Add Pin To Net: Unknown Pin: Pin U6-12
Add Pin To Net: Unknown Pin: Pin U6-17
Add Pin To Net: Unknown Pin: Pin U6-18
Add Pin To Net: Unknown Pin: Pin U6-28
Add Pin To Net: Unknown Pin: Pin U6-29
Added Net: Name=8xV3P3
Added Net: Name=AISEN
Added Net: Name=AOUT1
Added Net: Name=AOUT2
Added Net: Name=BISEN
Added Net: Name=BOUT1
Added Net: Name=BOUT2
Added Net: Name=DM
Added Net: Name=DP
Added Net: Name=GPIO_V3P3
Added Net: Name=NetC24_1
Added Net: Name=NetC24_2
Added Net: Name=NetD3_1
Added Net: Name=PIN13
Added Net: Name=PIN14
Added Net: Name=PIN19
Added Net: Name=PIN20
Added Net: Name=PIN21
Added Net: Name=PIN22
Added Net: Name=PIN23
Added Net: Name=PIN24
Added Net: Name=PIN25
Added Net: Name=RX
Added Net: Name=TOFF
Added Net: Name=TRQ0
Added Net: Name=TRQ1
Added Net: Name=TX
Added Net: Name=V3P3
Added Net: Name=VBUS
Added Net: Name=VCP
Added Net: Name=VUSB
Added Class: Name=stepper-schematic
Added Class: Name=usb sheet
Add Class Member: Failed to add class member : Component C1 GRM188R71A225KE15D
Add Class Member: Failed to add class member : Component C2 GRM188R61C475KAAJ
Add Class Member: Failed to add class member : Component C3 GRM188R61C475KAAJ
Add Class Member: Failed to add class member : Component C4 885012206095
Add Class Member: Failed to add class member : Component C5 UBT1H101MPD1TD
Add Class Member: Failed to add class member : Component C6 885012206095
Add Class Member: Failed to add class member : Component C7 885012206091
Add Class Member: Failed to add class member : Component C14 885012207103
Add Class Member: Failed to add class member : Component C15 C0603C475K8PACTU
Add Class Member: Failed to add class member : Component D1 150060RS75000
Add Class Member: Failed to add class member : Component D2 150060VS75000
Add Class Member: Failed to add class member : Component J2 61300311121
Add Class Member: Failed to add class member : Component J3 D3082-05
Add Class Member: Failed to add class member : Component J5 CMP-0054828-1
Add Class Member: Failed to add class member : Component J6 CMP-0054828-1
Add Class Member: Failed to add class member : Component R5 ERA-3ARW103V
Add Class Member: Failed to add class member : Component R6 CRCW06031K50JNEA
Add Class Member: Failed to add class member : Component R7 ERJ-3GEY0R00V
Add Class Member: Failed to add class member : Component R8 CRCW0603330RJNEA
Add Class Member: Failed to add class member : Component R10 CRCW0603330RJNEA
Add Class Member: Failed to add class member : Component R15 ERJ-3GEY0R00V
Add Class Member: Failed to add class member : Component RP1 3352T-1-503LF
Add Class Member: Failed to add class member : Component RP2 3352T-1-503LF
Add Class Member: Failed to add class member : Component SH-J1 60900213421
Add Class Member: Failed to add class member : Component TP1 5016
Add Class Member: Failed to add class member : Component TP2 5016
Add Class Member: Failed to add class member : Component TP3 5016
Add Class Member: Failed to add class member : Component TP4 5015
Add Class Member: Failed to add class member : Component U1 TLV70433DBVR
Add Class Member: Failed to add class member : Component U2 DRV8874PWPR
Add Class Member: Failed to add class member : Component U4 TPS7B6933DBVR
Added Room: Name=stepper-schematic
Added Room: Name=usb sheet
