Add Component: Footprint Not Found 0402L
Add Component: Footprint Not Found 0402L
Add Component: Footprint Not Found 0603L
Add Component: Footprint Not Found 0402L
Add Component: Footprint Not Found 0603L
Add Component: Footprint Not Found 0805L
Add Component: Footprint Not Found 0805L
Add Component: Footprint Not Found 0805L
Add Component: Footprint Not Found 0805L
Add Component: Footprint Not Found SM_RADIAL_G
Add Component: Footprint Not Found LED_LTST-C190_Red
Add Component: Footprint Not Found CONN_USB_micro_ZX62-B-5PA
Add Component: Footprint Not Found TERM_BLK_ED555-2DS
Add Component: Footprint Not Found TERM_BLK_ED555-2DS
Add Component: Footprint Not Found CONN_90120-0122
Add Component: Footprint Not Found TERM_BLK_ED555-2DS
Add Component: Footprint Not Found CONN_90120-0122
Add Component: Footprint Not Found CONN_90120-0122
Add Component: Footprint Not Found 0805L
Add Component: Footprint Not Found 2010L
Add Component: Footprint Not Found 2010L
Add Component: Footprint Not Found 0402L
Add Component: Footprint Not Found 0402L
Add Component: Footprint Not Found Testpoint_Keystone_Compact
Add Component: Footprint Not Found Testpoint_Keystone_Compact
Add Component: Footprint Not Found Testpoint_Keystone_Compact
Add Component: Footprint Not Found Testpoint_Keystone_Compact
Add Component: Footprint Not Found Testpoint_Keystone_Compact
Add Component: Footprint Not Found Testpoint_Keystone_Compact
Add Component: Footprint Not Found Harwin_D3082-05
Add Component: Footprint Not Found SSOP28_M
Added Component: Designator=U5(PWP0028C_N)
Add component (AddParameter): Name = "Alternate Manufacturer"; Value = "Texas Instruments"; VariantName = "[No Variations]"
Add component (AddParameter): Name = "Alternate PartNumber"; Value = "DRV8880PWP"; VariantName = "[No Variations]"
Add component (AddParameter): Name = "ComponentLink1Description"; Value = "Datasheet Link"; VariantName = "[No Variations]"
Add component (AddParameter): Name = "ComponentLink1URL"; Value = "https://sps06.itg.ti.com/sites/KMS/crossdivteams/altium/docs/ComponentDatasheets/SLVSD18_060515.pdf"; VariantName = "[No Variations]"
Add component (AddParameter): Name = "CompType"; Value = "IC"; VariantName = "[No Variations]"
Add component (AddParameter): Name = "LatestRevisionDate"; Value = "2015-06-11"; VariantName = "[No Variations]"
Add component (AddParameter): Name = "Manufacturer"; Value = "Texas Instruments"; VariantName = "[No Variations]"
Add component (AddParameter): Name = "MountType"; Value = "SMT"; VariantName = "[No Variations]"
Add component (AddParameter): Name = "PackageReference"; Value = "PWP0028C"; VariantName = "[No Variations]"
Add component (AddParameter): Name = "PartNumber"; Value = "DRV8880PWPR"; VariantName = "[No Variations]"
Add component (AddParameter): Name = "Publisher"; Value = "Texas Instruments"; VariantName = "[No Variations]"
Add component (AddParameter): Name = "RoHS"; Value = ""; VariantName = "[No Variations]"
Add component (AddParameter): Name = "SymbolCreator"; Value = "Altium"; VariantName = "[No Variations]"
Add component (AddParameter): Name = "SymbolVersion"; Value = "2015-05-04"; VariantName = "[No Variations]"
Add component (AddParameter): Name = "U/M"; Value = "EA"; VariantName = "[No Variations]"
Add Pin To Net: Unknown Pin: Pin C13-1
Add Pin To Net: Unknown Pin: Pin C13-2
Add Pin To Net: Unknown Pin: Pin C14-1
Add Pin To Net: Unknown Pin: Pin C14-2
Add Pin To Net: Unknown Pin: Pin C15-1
Add Pin To Net: Unknown Pin: Pin C15-2
Add Pin To Net: Unknown Pin: Pin C16-1
Add Pin To Net: Unknown Pin: Pin C16-2
Add Pin To Net: Unknown Pin: Pin C17-1
Add Pin To Net: Unknown Pin: Pin C17-2
Add Pin To Net: Unknown Pin: Pin C18-1
Add Pin To Net: Unknown Pin: Pin C18-2
Add Pin To Net: Unknown Pin: Pin C19-1
Add Pin To Net: Unknown Pin: Pin C19-2
Add Pin To Net: Unknown Pin: Pin C20-1
Add Pin To Net: Unknown Pin: Pin C20-2
Add Pin To Net: Unknown Pin: Pin C22-1
Add Pin To Net: Unknown Pin: Pin C22-2
Add Pin To Net: Unknown Pin: Pin D3-2
Add Pin To Net: Unknown Pin: Pin J8-1
Add Pin To Net: Unknown Pin: Pin J8-6
Add Pin To Net: Unknown Pin: Pin J8-7
Add Pin To Net: Unknown Pin: Pin J8-8
Add Pin To Net: Unknown Pin: Pin J8-9
Add Pin To Net: Unknown Pin: Pin J8-10
Add Pin To Net: Unknown Pin: Pin J8-11
Add Pin To Net: Unknown Pin: Pin J9-1
Add Pin To Net: Unknown Pin: Pin J9-2
Add Pin To Net: Unknown Pin: Pin J10-1
Add Pin To Net: Unknown Pin: Pin J10-2
Add Pin To Net: Unknown Pin: Pin J11-1
Add Pin To Net: Unknown Pin: Pin J11-2
Add Pin To Net: Unknown Pin: Pin J12-1
Add Pin To Net: Unknown Pin: Pin J12-2
Add Pin To Net: Unknown Pin: Pin J13-1
Add Pin To Net: Unknown Pin: Pin J13-2
Add Pin To Net: Unknown Pin: Pin J14-1
Add Pin To Net: Unknown Pin: Pin J14-2
Add Pin To Net: Unknown Pin: Pin L1-1
Add Pin To Net: Unknown Pin: Pin L1-2
Add Pin To Net: Unknown Pin: Pin R17-1
Add Pin To Net: Unknown Pin: Pin R17-2
Add Pin To Net: Unknown Pin: Pin R18-1
Add Pin To Net: Unknown Pin: Pin R18-2
Add Pin To Net: Unknown Pin: Pin R19-2
Add Pin To Net: Unknown Pin: Pin R20-1
Add Pin To Net: Unknown Pin: Pin R20-2
Add Pin To Net: Unknown Pin: Pin TP5-1
Add Pin To Net: Unknown Pin: Pin TP6-1
Add Pin To Net: Unknown Pin: Pin TP7-1
Add Pin To Net: Unknown Pin: Pin TP8-1
Add Pin To Net: Unknown Pin: Pin TP9-1
Add Pin To Net: Unknown Pin: Pin TP10-1
Add Pin To Net: Unknown Pin: Pin TP11-1
Add Pin To Net: Unknown Pin: Pin TP11-2
Add Pin To Net: Unknown Pin: Pin U4-7
Add Pin To Net: Unknown Pin: Pin U4-17
Add Pin To Net: Unknown Pin: Pin U4-18
Add Pin To Net: Unknown Pin: Pin U4-21
Add Pin To Net: Unknown Pin: Pin U4-25
Added Pin To Net: NetName=VCP Pin=U5-3
Added Pin To Net: NetName=VM Pin=U5-4
Added Pin To Net: NetName=AOUT1 Pin=U5-5
Added Pin To Net: NetName=AISEN Pin=U5-6
Added Pin To Net: NetName=AOUT2 Pin=U5-7
Added Pin To Net: NetName=BOUT2 Pin=U5-8
Added Pin To Net: NetName=BISEN Pin=U5-9
Added Pin To Net: NetName=BOUT1 Pin=U5-10
Added Pin To Net: NetName=VM Pin=U5-11
Added Pin To Net: NetName=GND Pin=U5-12
Added Pin To Net: NetName=PIN13 Pin=U5-13
Added Pin To Net: NetName=PIN14 Pin=U5-14
Added Pin To Net: NetName=8xV3P3 Pin=U5-15
Added Pin To Net: NetName=TOFF Pin=U5-16
Added Pin To Net: NetName=nSLEEP Pin=U5-17
Added Pin To Net: NetName=nFAULT Pin=U5-18
Added Pin To Net: NetName=PIN19 Pin=U5-19
Added Pin To Net: NetName=PIN20 Pin=U5-20
Added Pin To Net: NetName=PIN21 Pin=U5-21
Added Pin To Net: NetName=PIN22 Pin=U5-22
Added Pin To Net: NetName=PIN23 Pin=U5-23
Added Pin To Net: NetName=PIN24 Pin=U5-24
Added Pin To Net: NetName=PIN25 Pin=U5-25
Added Pin To Net: NetName=TRQ1 Pin=U5-26
Added Pin To Net: NetName=TRQ0 Pin=U5-27
Added Pin To Net: NetName=GND Pin=U5-28
Added Pin To Net: NetName=GND Pin=U5-29
Added Pin To Net: NetName=NetC21_1 Pin=U5-1
Added Net: Name=NetC21_1
Added Pin To Net: NetName=NetC21_2 Pin=U5-2
Added Net: Name=NetC21_2
Added Net: Name=NetD3_1
Add Class Member: Failed to add class member : Component C13 GRM155R61A104KA01D
Add Class Member: Failed to add class member : Component C14 GRM155R61A105KE15D
Add Class Member: Failed to add class member : Component C15 CGB3B1X5R1A475K055AC
Add Class Member: Failed to add class member : Component C16 GRM155R61A104KA01D
Add Class Member: Failed to add class member : Component C17 C0603C474K9RACTU
Add Class Member: Failed to add class member : Component C18 C0805C104K1RACTU
Add Class Member: Failed to add class member : Component C19 C0805C104K1RACTU
Add Class Member: Failed to add class member : Component C20 C2012X7R1E474K
Add Class Member: Failed to add class member : Component C21 C0805C104K1RACTU
Add Class Member: Failed to add class member : Component C22 EEE-FK1J101P
Add Class Member: Failed to add class member : Component D3 LTST-C190CKT
Add Class Member: Failed to add class member : Component J8 ZX62-B-5PA(11)
Add Class Member: Failed to add class member : Component J9 ED555/2DS
Add Class Member: Failed to add class member : Component J10 ED555/2DS
Add Class Member: Failed to add class member : Component J11 90120-0122
Add Class Member: Failed to add class member : Component J12 ED555/2DS
Add Class Member: Failed to add class member : Component J13 90120-0122
Add Class Member: Failed to add class member : Component J14 90120-0122
Add Class Member: Failed to add class member : Component L1 MMZ2012R300A
Add Class Member: Failed to add class member : Component R17 CSRN2010FKR250
Add Class Member: Failed to add class member : Component R18 CSRN2010FKR250
Add Class Member: Failed to add class member : Component R19 CRCW0402510RJNED
Add Class Member: Failed to add class member : Component R20 CRCW04024K99FKED
Added Member To Class: ClassName=DRVS-SCHEMA Member=Component RP2 3352T-1-503LF
Add Class Member: Failed to add class member : Component TP5 5016
Add Class Member: Failed to add class member : Component TP6 5016
Add Class Member: Failed to add class member : Component TP7 5016
Add Class Member: Failed to add class member : Component TP8 5016
Add Class Member: Failed to add class member : Component TP9 5016
Add Class Member: Failed to add class member : Component TP10 5016
Add Class Member: Failed to add class member : Component TP11 D3082-05
Add Class Member: Failed to add class member : Component U4 FT232RL
Added Member To Class: ClassName=stepper-schematic Member=Component U5 DRV8880PWPR
