Remove Pin=D1-1 From Net=nFAULT
Remove Pin=J2-2 From Net=PMODE
Remove Pin=J8-2 From Net=DM
Remove Pin=J8-3 From Net=DP
Remove Pin=J8-5 From Net=GND
Remove Pin=J10-1 From Net=AOUT1
Remove Pin=J10-2 From Net=AOUT2
Remove Pin=J11-1 From Net=nFAULT
Remove Pin=J11-2 From Net=PIN21
Remove Pin=J12-1 From Net=BOUT2
Remove Pin=J12-2 From Net=BOUT1
Remove Pin=J13-1 From Net=BISEN
Remove Pin=J13-2 From Net=AISEN
Remove Pin=R10-2 From Net=STATUS
Remove Pin=RP1-2 From Net=SPD_REF_2
Remove Pin=TP5-1 From Net=VM
Remove Pin=TP7-1 From Net=AOUT1
Remove Pin=TP8-1 From Net=AOUT2
Remove Pin=TP9-1 From Net=BOUT1
Remove Pin=TP10-1 From Net=BOUT2
Remove Pin=U1-1 From Net=EN_IN1
Remove Pin=U1-2 From Net=PH_IN2
Remove Pin=U1-3 From Net=nSLEEP
Remove Pin=U1-5 From Net=VREF
Remove Pin=U1-8 From Net=OUT1
Remove Pin=U1-10 From Net=OUT2
Remove Pin=U1-16 From Net=PMODE
Remove Pin=U4-1 From Net=TX
Remove Pin=U4-4 From Net=V3P3
Remove Pin=U4-5 From Net=RX
Remove Pin=U4-15 From Net=DP
Remove Pin=U4-16 From Net=DM
Remove Pin=U4-20 From Net=VUSB
Remove Pin=U4-26 From Net=GND
Remove Pin=U5-5 From Net=AOUT1
Remove Pin=U5-7 From Net=AOUT2
Remove Pin=U5-8 From Net=BOUT2
Remove Pin=U5-10 From Net=BOUT1
Remove Pin=U5-13 From Net=PIN13
Remove Pin=U5-14 From Net=PIN14
Remove Pin=U5-16 From Net=TOFF
Remove Pin=U5-17 From Net=nSLEEP
Remove Pin=U5-18 From Net=nFAULT
Remove Pin=U5-19 From Net=PIN19
Remove Pin=U5-20 From Net=PIN20
Remove Pin=U5-21 From Net=PIN21
Remove Pin=U5-22 From Net=PIN22
Remove Pin=U5-23 From Net=PIN23
Remove Pin=U5-24 From Net=PIN24
Remove Pin=U5-25 From Net=PIN25
Remove Pin=U5-26 From Net=TRQ1
Remove Pin=U5-27 From Net=TRQ0
