Add Component: Footprint Not Found 0603L
Add Component: Footprint Not Found BT_1000x1250
Add Component: Footprint Not Found 0603L
Add Component: Footprint Not Found 0603L
Add Component: Footprint Not Found 0805L
Add Component: Footprint Not Found 0603L
Add Component: Footprint Not Found 0402L
Add Component: Footprint Not Found 0402L
Add Component: Footprint Not Found 0603L
Add Component: Footprint Not Found 0402L
Add Component: Footprint Not Found 0603L
Add Component: Footprint Not Found 0805L
Add Component: Footprint Not Found 0805L
Add Component: Footprint Not Found 0805L
Add Component: Footprint Not Found 0805L
Add Component: Footprint Not Found SM_RADIAL_G
Add Component: Footprint Not Found WL-SMCW_RED
Add Component: Footprint Not Found WL-SMCW_GREEN
Add Component: Footprint Not Found LED_LTST-C190_Red
Add Component: Footprint Not Found WURTH_61300311121
Add Component: Footprint Not Found Harwin_D3082-05
Add Component: Footprint Not Found Wurth_691101710002
Add Component: Footprint Not Found Wurth_691101710002
Add Component: Footprint Not Found CONN_USB_micro_ZX62-B-5PA
Add Component: Footprint Not Found TERM_BLK_ED555-2DS
Add Component: Footprint Not Found TERM_BLK_ED555-2DS
Add Component: Footprint Not Found CONN_90120-0122
Add Component: Footprint Not Found TERM_BLK_ED555-2DS
Add Component: Footprint Not Found CONN_90120-0122
Add Component: Footprint Not Found CONN_90120-0122
Add Component: Footprint Not Found 0805L
Add Component: Footprint Not Found 0603L
Add Component: Footprint Not Found 0603L
Add Component: Footprint Not Found 0603L
Add Component: Footprint Not Found 0603L
Add Component: Footprint Not Found 0603L
Add Component: Footprint Not Found 0603L
Add Component: Footprint Not Found 2010L
Add Component: Footprint Not Found 2010L
Add Component: Footprint Not Found 0402L
Add Component: Footprint Not Found 0402L
Added Component: Designator=RP1(Bourns_3352T)
Add component (AddParameter): Name = "Alternate Manufacturer"; Value = ""; VariantName = "[No Variations]"
Add component (AddParameter): Name = "Alternate PartNumber"; Value = ""; VariantName = "[No Variations]"
Add component (AddParameter): Name = "ComponentLink1Description"; Value = "Datasheet URL"; VariantName = "[No Variations]"
Add component (AddParameter): Name = "ComponentLink1URL"; Value = "http://www.bourns.com/data/global/PDFs/3352.pdf"; VariantName = "[No Variations]"
Add component (AddParameter): Name = "CompType"; Value = "Trimmer"; VariantName = "[No Variations]"
Add component (AddParameter): Name = "LatestRevisionDate"; Value = "09/03/2017"; VariantName = "[No Variations]"
Add component (AddParameter): Name = "Manufacturer"; Value = "Bourns"; VariantName = "[No Variations]"
Add component (AddParameter): Name = "MountType"; Value = "TH"; VariantName = "[No Variations]"
Add component (AddParameter): Name = "PackageReference"; Value = "9.53x8.89mm"; VariantName = "[No Variations]"
Add component (AddParameter): Name = "PartNumber"; Value = "3352T-1-503LF"; VariantName = "[No Variations]"
Add component (AddParameter): Name = "Publisher"; Value = "Texas Instruments"; VariantName = "[No Variations]"
Add component (AddParameter): Name = "RoHS"; Value = "Y"; VariantName = "[No Variations]"
Add component (AddParameter): Name = "SizeArea_mm2"; Value = ""; VariantName = "[No Variations]"
Add component (AddParameter): Name = "SizeAreaWB_mm2"; Value = ""; VariantName = "[No Variations]"
Add component (AddParameter): Name = "SizeX_mm"; Value = ""; VariantName = "[No Variations]"
Add component (AddParameter): Name = "SizeY_mm"; Value = ""; VariantName = "[No Variations]"
Add component (AddParameter): Name = "SizeZ_mm"; Value = ""; VariantName = "[No Variations]"
Add component (AddParameter): Name = "Supplier 1"; Value = "Digi-Key"; VariantName = "[No Variations]"
Add component (AddParameter): Name = "Supplier 2"; Value = "Newark"; VariantName = "[No Variations]"
Add component (AddParameter): Name = "Supplier 3"; Value = "Mouser"; VariantName = "[No Variations]"
Add component (AddParameter): Name = "Supplier Part Number 1"; Value = "3352T-503LF-ND"; VariantName = "[No Variations]"
Add component (AddParameter): Name = "Supplier Part Number 2"; Value = "32K8175"; VariantName = "[No Variations]"
Add component (AddParameter): Name = "Supplier Part Number 3"; Value = "652-3352T-1-503LF"; VariantName = "[No Variations]"
Add component (AddParameter): Name = "Value"; Value = "50k"; VariantName = "[No Variations]"
Add Component: Footprint Not Found Wurth_60900213421
Add Component: Footprint Not Found Testpoint_Keystone_Compact
Add Component: Footprint Not Found Testpoint_Keystone_Compact
Add Component: Footprint Not Found Testpoint_Keystone_Compact
Add Component: Footprint Not Found Testpoint_Keystone_Compact
Add Component: Footprint Not Found Testpoint_Keystone_Compact
Add Component: Footprint Not Found Testpoint_Keystone_Compact
Add Component: Footprint Not Found Testpoint_Keystone_Compact
Add Component: Footprint Not Found Testpoint_Keystone_Compact
Add Component: Footprint Not Found Testpoint_Keystone_Compact
Add Component: Footprint Not Found Testpoint_Keystone_Compact
Add Component: Footprint Not Found Harwin_D3082-05
Add Component: Footprint Not Found PWP0016J_N
Add Component: Footprint Not Found DBV0005A_L
Add Component: Footprint Not Found SSOP28_M
Add Component: Footprint Not Found PWP0028C_N
Add Pin To Net: Unknown Pin: Pin C1-1
Add Pin To Net: Unknown Pin: Pin C1-2
Add Pin To Net: Unknown Pin: Pin C2-1
Add Pin To Net: Unknown Pin: Pin C2-2
Add Pin To Net: Unknown Pin: Pin C3-1
Add Pin To Net: Unknown Pin: Pin C3-2
Add Pin To Net: Unknown Pin: Pin C4-1
Add Pin To Net: Unknown Pin: Pin C4-2
Add Pin To Net: Unknown Pin: Pin C10-1
Add Pin To Net: Unknown Pin: Pin C10-2
Add Pin To Net: Unknown Pin: Pin C11-1
Add Pin To Net: Unknown Pin: Pin C11-2
Add Pin To Net: Unknown Pin: Pin C13-1
Add Pin To Net: Unknown Pin: Pin C13-2
Add Pin To Net: Unknown Pin: Pin C14-1
Add Pin To Net: Unknown Pin: Pin C14-2
Add Pin To Net: Unknown Pin: Pin C15-1
Add Pin To Net: Unknown Pin: Pin C15-2
Add Pin To Net: Unknown Pin: Pin C16-1
Add Pin To Net: Unknown Pin: Pin C16-2
Add Pin To Net: Unknown Pin: Pin C17-1
Add Pin To Net: Unknown Pin: Pin C17-2
Add Pin To Net: Unknown Pin: Pin C18-1
Add Pin To Net: Unknown Pin: Pin C18-2
Add Pin To Net: Unknown Pin: Pin C19-1
Add Pin To Net: Unknown Pin: Pin C19-2
Add Pin To Net: Unknown Pin: Pin C20-1
Add Pin To Net: Unknown Pin: Pin C20-2
Add Pin To Net: Unknown Pin: Pin C21-1
Add Pin To Net: Unknown Pin: Pin C21-2
Add Pin To Net: Unknown Pin: Pin C22-1
Add Pin To Net: Unknown Pin: Pin C22-2
Add Pin To Net: Unknown Pin: Pin D1-1
Add Pin To Net: Unknown Pin: Pin D1-2
Add Pin To Net: Unknown Pin: Pin D2-1
Add Pin To Net: Unknown Pin: Pin D2-2
Add Pin To Net: Unknown Pin: Pin D3-1
Add Pin To Net: Unknown Pin: Pin D3-2
Add Pin To Net: Unknown Pin: Pin J2-1
Add Pin To Net: Unknown Pin: Pin J2-2
Add Pin To Net: Unknown Pin: Pin J2-3
Add Pin To Net: Unknown Pin: Pin J3-1
Add Pin To Net: Unknown Pin: Pin J3-2
Add Pin To Net: Unknown Pin: Pin J5-1
Add Pin To Net: Unknown Pin: Pin J5-2
Add Pin To Net: Unknown Pin: Pin J6-1
Add Pin To Net: Unknown Pin: Pin J6-2
Add Pin To Net: Unknown Pin: Pin J8-1
Add Pin To Net: Unknown Pin: Pin J8-6
Add Pin To Net: Unknown Pin: Pin J8-7
Add Pin To Net: Unknown Pin: Pin J8-8
Add Pin To Net: Unknown Pin: Pin J8-9
Add Pin To Net: Unknown Pin: Pin J8-10
Add Pin To Net: Unknown Pin: Pin J8-11
Add Pin To Net: Unknown Pin: Pin J9-1
Add Pin To Net: Unknown Pin: Pin J9-2
Add Pin To Net: Unknown Pin: Pin J14-1
Add Pin To Net: Unknown Pin: Pin J14-2
Add Pin To Net: Unknown Pin: Pin L1-1
Add Pin To Net: Unknown Pin: Pin L1-2
Add Pin To Net: Unknown Pin: Pin R3-1
Add Pin To Net: Unknown Pin: Pin R3-2
Add Pin To Net: Unknown Pin: Pin R5-1
Add Pin To Net: Unknown Pin: Pin R5-2
Add Pin To Net: Unknown Pin: Pin R6-1
Add Pin To Net: Unknown Pin: Pin R6-2
Add Pin To Net: Unknown Pin: Pin R8-1
Add Pin To Net: Unknown Pin: Pin R8-2
Add Pin To Net: Unknown Pin: Pin R10-1
Add Pin To Net: Unknown Pin: Pin R10-2
Add Pin To Net: Unknown Pin: Pin R15-1
Add Pin To Net: Unknown Pin: Pin R15-2
Add Pin To Net: Unknown Pin: Pin R17-1
Add Pin To Net: Unknown Pin: Pin R17-2
Add Pin To Net: Unknown Pin: Pin R18-1
Add Pin To Net: Unknown Pin: Pin R18-2
Add Pin To Net: Unknown Pin: Pin R19-1
Add Pin To Net: Unknown Pin: Pin R19-2
Add Pin To Net: Unknown Pin: Pin R20-1
Add Pin To Net: Unknown Pin: Pin R20-2
Added Pin To Net: NetName=GND Pin=RP1-1
Added Pin To Net: NetName=SPD_REF_2 Pin=RP1-2
Added Pin To Net: NetName=VCC Pin=RP1-3
Add Pin To Net: Unknown Pin: Pin TP1-1
Add Pin To Net: Unknown Pin: Pin TP2-1
Add Pin To Net: Unknown Pin: Pin TP3-1
Add Pin To Net: Unknown Pin: Pin TP4-1
Add Pin To Net: Unknown Pin: Pin TP6-1
Add Pin To Net: Unknown Pin: Pin TP11-1
Add Pin To Net: Unknown Pin: Pin TP11-2
Add Pin To Net: Unknown Pin: Pin U1-1
Add Pin To Net: Unknown Pin: Pin U1-2
Add Pin To Net: Unknown Pin: Pin U1-3
Add Pin To Net: Unknown Pin: Pin U1-4
Add Pin To Net: Unknown Pin: Pin U1-5
Add Pin To Net: Unknown Pin: Pin U1-6
Add Pin To Net: Unknown Pin: Pin U1-7
Add Pin To Net: Unknown Pin: Pin U1-8
Add Pin To Net: Unknown Pin: Pin U1-9
Add Pin To Net: Unknown Pin: Pin U1-10
Add Pin To Net: Unknown Pin: Pin U1-11
Add Pin To Net: Unknown Pin: Pin U1-12
Add Pin To Net: Unknown Pin: Pin U1-13
Add Pin To Net: Unknown Pin: Pin U1-14
Add Pin To Net: Unknown Pin: Pin U1-15
Add Pin To Net: Unknown Pin: Pin U1-16
Add Pin To Net: Unknown Pin: Pin U1-17
Add Pin To Net: Unknown Pin: Pin U3-1
Add Pin To Net: Unknown Pin: Pin U3-3
Add Pin To Net: Unknown Pin: Pin U3-4
Add Pin To Net: Unknown Pin: Pin U3-5
Add Pin To Net: Unknown Pin: Pin U4-7
Add Pin To Net: Unknown Pin: Pin U4-17
Add Pin To Net: Unknown Pin: Pin U4-18
Add Pin To Net: Unknown Pin: Pin U4-21
Add Pin To Net: Unknown Pin: Pin U4-25
Add Pin To Net: Unknown Pin: Pin U5-1
Add Pin To Net: Unknown Pin: Pin U5-2
Add Pin To Net: Unknown Pin: Pin U5-3
Add Pin To Net: Unknown Pin: Pin U5-4
Add Pin To Net: Unknown Pin: Pin U5-6
Add Pin To Net: Unknown Pin: Pin U5-9
Add Pin To Net: Unknown Pin: Pin U5-11
Add Pin To Net: Unknown Pin: Pin U5-12
Add Pin To Net: Unknown Pin: Pin U5-15
Add Pin To Net: Unknown Pin: Pin U5-28
Add Pin To Net: Unknown Pin: Pin U5-29
Add Class Member: Failed to add class member : Component C1 885012206095
Add Class Member: Failed to add class member : Component C2 UBT1H101MPD1TD
Add Class Member: Failed to add class member : Component C3 885012206095
Add Class Member: Failed to add class member : Component C4 885012206091
Add Class Member: Failed to add class member : Component C10 885012207103
Add Class Member: Failed to add class member : Component C11 C0603C475K8PACTU
Added Member To Class: ClassName=DRVS-SCHEMA Member=Component C12 0.1uF
Add Class Member: Failed to add class member : Component C13 GRM155R61A104KA01D
Add Class Member: Failed to add class member : Component C14 GRM155R61A105KE15D
Add Class Member: Failed to add class member : Component C15 CGB3B1X5R1A475K055AC
Add Class Member: Failed to add class member : Component C16 GRM155R61A104KA01D
Add Class Member: Failed to add class member : Component C17 C0603C474K9RACTU
Add Class Member: Failed to add class member : Component C18 C0805C104K1RACTU
Add Class Member: Failed to add class member : Component C19 C0805C104K1RACTU
Add Class Member: Failed to add class member : Component C20 C2012X7R1E474K
Add Class Member: Failed to add class member : Component C21 C0805C104K1RACTU
Add Class Member: Failed to add class member : Component C22 EEE-FK1J101P
Add Class Member: Failed to add class member : Component D1 150060RS75000
Add Class Member: Failed to add class member : Component D2 150060VS75000
Add Class Member: Failed to add class member : Component D3 LTST-C190CKT
Add Class Member: Failed to add class member : Component J2 61300311121
Add Class Member: Failed to add class member : Component J3 D3082-05
Add Class Member: Failed to add class member : Component J5 CMP-0054828-1
Add Class Member: Failed to add class member : Component J6 CMP-0054828-1
Add Class Member: Failed to add class member : Component J8 ZX62-B-5PA(11)
Add Class Member: Failed to add class member : Component J9 ED555/2DS
Add Class Member: Failed to add class member : Component J10 ED555/2DS
Add Class Member: Failed to add class member : Component J11 90120-0122
Add Class Member: Failed to add class member : Component J12 ED555/2DS
Add Class Member: Failed to add class member : Component J13 90120-0122
Add Class Member: Failed to add class member : Component J14 90120-0122
Add Class Member: Failed to add class member : Component L1 MMZ2012R300A
Add Class Member: Failed to add class member : Component R3 ERA-3ARW103V
Added Member To Class: ClassName=DRVS-SCHEMA Member=Component R4 10k
Add Class Member: Failed to add class member : Component R5 CRCW06031K50JNEA
Add Class Member: Failed to add class member : Component R6 ERJ-3GEY0R00V
Add Class Member: Failed to add class member : Component R8 CRCW0603330RJNEA
Add Class Member: Failed to add class member : Component R10 CRCW0603330RJNEA
Add Class Member: Failed to add class member : Component R15 ERJ-3GEY0R00V
Add Class Member: Failed to add class member : Component R17 CSRN2010FKR250
Add Class Member: Failed to add class member : Component R18 CSRN2010FKR250
Add Class Member: Failed to add class member : Component R19 CRCW0402510RJNED
Add Class Member: Failed to add class member : Component R20 CRCW04024K99FKED
Added Member To Class: ClassName=DRVS-SCHEMA Member=Component RP1 3352T-1-503LF
Add Class Member: Failed to add class member : Component SH-J1 60900213421
Add Class Member: Failed to add class member : Component TP1 5016
Add Class Member: Failed to add class member : Component TP2 5016
Add Class Member: Failed to add class member : Component TP3 5016
Add Class Member: Failed to add class member : Component TP4 5015
Add Class Member: Failed to add class member : Component TP5 5016
Add Class Member: Failed to add class member : Component TP6 5016
Add Class Member: Failed to add class member : Component TP7 5016
Add Class Member: Failed to add class member : Component TP8 5016
Add Class Member: Failed to add class member : Component TP9 5016
Add Class Member: Failed to add class member : Component TP10 5016
Add Class Member: Failed to add class member : Component TP11 D3082-05
Add Class Member: Failed to add class member : Component U1 DRV8874PWPR
Add Class Member: Failed to add class member : Component U3 TPS7B6933DBVR
Add Class Member: Failed to add class member : Component U4 FT232RL
Add Class Member: Failed to add class member : Component U5 DRV8880PWPR
Added Room: Name=stepper-schematic
