Change Component Designator: OldDesignator=RP1 NewDesignator=RP2
Change Component Designator: OldDesignator=RP2 NewDesignator=RP1
Add Component: Footprint Not Found 0603L
Add Component: Footprint Not Found BT_1000x1250
Add Component: Footprint Not Found 0603L
Add Component: Footprint Not Found 0603L
Added Component: Designator=C10(0805L)
Add component (AddParameter): Name = "AEC Category"; Value = "Q200"; VariantName = "[No Variations]"
Add component (AddParameter): Name = "AEC Grade"; Value = "N/A"; VariantName = "[No Variations]"
Add component (AddParameter): Name = "AEC Qualified"; Value = "N"; VariantName = "[No Variations]"
Add component (AddParameter): Name = "Alternate Manufacturer"; Value = ""; VariantName = "[No Variations]"
Add component (AddParameter): Name = "Alternate PartNumber"; Value = ""; VariantName = "[No Variations]"
Add component (AddParameter): Name = "Cap_Case"; Value = "0805"; VariantName = "[No Variations]"
Add component (AddParameter): Name = "Cap_F"; Value = "1µF"; VariantName = "[No Variations]"
Add component (AddParameter): Name = "ComponentLink1Description"; Value = "Datasheet link"; VariantName = "[No Variations]"
Add component (AddParameter): Name = "ComponentLink1URL"; Value = "http://katalog.we-online.de/pbs/datasheet/885012207103.pdf"; VariantName = "[No Variations]"
Add component (AddParameter): Name = "CompType"; Value = "Capacitor"; VariantName = "[No Variations]"
Add component (AddParameter): Name = "ESR_ohm"; Value = ""; VariantName = "[No Variations]"
Add component (AddParameter): Name = "IRMS_A"; Value = ""; VariantName = "[No Variations]"
Add component (AddParameter): Name = "LatestRevisionDate"; Value = "2017-03-09"; VariantName = "[No Variations]"
Add component (AddParameter): Name = "Manufacturer"; Value = "Wurth Elektronik"; VariantName = "[No Variations]"
Add component (AddParameter): Name = "MountType"; Value = "SMT"; VariantName = "[No Variations]"
Add component (AddParameter): Name = "PackageReference"; Value = "0805"; VariantName = "[No Variations]"
Add component (AddParameter): Name = "PartNumber"; Value = "885012207103"; VariantName = "[No Variations]"
Add component (AddParameter): Name = "Polarized"; Value = "N"; VariantName = "[No Variations]"
Add component (AddParameter): Name = "Published"; Value = "2008-06-19"; VariantName = "[No Variations]"
Add component (AddParameter): Name = "Publisher"; Value = "Texas Instruments"; VariantName = "[No Variations]"
Add component (AddParameter): Name = "RoHS"; Value = "Y"; VariantName = "[No Variations]"
Add component (AddParameter): Name = "SizeArea_mm2"; Value = "2.5"; VariantName = "[No Variations]"
Add component (AddParameter): Name = "SizeAreaWB_mm2"; Value = "6.75"; VariantName = "[No Variations]"
Add component (AddParameter): Name = "SizeX_mm"; Value = "2"; VariantName = "[No Variations]"
Add component (AddParameter): Name = "SizeY_mm"; Value = "1.25"; VariantName = "[No Variations]"
Add component (AddParameter): Name = "SizeZ_mm"; Value = "1.45"; VariantName = "[No Variations]"
Add component (AddParameter): Name = "Supplier 1"; Value = "Mouser"; VariantName = "[No Variations]"
Add component (AddParameter): Name = "Supplier 2"; Value = ""; VariantName = "[No Variations]"
Add component (AddParameter): Name = "Supplier 3"; Value = ""; VariantName = "[No Variations]"
Add component (AddParameter): Name = "Supplier Part Number 1"; Value = "710-885012207103"; VariantName = "[No Variations]"
Add component (AddParameter): Name = "Supplier Part Number 2"; Value = ""; VariantName = "[No Variations]"
Add component (AddParameter): Name = "Supplier Part Number 3"; Value = ""; VariantName = "[No Variations]"
Add component (AddParameter): Name = "TaMax_C"; Value = "125°C"; VariantName = "[No Variations]"
Add component (AddParameter): Name = "TaMin_C"; Value = "-55°C"; VariantName = "[No Variations]"
Add component (AddParameter): Name = "Technology"; Value = "Ceramic"; VariantName = "[No Variations]"
Add component (AddParameter): Name = "TempCo"; Value = "X7R"; VariantName = "[No Variations]"
Add component (AddParameter): Name = "Tolerance_%"; Value = "10%"; VariantName = "[No Variations]"
Add component (AddParameter): Name = "U/M"; Value = "EA"; VariantName = "[No Variations]"
Add component (AddParameter): Name = "Value"; Value = "1uF"; VariantName = "[No Variations]"
Add component (AddParameter): Name = "Value1"; Value = "Unknown"; VariantName = "[No Variations]"
Add component (AddParameter): Name = "Value2"; Value = "50V"; VariantName = "[No Variations]"
Add component (AddParameter): Name = "ValueDisplayed"; Value = "1uF"; VariantName = "[No Variations]"
Add component (AddParameter): Name = "VDC_V"; Value = "50V"; VariantName = "[No Variations]"
Added Component: Designator=C11(0603L)
Add component (AddParameter): Name = "AEC Category"; Value = "Q200"; VariantName = "[No Variations]"
Add component (AddParameter): Name = "AEC Grade"; Value = ""; VariantName = "[No Variations]"
Add component (AddParameter): Name = "AEC Qualified"; Value = "?"; VariantName = "[No Variations]"
Add component (AddParameter): Name = "Alternate Manufacturer"; Value = ""; VariantName = "[No Variations]"
Add component (AddParameter): Name = "Alternate PartNumber"; Value = ""; VariantName = "[No Variations]"
Add component (AddParameter): Name = "Cap_Case"; Value = "0603"; VariantName = "[No Variations]"
Add component (AddParameter): Name = "Cap_F"; Value = "4.7µF"; VariantName = "[No Variations]"
Add component (AddParameter): Name = "ComponentLink1Description"; Value = "Datasheet link"; VariantName = "[No Variations]"
Add component (AddParameter): Name = "ComponentLink1URL"; Value = "http://www.kemet.com/kemet/web/homepage/kechome.nsf/vapubfiles/F3102_Y5V.pdf/$file/F3102_Y5V.pdf"; VariantName = "[No Variations]"
Add component (AddParameter): Name = "CompType"; Value = "Capacitor"; VariantName = "[No Variations]"
Add component (AddParameter): Name = "ESR_ohm"; Value = "6m"; VariantName = "[No Variations]"
Add component (AddParameter): Name = "IRMS_A"; Value = "7.24A"; VariantName = "[No Variations]"
Add component (AddParameter): Name = "LatestRevisionDate"; Value = "2017-03-09"; VariantName = "[No Variations]"
Add component (AddParameter): Name = "Manufacturer"; Value = "Kemet"; VariantName = "[No Variations]"
Add component (AddParameter): Name = "MountType"; Value = "SMT"; VariantName = "[No Variations]"
Add component (AddParameter): Name = "PackageReference"; Value = "0603"; VariantName = "[No Variations]"
Add component (AddParameter): Name = "PartNumber"; Value = "C0603C475K8PACTU"; VariantName = "[No Variations]"
Add component (AddParameter): Name = "Polarized"; Value = "N"; VariantName = "[No Variations]"
Add component (AddParameter): Name = "Published"; Value = "2008-06-19"; VariantName = "[No Variations]"
Add component (AddParameter): Name = "Publisher"; Value = "Texas Instruments"; VariantName = "[No Variations]"
Add component (AddParameter): Name = "RoHS"; Value = "Y"; VariantName = "[No Variations]"
Add component (AddParameter): Name = "SizeArea_mm2"; Value = "1.28"; VariantName = "[No Variations]"
Add component (AddParameter): Name = "SizeAreaWB_mm2"; Value = "4.68"; VariantName = "[No Variations]"
Add component (AddParameter): Name = "SizeX_mm"; Value = "1.6"; VariantName = "[No Variations]"
Add component (AddParameter): Name = "SizeY_mm"; Value = "0.8"; VariantName = "[No Variations]"
Add component (AddParameter): Name = "SizeZ_mm"; Value = "1"; VariantName = "[No Variations]"
Add component (AddParameter): Name = "Supplier 1"; Value = "Digi-Key"; VariantName = "[No Variations]"
Add component (AddParameter): Name = "Supplier 2"; Value = "Mouser"; VariantName = "[No Variations]"
Add component (AddParameter): Name = "Supplier 3"; Value = "Farnell"; VariantName = "[No Variations]"
Add component (AddParameter): Name = "Supplier Part Number 1"; Value = "399-5503-1-ND"; VariantName = "[No Variations]"
Add component (AddParameter): Name = "Supplier Part Number 2"; Value = "80-C0603C475K8P"; VariantName = "[No Variations]"
Add component (AddParameter): Name = "Supplier Part Number 3"; Value = "1572625"; VariantName = "[No Variations]"
Add component (AddParameter): Name = "TaMax_C"; Value = "85°C"; VariantName = "[No Variations]"
Add component (AddParameter): Name = "TaMin_C"; Value = "-55°C"; VariantName = "[No Variations]"
Add component (AddParameter): Name = "Technology"; Value = "Ceramic"; VariantName = "[No Variations]"
Add component (AddParameter): Name = "TempCo"; Value = "X5R"; VariantName = "[No Variations]"
Add component (AddParameter): Name = "Tolerance_%"; Value = "10%"; VariantName = "[No Variations]"
Add component (AddParameter): Name = "U/M"; Value = "EA"; VariantName = "[No Variations]"
Add component (AddParameter): Name = "Value"; Value = "4.7uF"; VariantName = "[No Variations]"
Add component (AddParameter): Name = "Value1"; Value = "0.006 ohm"; VariantName = "[No Variations]"
Add component (AddParameter): Name = "Value2"; Value = "10V"; VariantName = "[No Variations]"
Add component (AddParameter): Name = "ValueDisplayed"; Value = "4.7uF"; VariantName = "[No Variations]"
Add component (AddParameter): Name = "VDC_V"; Value = "10V"; VariantName = "[No Variations]"
Add Component: Footprint Not Found 0402L
Add Component: Footprint Not Found 0402L
Add Component: Footprint Not Found 0603L
Add Component: Footprint Not Found 0402L
Add Component: Footprint Not Found 0603L
Add Component: Footprint Not Found 0805L
Add Component: Footprint Not Found 0805L
Add Component: Footprint Not Found 0805L
Add Component: Footprint Not Found 0805L
Add Component: Footprint Not Found SM_RADIAL_G
Added Component: Designator=D1(WL-SMCW_RED)
Add component (AddParameter): Name = "AccessRights"; Value = ""; VariantName = "[No Variations]"
Add component (AddParameter): Name = "Alternate Manufacturer"; Value = ""; VariantName = "[No Variations]"
Add component (AddParameter): Name = "Alternate PartNumber"; Value = ""; VariantName = "[No Variations]"
Add component (AddParameter): Name = "AncestorItemRevisionGUID"; Value = ""; VariantName = "[No Variations]"
Add component (AddParameter): Name = "Angle"; Value = "140"; VariantName = "[No Variations]"
Add component (AddParameter): Name = "Color"; Value = "Red"; VariantName = "[No Variations]"
Add component (AddParameter): Name = "ColorTemperature"; Value = ""; VariantName = "[No Variations]"
Add component (AddParameter): Name = "ComponentLink1Description"; Value = "Datasheet link"; VariantName = "[No Variations]"
Add component (AddParameter): Name = "ComponentLink1URL"; Value = "http://katalog.we-online.de/led/datasheet/150060RS75000.pdf"; VariantName = "[No Variations]"
Add component (AddParameter): Name = "ComponentType"; Value = ""; VariantName = "[No Variations]"
Add component (AddParameter): Name = "CompType"; Value = "LED"; VariantName = "[No Variations]"
Add component (AddParameter): Name = "ContentType"; Value = ""; VariantName = "[No Variations]"
Add component (AddParameter): Name = "ContentTypeGUID"; Value = ""; VariantName = "[No Variations]"
Add component (AddParameter): Name = "DynamicResistance"; Value = ""; VariantName = "[No Variations]"
Add component (AddParameter): Name = "Family_Io"; Value = ""; VariantName = "[No Variations]"
Add component (AddParameter): Name = "FamilyName"; Value = ""; VariantName = "[No Variations]"
Add component (AddParameter): Name = "Folder"; Value = ""; VariantName = "[No Variations]"
Add component (AddParameter): Name = "FolderGUID"; Value = ""; VariantName = "[No Variations]"
Add component (AddParameter): Name = "FootprintDescription1"; Value = ""; VariantName = "[No Variations]"
Add component (AddParameter): Name = "FootprintDescription2"; Value = ""; VariantName = "[No Variations]"
Add component (AddParameter): Name = "FootprintName1"; Value = ""; VariantName = "[No Variations]"
Add component (AddParameter): Name = "FootprintName2"; Value = ""; VariantName = "[No Variations]"
Add component (AddParameter): Name = "FootprintRevisionID1"; Value = ""; VariantName = "[No Variations]"
Add component (AddParameter): Name = "FootprintRevisionID2"; Value = ""; VariantName = "[No Variations]"
Add component (AddParameter): Name = "Io_A"; Value = "30mA"; VariantName = "[No Variations]"
Add component (AddParameter): Name = "Ir_A"; Value = ""; VariantName = "[No Variations]"
Add component (AddParameter): Name = "ItemDescription"; Value = ""; VariantName = "[No Variations]"
Add component (AddParameter): Name = "ItemGUID"; Value = ""; VariantName = "[No Variations]"
Add component (AddParameter): Name = "ItemHRID"; Value = ""; VariantName = "[No Variations]"
Add component (AddParameter): Name = "LambdaD"; Value = ""; VariantName = "[No Variations]"
Add component (AddParameter): Name = "LambdaP"; Value = ""; VariantName = "[No Variations]"
Add component (AddParameter): Name = "LatestRevisionDate"; Value = "2017-03-09"; VariantName = "[No Variations]"
Add component (AddParameter): Name = "LifeCycle"; Value = ""; VariantName = "[No Variations]"
Add component (AddParameter): Name = "LifeCycleStateGUID"; Value = ""; VariantName = "[No Variations]"
Add component (AddParameter): Name = "Luminance_Lv"; Value = ""; VariantName = "[No Variations]"
Add component (AddParameter): Name = "LuminousFlux_PhiV"; Value = ""; VariantName = "[No Variations]"
Add component (AddParameter): Name = "LuminousIntensity_IV"; Value = ""; VariantName = "[No Variations]"
Add component (AddParameter): Name = "Manufacturer"; Value = "Wurth Elektronik"; VariantName = "[No Variations]"
Add component (AddParameter): Name = "MountType"; Value = "SMT"; VariantName = "[No Variations]"
Add component (AddParameter): Name = "NumParallelLEDs"; Value = ""; VariantName = "[No Variations]"
Add component (AddParameter): Name = "NumSeriesLEDs"; Value = ""; VariantName = "[No Variations]"
Add component (AddParameter): Name = "PackageReference"; Value = "LED_0603"; VariantName = "[No Variations]"
Add component (AddParameter): Name = "PartNumber"; Value = "150060RS75000"; VariantName = "[No Variations]"
Add component (AddParameter): Name = "Power_TotalModule"; Value = "72mW"; VariantName = "[No Variations]"
Add component (AddParameter): Name = "Published"; Value = "2008-07-11"; VariantName = "[No Variations]"
Add component (AddParameter): Name = "Publisher"; Value = "Texas Instruments"; VariantName = "[No Variations]"
Add component (AddParameter): Name = "ReleaseDate"; Value = ""; VariantName = "[No Variations]"
Add component (AddParameter): Name = "ReleaseNote"; Value = ""; VariantName = "[No Variations]"
Add component (AddParameter): Name = "RevisionId"; Value = ""; VariantName = "[No Variations]"
Add component (AddParameter): Name = "RevisionNamingSchemeGUID"; Value = ""; VariantName = "[No Variations]"
Add component (AddParameter): Name = "RJC_CperW"; Value = ""; VariantName = "[No Variations]"
Add component (AddParameter): Name = "RoHS"; Value = "Y"; VariantName = "[No Variations]"
Add component (AddParameter): Name = "SizeArea_mm2"; Value = ""; VariantName = "[No Variations]"
Add component (AddParameter): Name = "SizeAreaWB_mm2"; Value = ""; VariantName = "[No Variations]"
Add component (AddParameter): Name = "SizeX_mm"; Value = ""; VariantName = "[No Variations]"
Add component (AddParameter): Name = "SizeY_mm"; Value = ""; VariantName = "[No Variations]"
Add component (AddParameter): Name = "SizeZ_mm"; Value = ""; VariantName = "[No Variations]"
Add component (AddParameter): Name = "SourceGUID"; Value = ""; VariantName = "[No Variations]"
Add component (AddParameter): Name = "SourceVaultGUID"; Value = ""; VariantName = "[No Variations]"
Add component (AddParameter): Name = "Supplier 1"; Value = "Digi-Key"; VariantName = "[No Variations]"
Add component (AddParameter): Name = "Supplier 2"; Value = "Newark"; VariantName = "[No Variations]"
Add component (AddParameter): Name = "Supplier 3"; Value = "Mouser"; VariantName = "[No Variations]"
Add component (AddParameter): Name = "Supplier Part Number 1"; Value = "732-4978-1-ND"; VariantName = "[No Variations]"
Add component (AddParameter): Name = "Supplier Part Number 2"; Value = "95W3795"; VariantName = "[No Variations]"
Add component (AddParameter): Name = "Supplier Part Number 3"; Value = "710-150060RS75000"; VariantName = "[No Variations]"
Add component (AddParameter): Name = "Tjmax_C"; Value = "85°C"; VariantName = "[No Variations]"
Add component (AddParameter): Name = "Type"; Value = "AlInGaP"; VariantName = "[No Variations]"
Add component (AddParameter): Name = "U/M"; Value = "EA"; VariantName = "[No Variations]"
Add component (AddParameter): Name = "VALUE"; Value = "Red"; VariantName = "[No Variations]"
Add component (AddParameter): Name = "Value1"; Value = "0.072W"; VariantName = "[No Variations]"
Add component (AddParameter): Name = "Value2"; Value = "2V"; VariantName = "[No Variations]"
Add component (AddParameter): Name = "Vf_V"; Value = "2V"; VariantName = "[No Variations]"
Add component (AddParameter): Name = "Vr_V"; Value = "5V"; VariantName = "[No Variations]"
Added Component: Designator=D2(WL-SMCW_GREEN)
Add component (AddParameter): Name = "Alternate Manufacturer"; Value = ""; VariantName = "[No Variations]"
Add component (AddParameter): Name = "Alternate PartNumber"; Value = ""; VariantName = "[No Variations]"
Add component (AddParameter): Name = "Angle"; Value = ""; VariantName = "[No Variations]"
Add component (AddParameter): Name = "Color"; Value = "green"; VariantName = "[No Variations]"
Add component (AddParameter): Name = "ColorTemperature"; Value = ""; VariantName = "[No Variations]"
Add component (AddParameter): Name = "ComponentLink1Description"; Value = "Datasheet link"; VariantName = "[No Variations]"
Add component (AddParameter): Name = "ComponentLink1URL"; Value = "http://katalog.we-online.de/led/datasheet/150060VS75000.pdf"; VariantName = "[No Variations]"
Add component (AddParameter): Name = "CompType"; Value = "LED"; VariantName = "[No Variations]"
Add component (AddParameter): Name = "DynamicResistance"; Value = ""; VariantName = "[No Variations]"
Add component (AddParameter): Name = "Family_Io"; Value = ""; VariantName = "[No Variations]"
Add component (AddParameter): Name = "FamilyName"; Value = ""; VariantName = "[No Variations]"
Add component (AddParameter): Name = "Io_A"; Value = "20mA"; VariantName = "[No Variations]"
Add component (AddParameter): Name = "Ir_A"; Value = ""; VariantName = "[No Variations]"
Add component (AddParameter): Name = "LambdaD"; Value = ""; VariantName = "[No Variations]"
Add component (AddParameter): Name = "LambdaP"; Value = ""; VariantName = "[No Variations]"
Add component (AddParameter): Name = "LatestRevisionDate"; Value = "2017-03-09"; VariantName = "[No Variations]"
Add component (AddParameter): Name = "Luminance_Lv"; Value = ""; VariantName = "[No Variations]"
Add component (AddParameter): Name = "LuminousFlux_PhiV"; Value = ""; VariantName = "[No Variations]"
Add component (AddParameter): Name = "LuminousIntensity_IV"; Value = ""; VariantName = "[No Variations]"
Add component (AddParameter): Name = "Manufacturer"; Value = "Wurth Elektronik"; VariantName = "[No Variations]"
Add component (AddParameter): Name = "MountType"; Value = "SMT"; VariantName = "[No Variations]"
Add component (AddParameter): Name = "NumParallelLEDs"; Value = ""; VariantName = "[No Variations]"
Add component (AddParameter): Name = "NumSeriesLEDs"; Value = ""; VariantName = "[No Variations]"
Add component (AddParameter): Name = "PackageReference"; Value = "LED_0603"; VariantName = "[No Variations]"
Add component (AddParameter): Name = "PartNumber"; Value = "150060VS75000"; VariantName = "[No Variations]"
Add component (AddParameter): Name = "Power_TotalModule"; Value = ""; VariantName = "[No Variations]"
Add component (AddParameter): Name = "Published"; Value = "2008-07-11"; VariantName = "[No Variations]"
Add component (AddParameter): Name = "Publisher"; Value = "Texas Instruments"; VariantName = "[No Variations]"
Add component (AddParameter): Name = "RJC_CperW"; Value = ""; VariantName = "[No Variations]"
Add component (AddParameter): Name = "RoHS"; Value = "Y"; VariantName = "[No Variations]"
Add component (AddParameter): Name = "SizeArea_mm2"; Value = ""; VariantName = "[No Variations]"
Add component (AddParameter): Name = "SizeAreaWB_mm2"; Value = ""; VariantName = "[No Variations]"
Add component (AddParameter): Name = "SizeX_mm"; Value = ""; VariantName = "[No Variations]"
Add component (AddParameter): Name = "SizeY_mm"; Value = ""; VariantName = "[No Variations]"
Add component (AddParameter): Name = "SizeZ_mm"; Value = ""; VariantName = "[No Variations]"
Add component (AddParameter): Name = "Supplier 1"; Value = "Digi-Key"; VariantName = "[No Variations]"
Add component (AddParameter): Name = "Supplier 2"; Value = "Newark"; VariantName = "[No Variations]"
Add component (AddParameter): Name = "Supplier 3"; Value = "Farnell"; VariantName = "[No Variations]"
Add component (AddParameter): Name = "Supplier Part Number 1"; Value = "732-4980-1-ND"; VariantName = "[No Variations]"
Add component (AddParameter): Name = "Supplier Part Number 2"; Value = "95W3797"; VariantName = "[No Variations]"
Add component (AddParameter): Name = "Supplier Part Number 3"; Value = "2322073"; VariantName = "[No Variations]"
Add component (AddParameter): Name = "Tjmax_C"; Value = ""; VariantName = "[No Variations]"
Add component (AddParameter): Name = "Type"; Value = "AlInGaP"; VariantName = "[No Variations]"
Add component (AddParameter): Name = "U/M"; Value = "EA"; VariantName = "[No Variations]"
Add component (AddParameter): Name = "VALUE"; Value = "Green"; VariantName = "[No Variations]"
Add component (AddParameter): Name = "Value1"; Value = "W"; VariantName = "[No Variations]"
Add component (AddParameter): Name = "Value2"; Value = "2V"; VariantName = "[No Variations]"
Add component (AddParameter): Name = "Vf_V"; Value = "2V"; VariantName = "[No Variations]"
Add component (AddParameter): Name = "Vr_V"; Value = ""; VariantName = "[No Variations]"
Add Component: Footprint Not Found LED_LTST-C190_Red
Added Component: Designator=J2(Harwin_D3082-05)
Add component (AddParameter): Name = "Alternate Manufacturer"; Value = ""; VariantName = "[No Variations]"
Add component (AddParameter): Name = "Alternate PartNumber"; Value = ""; VariantName = "[No Variations]"
Add component (AddParameter): Name = "Cert_CSA"; Value = ""; VariantName = "[No Variations]"
Add component (AddParameter): Name = "Cert_CULUS"; Value = ""; VariantName = "[No Variations]"
Add component (AddParameter): Name = "Cert_UL"; Value = ""; VariantName = "[No Variations]"
Add component (AddParameter): Name = "Cert_VDE"; Value = ""; VariantName = "[No Variations]"
Add component (AddParameter): Name = "ClassName"; Value = ""; VariantName = "[No Variations]"
Add component (AddParameter): Name = "CNHeader"; Value = "False"; VariantName = "[No Variations]"
Add component (AddParameter): Name = "Color"; Value = ""; VariantName = "[No Variations]"
Add component (AddParameter): Name = "ComponentLink1Description"; Value = "Datasheet URL"; VariantName = "[No Variations]"
Add component (AddParameter): Name = "ComponentLink1URL"; Value = "http://cdn.harwin.com/pdfs/D3080-D3083.pdf"; VariantName = "[No Variations]"
Add component (AddParameter): Name = "CompType"; Value = "Jumper Wire"; VariantName = "[No Variations]"
Add component (AddParameter): Name = "ContactFinish"; Value = ""; VariantName = "[No Variations]"
Add component (AddParameter): Name = "CT"; Value = "False"; VariantName = "[No Variations]"
Add component (AddParameter): Name = "Current_A"; Value = ""; VariantName = "[No Variations]"
Add component (AddParameter): Name = "Gender"; Value = ""; VariantName = "[No Variations]"
Add component (AddParameter): Name = "Green_EU RoHS"; Value = "Passed with Exemption"; VariantName = "[No Variations]"
Add component (AddParameter): Name = "Green_EU RoHS-2"; Value = "Passed"; VariantName = "[No Variations]"
Add component (AddParameter): Name = "Green_Lifecycle"; Value = "Active"; VariantName = "[No Variations]"
Add component (AddParameter): Name = "Green_REACh"; Value = "Passed"; VariantName = "[No Variations]"
Add component (AddParameter): Name = "LatestRevisionDate"; Value = "2017-07-12"; VariantName = "[No Variations]"
Add component (AddParameter): Name = "Manufacturer"; Value = "Harwin"; VariantName = "[No Variations]"
Add component (AddParameter): Name = "MountType"; Value = "TH"; VariantName = "[No Variations]"
Add component (AddParameter): Name = "Note"; Value = ""; VariantName = "[No Variations]"
Add component (AddParameter): Name = "Orientation"; Value = ""; VariantName = "[No Variations]"
Add component (AddParameter): Name = "PackageReference"; Value = "Shorting Plug, 10.16mm spacing, TH"; VariantName = "[No Variations]"
Add component (AddParameter): Name = "PartNumber"; Value = "D3082-05"; VariantName = "[No Variations]"
Add component (AddParameter): Name = "PinCount"; Value = ""; VariantName = "[No Variations]"
Add component (AddParameter): Name = "Pitch_mm"; Value = ""; VariantName = "[No Variations]"
Add component (AddParameter): Name = "Publisher"; Value = "Texas Instruments"; VariantName = "[No Variations]"
Add component (AddParameter): Name = "RoHS"; Value = "Y"; VariantName = "[No Variations]"
Add component (AddParameter): Name = "Row_Count"; Value = ""; VariantName = "[No Variations]"
Add component (AddParameter): Name = "RowSpacing_mm"; Value = ""; VariantName = "[No Variations]"
Add component (AddParameter): Name = "Shrouded"; Value = ""; VariantName = "[No Variations]"
Add component (AddParameter): Name = "Supplier 1"; Value = "Digi-Key"; VariantName = "[No Variations]"
Add component (AddParameter): Name = "Supplier 2"; Value = "Newark"; VariantName = "[No Variations]"
Add component (AddParameter): Name = "Supplier 3"; Value = "Mouser"; VariantName = "[No Variations]"
Add component (AddParameter): Name = "Supplier Part Number 1"; Value = "952-1873-ND"; VariantName = "[No Variations]"
Add component (AddParameter): Name = "Supplier Part Number 2"; Value = "01E9240"; VariantName = "[No Variations]"
Add component (AddParameter): Name = "Supplier Part Number 3"; Value = "855-D3082-05"; VariantName = "[No Variations]"
Add component (AddParameter): Name = "Voltage_V"; Value = ""; VariantName = "[No Variations]"
Added Component: Designator=J3(WURTH_61300311121)
Add component (AddParameter): Name = "Alternate Manufacturer"; Value = ""; VariantName = "[No Variations]"
Add component (AddParameter): Name = "Alternate PartNumber"; Value = ""; VariantName = "[No Variations]"
Add component (AddParameter): Name = "Cert_CSA"; Value = ""; VariantName = "[No Variations]"
Add component (AddParameter): Name = "Cert_CULUS"; Value = ""; VariantName = "[No Variations]"
Add component (AddParameter): Name = "Cert_UL"; Value = ""; VariantName = "[No Variations]"
Add component (AddParameter): Name = "Cert_VDE"; Value = ""; VariantName = "[No Variations]"
Add component (AddParameter): Name = "ClassName"; Value = "Header"; VariantName = "[No Variations]"
Add component (AddParameter): Name = "CNHeader"; Value = "TRUE"; VariantName = "[No Variations]"
Add component (AddParameter): Name = "Color"; Value = ""; VariantName = "[No Variations]"
Add component (AddParameter): Name = "ComponentLink1Description"; Value = "Datasheet URL"; VariantName = "[No Variations]"
Add component (AddParameter): Name = "ComponentLink1URL"; Value = "http://katalog.we-online.de/em/datasheet/6130xx11121.pdf"; VariantName = "[No Variations]"
Add component (AddParameter): Name = "CompType"; Value = "Header"; VariantName = "[No Variations]"
Add component (AddParameter): Name = "ContactFinish"; Value = ""; VariantName = "[No Variations]"
Add component (AddParameter): Name = "CT"; Value = "FALSE"; VariantName = "[No Variations]"
Add component (AddParameter): Name = "Current_A"; Value = ""; VariantName = "[No Variations]"
Add component (AddParameter): Name = "Gender"; Value = ""; VariantName = "[No Variations]"
Add component (AddParameter): Name = "Green_EU RoHS"; Value = "Passed"; VariantName = "[No Variations]"
Add component (AddParameter): Name = "Green_EU RoHS-2"; Value = "Incomplete"; VariantName = "[No Variations]"
Add component (AddParameter): Name = "Green_Lifecycle"; Value = "Active"; VariantName = "[No Variations]"
Add component (AddParameter): Name = "Green_REACh"; Value = "Passed"; VariantName = "[No Variations]"
Add component (AddParameter): Name = "LatestRevisionDate"; Value = "26/05/2017"; VariantName = "[No Variations]"
Add component (AddParameter): Name = "Manufacturer"; Value = "Wurth Elektronik"; VariantName = "[No Variations]"
Add component (AddParameter): Name = "MountType"; Value = "TH"; VariantName = "[No Variations]"
Add component (AddParameter): Name = "Note"; Value = ""; VariantName = "[No Variations]"
Add component (AddParameter): Name = "Orientation"; Value = ""; VariantName = "[No Variations]"
Add component (AddParameter): Name = "PackageReference"; Value = "Header, 2.54mm, 3x1, TH"; VariantName = "[No Variations]"
Add component (AddParameter): Name = "PartNumber"; Value = "61300311121"; VariantName = "[No Variations]"
Add component (AddParameter): Name = "PinCount"; Value = ""; VariantName = "[No Variations]"
Add component (AddParameter): Name = "Pitch_mm"; Value = ""; VariantName = "[No Variations]"
Add component (AddParameter): Name = "Publisher"; Value = "Texas Instruments"; VariantName = "[No Variations]"
Add component (AddParameter): Name = "RoHS"; Value = "Y"; VariantName = "[No Variations]"
Add component (AddParameter): Name = "Row_Count"; Value = ""; VariantName = "[No Variations]"
Add component (AddParameter): Name = "RowSpacing_mm"; Value = ""; VariantName = "[No Variations]"
Add component (AddParameter): Name = "Shrouded"; Value = ""; VariantName = "[No Variations]"
Add component (AddParameter): Name = "Supplier 1"; Value = "Digi-Key"; VariantName = "[No Variations]"
Add component (AddParameter): Name = "Supplier 2"; Value = "Newark"; VariantName = "[No Variations]"
Add component (AddParameter): Name = "Supplier 3"; Value = "Farnell"; VariantName = "[No Variations]"
Add component (AddParameter): Name = "Supplier Part Number 1"; Value = "732-5316-ND"; VariantName = "[No Variations]"
Add component (AddParameter): Name = "Supplier Part Number 2"; Value = "20X0950"; VariantName = "[No Variations]"
Add component (AddParameter): Name = "Supplier Part Number 3"; Value = "356154"; VariantName = "[No Variations]"
Add component (AddParameter): Name = "Voltage_V"; Value = ""; VariantName = "[No Variations]"
Added Component: Designator=J5(Wurth_691101710002)
Add component (AddParameter): Name = "Alternate Manufacturer"; Value = ""; VariantName = "[No Variations]"
Add component (AddParameter): Name = "Alternate PartNumber"; Value = ""; VariantName = "[No Variations]"
Add component (AddParameter): Name = "Cert_CSA"; Value = ""; VariantName = "[No Variations]"
Add component (AddParameter): Name = "Cert_CULUS"; Value = ""; VariantName = "[No Variations]"
Add component (AddParameter): Name = "Cert_UL"; Value = ""; VariantName = "[No Variations]"
Add component (AddParameter): Name = "Cert_VDE"; Value = ""; VariantName = "[No Variations]"
Add component (AddParameter): Name = "ClassName"; Value = ""; VariantName = "[No Variations]"
Add component (AddParameter): Name = "CNHeader"; Value = "FALSE"; VariantName = "[No Variations]"
Add component (AddParameter): Name = "Color"; Value = ""; VariantName = "[No Variations]"
Add component (AddParameter): Name = "ComponentLink1Description"; Value = "Datasheet URL"; VariantName = "[No Variations]"
Add component (AddParameter): Name = "ComponentLink1URL"; Value = "http://katalog.we-online.de/em/datasheet/6911017100xx.pdf"; VariantName = "[No Variations]"
Add component (AddParameter): Name = "CompType"; Value = "Terminal Block"; VariantName = "[No Variations]"
Add component (AddParameter): Name = "ContactFinish"; Value = ""; VariantName = "[No Variations]"
Add component (AddParameter): Name = "CT"; Value = "TRUE"; VariantName = "[No Variations]"
Add component (AddParameter): Name = "Current_A"; Value = ""; VariantName = "[No Variations]"
Add component (AddParameter): Name = "Gender"; Value = ""; VariantName = "[No Variations]"
Add component (AddParameter): Name = "Green_EU RoHS"; Value = "Passed"; VariantName = "[No Variations]"
Add component (AddParameter): Name = "Green_EU RoHS-2"; Value = "Incomplete"; VariantName = "[No Variations]"
Add component (AddParameter): Name = "Green_Lifecycle"; Value = "Active"; VariantName = "[No Variations]"
Add component (AddParameter): Name = "Green_REACh"; Value = "Passed"; VariantName = "[No Variations]"
Add component (AddParameter): Name = "LatestRevisionDate"; Value = "26/05/2017"; VariantName = "[No Variations]"
Add component (AddParameter): Name = "Manufacturer"; Value = "Wurth Elektronik"; VariantName = "[No Variations]"
Add component (AddParameter): Name = "MountType"; Value = "TH"; VariantName = "[No Variations]"
Add component (AddParameter): Name = "Note"; Value = ""; VariantName = "[No Variations]"
Add component (AddParameter): Name = "Orientation"; Value = ""; VariantName = "[No Variations]"
Add component (AddParameter): Name = "PackageReference"; Value = "Terminal Block, 5 mm, 2x1, TH"; VariantName = "[No Variations]"
Add component (AddParameter): Name = "PartNumber"; Value = "691 101 710 002"; VariantName = "[No Variations]"
Add component (AddParameter): Name = "PinCount"; Value = ""; VariantName = "[No Variations]"
Add component (AddParameter): Name = "Pitch_mm"; Value = ""; VariantName = "[No Variations]"
Add component (AddParameter): Name = "Publisher"; Value = "Texas Instruments"; VariantName = "[No Variations]"
Add component (AddParameter): Name = "RoHS"; Value = "Y"; VariantName = "[No Variations]"
Add component (AddParameter): Name = "Row_Count"; Value = ""; VariantName = "[No Variations]"
Add component (AddParameter): Name = "RowSpacing_mm"; Value = ""; VariantName = "[No Variations]"
Add component (AddParameter): Name = "Shrouded"; Value = ""; VariantName = "[No Variations]"
Add component (AddParameter): Name = "Supplier 1"; Value = "Digi-Key"; VariantName = "[No Variations]"
Add component (AddParameter): Name = "Supplier 2"; Value = "Mouser"; VariantName = "[No Variations]"
Add component (AddParameter): Name = "Supplier 3"; Value = ""; VariantName = "[No Variations]"
Add component (AddParameter): Name = "Supplier Part Number 1"; Value = "732-2026-ND"; VariantName = "[No Variations]"
Add component (AddParameter): Name = "Supplier Part Number 2"; Value = "710-691101710002"; VariantName = "[No Variations]"
Add component (AddParameter): Name = "Supplier Part Number 3"; Value = ""; VariantName = "[No Variations]"
Add component (AddParameter): Name = "Voltage_V"; Value = ""; VariantName = "[No Variations]"
Added Component: Designator=J6(Wurth_691101710002)
Add component (AddParameter): Name = "Alternate Manufacturer"; Value = ""; VariantName = "[No Variations]"
Add component (AddParameter): Name = "Alternate PartNumber"; Value = ""; VariantName = "[No Variations]"
Add component (AddParameter): Name = "Cert_CSA"; Value = ""; VariantName = "[No Variations]"
Add component (AddParameter): Name = "Cert_CULUS"; Value = ""; VariantName = "[No Variations]"
Add component (AddParameter): Name = "Cert_UL"; Value = ""; VariantName = "[No Variations]"
Add component (AddParameter): Name = "Cert_VDE"; Value = ""; VariantName = "[No Variations]"
Add component (AddParameter): Name = "ClassName"; Value = ""; VariantName = "[No Variations]"
Add component (AddParameter): Name = "CNHeader"; Value = "FALSE"; VariantName = "[No Variations]"
Add component (AddParameter): Name = "Color"; Value = ""; VariantName = "[No Variations]"
Add component (AddParameter): Name = "ComponentLink1Description"; Value = "Datasheet URL"; VariantName = "[No Variations]"
Add component (AddParameter): Name = "ComponentLink1URL"; Value = "http://katalog.we-online.de/em/datasheet/6911017100xx.pdf"; VariantName = "[No Variations]"
Add component (AddParameter): Name = "CompType"; Value = "Terminal Block"; VariantName = "[No Variations]"
Add component (AddParameter): Name = "ContactFinish"; Value = ""; VariantName = "[No Variations]"
Add component (AddParameter): Name = "CT"; Value = "TRUE"; VariantName = "[No Variations]"
Add component (AddParameter): Name = "Current_A"; Value = ""; VariantName = "[No Variations]"
Add component (AddParameter): Name = "Gender"; Value = ""; VariantName = "[No Variations]"
Add component (AddParameter): Name = "Green_EU RoHS"; Value = "Passed"; VariantName = "[No Variations]"
Add component (AddParameter): Name = "Green_EU RoHS-2"; Value = "Incomplete"; VariantName = "[No Variations]"
Add component (AddParameter): Name = "Green_Lifecycle"; Value = "Active"; VariantName = "[No Variations]"
Add component (AddParameter): Name = "Green_REACh"; Value = "Passed"; VariantName = "[No Variations]"
Add component (AddParameter): Name = "LatestRevisionDate"; Value = "26/05/2017"; VariantName = "[No Variations]"
Add component (AddParameter): Name = "Manufacturer"; Value = "Wurth Elektronik"; VariantName = "[No Variations]"
Add component (AddParameter): Name = "MountType"; Value = "TH"; VariantName = "[No Variations]"
Add component (AddParameter): Name = "Note"; Value = ""; VariantName = "[No Variations]"
Add component (AddParameter): Name = "Orientation"; Value = ""; VariantName = "[No Variations]"
Add component (AddParameter): Name = "PackageReference"; Value = "Terminal Block, 5 mm, 2x1, TH"; VariantName = "[No Variations]"
Add component (AddParameter): Name = "PartNumber"; Value = "691 101 710 002"; VariantName = "[No Variations]"
Add component (AddParameter): Name = "PinCount"; Value = ""; VariantName = "[No Variations]"
Add component (AddParameter): Name = "Pitch_mm"; Value = ""; VariantName = "[No Variations]"
Add component (AddParameter): Name = "Publisher"; Value = "Texas Instruments"; VariantName = "[No Variations]"
Add component (AddParameter): Name = "RoHS"; Value = "Y"; VariantName = "[No Variations]"
Add component (AddParameter): Name = "Row_Count"; Value = ""; VariantName = "[No Variations]"
Add component (AddParameter): Name = "RowSpacing_mm"; Value = ""; VariantName = "[No Variations]"
Add component (AddParameter): Name = "Shrouded"; Value = ""; VariantName = "[No Variations]"
Add component (AddParameter): Name = "Supplier 1"; Value = "Digi-Key"; VariantName = "[No Variations]"
Add component (AddParameter): Name = "Supplier 2"; Value = "Mouser"; VariantName = "[No Variations]"
Add component (AddParameter): Name = "Supplier 3"; Value = ""; VariantName = "[No Variations]"
Add component (AddParameter): Name = "Supplier Part Number 1"; Value = "732-2026-ND"; VariantName = "[No Variations]"
Add component (AddParameter): Name = "Supplier Part Number 2"; Value = "710-691101710002"; VariantName = "[No Variations]"
Add component (AddParameter): Name = "Supplier Part Number 3"; Value = ""; VariantName = "[No Variations]"
Add component (AddParameter): Name = "Voltage_V"; Value = ""; VariantName = "[No Variations]"
Add Component: Footprint Not Found CONN_USB_micro_ZX62-B-5PA
Add Component: Footprint Not Found TERM_BLK_ED555-2DS
Add Component: Footprint Not Found TERM_BLK_ED555-2DS
Add Component: Footprint Not Found CONN_90120-0122
Add Component: Footprint Not Found TERM_BLK_ED555-2DS
Add Component: Footprint Not Found CONN_90120-0122
Add Component: Footprint Not Found CONN_90120-0122
Add Component: Footprint Not Found 0805L
Add Component: Footprint Not Found 0603L
Add Component: Footprint Not Found 0603L
Add Component: Footprint Not Found 0603L
Added Component: Designator=R8(0603L)
Add component (AddParameter): Name = "AEC Category"; Value = "Q200"; VariantName = "[No Variations]"
Add component (AddParameter): Name = "AEC Grade"; Value = "0"; VariantName = "[No Variations]"
Add component (AddParameter): Name = "AEC Qualified"; Value = "Y"; VariantName = "[No Variations]"
Add component (AddParameter): Name = "Alternate Manufacturer"; Value = ""; VariantName = "[No Variations]"
Add component (AddParameter): Name = "Alternate PartNumber"; Value = ""; VariantName = "[No Variations]"
Add component (AddParameter): Name = "ComponentLink1Description"; Value = "Datasheet link"; VariantName = "[No Variations]"
Add component (AddParameter): Name = "ComponentLink1URL"; Value = "http://www.vishay.com/docs/20035/dcrcwe3.pdf"; VariantName = "[No Variations]"
Add component (AddParameter): Name = "CompType"; Value = "Resistor"; VariantName = "[No Variations]"
Add component (AddParameter): Name = "EIA_Code"; Value = "E24"; VariantName = "[No Variations]"
Add component (AddParameter): Name = "Green_EU RoHS"; Value = ""; VariantName = "[No Variations]"
Add component (AddParameter): Name = "Green_EU RoHS-2"; Value = ""; VariantName = "[No Variations]"
Add component (AddParameter): Name = "Green_Lifecycle"; Value = ""; VariantName = "[No Variations]"
Add component (AddParameter): Name = "Green_REACh"; Value = ""; VariantName = "[No Variations]"
Add component (AddParameter): Name = "Manufacturer"; Value = "Vishay-Dale"; VariantName = "[No Variations]"
Add component (AddParameter): Name = "MountType"; Value = "SMT"; VariantName = "[No Variations]"
Add component (AddParameter): Name = "PackageReference"; Value = "0603"; VariantName = "[No Variations]"
Add component (AddParameter): Name = "PartNumber"; Value = "CRCW0603330RJNEA"; VariantName = "[No Variations]"
Add component (AddParameter): Name = "Power_W"; Value = "100mW"; VariantName = "[No Variations]"
Add component (AddParameter): Name = "Res_ohm"; Value = "330"; VariantName = "[No Variations]"
Add component (AddParameter): Name = "RoHS"; Value = "E"; VariantName = "[No Variations]"
Add component (AddParameter): Name = "SizeArea_mm2"; Value = "1.28"; VariantName = "[No Variations]"
Add component (AddParameter): Name = "SizeX_mm"; Value = "1.6"; VariantName = "[No Variations]"
Add component (AddParameter): Name = "SizeY_mm"; Value = "0.8"; VariantName = "[No Variations]"
Add component (AddParameter): Name = "SizeZ_mm"; Value = "1"; VariantName = "[No Variations]"
Add component (AddParameter): Name = "Supplier 1"; Value = "Digi-Key"; VariantName = "[No Variations]"
Add component (AddParameter): Name = "Supplier 2"; Value = "Newark"; VariantName = "[No Variations]"
Add component (AddParameter): Name = "Supplier 3"; Value = "Mouser"; VariantName = "[No Variations]"
Add component (AddParameter): Name = "Supplier Part Number 1"; Value = "541-330GCT-ND"; VariantName = "[No Variations]"
Add component (AddParameter): Name = "Supplier Part Number 2"; Value = "59M6805"; VariantName = "[No Variations]"
Add component (AddParameter): Name = "Supplier Part Number 3"; Value = "71-CRCW0603J-330-E3"; VariantName = "[No Variations]"
Add component (AddParameter): Name = "Technology"; Value = "Thick Film"; VariantName = "[No Variations]"
Add component (AddParameter): Name = "TempCo"; Value = "200 ppm/C"; VariantName = "[No Variations]"
Add component (AddParameter): Name = "Tolerance_%"; Value = "5%"; VariantName = "[No Variations]"
Add component (AddParameter): Name = "Value"; Value = "330"; VariantName = "[No Variations]"
Add component (AddParameter): Name = "Value1"; Value = "5%"; VariantName = "[No Variations]"
Add component (AddParameter): Name = "Value2"; Value = "0.1W"; VariantName = "[No Variations]"
Add component (AddParameter): Name = "Value_Code"; Value = "330R"; VariantName = "[No Variations]"
Add component (AddParameter): Name = "ValueDisplayed"; Value = "330"; VariantName = "[No Variations]"
Add component (AddParameter): Name = "VDC_V"; Value = "75V"; VariantName = "[No Variations]"
Added Component: Designator=R10(0603L)
Add component (AddParameter): Name = "AEC Category"; Value = "Q200"; VariantName = "[No Variations]"
Add component (AddParameter): Name = "AEC Grade"; Value = "0"; VariantName = "[No Variations]"
Add component (AddParameter): Name = "AEC Qualified"; Value = "Y"; VariantName = "[No Variations]"
Add component (AddParameter): Name = "Alternate Manufacturer"; Value = ""; VariantName = "[No Variations]"
Add component (AddParameter): Name = "Alternate PartNumber"; Value = ""; VariantName = "[No Variations]"
Add component (AddParameter): Name = "ComponentLink1Description"; Value = "Datasheet link"; VariantName = "[No Variations]"
Add component (AddParameter): Name = "ComponentLink1URL"; Value = "http://www.vishay.com/docs/20035/dcrcwe3.pdf"; VariantName = "[No Variations]"
Add component (AddParameter): Name = "CompType"; Value = "Resistor"; VariantName = "[No Variations]"
Add component (AddParameter): Name = "EIA_Code"; Value = "E24"; VariantName = "[No Variations]"
Add component (AddParameter): Name = "Green_EU RoHS"; Value = ""; VariantName = "[No Variations]"
Add component (AddParameter): Name = "Green_EU RoHS-2"; Value = ""; VariantName = "[No Variations]"
Add component (AddParameter): Name = "Green_Lifecycle"; Value = ""; VariantName = "[No Variations]"
Add component (AddParameter): Name = "Green_REACh"; Value = ""; VariantName = "[No Variations]"
Add component (AddParameter): Name = "Manufacturer"; Value = "Vishay-Dale"; VariantName = "[No Variations]"
Add component (AddParameter): Name = "MountType"; Value = "SMT"; VariantName = "[No Variations]"
Add component (AddParameter): Name = "PackageReference"; Value = "0603"; VariantName = "[No Variations]"
Add component (AddParameter): Name = "PartNumber"; Value = "CRCW0603330RJNEA"; VariantName = "[No Variations]"
Add component (AddParameter): Name = "Power_W"; Value = "100mW"; VariantName = "[No Variations]"
Add component (AddParameter): Name = "Res_ohm"; Value = "330"; VariantName = "[No Variations]"
Add component (AddParameter): Name = "RoHS"; Value = "E"; VariantName = "[No Variations]"
Add component (AddParameter): Name = "SizeArea_mm2"; Value = "1.28"; VariantName = "[No Variations]"
Add component (AddParameter): Name = "SizeX_mm"; Value = "1.6"; VariantName = "[No Variations]"
Add component (AddParameter): Name = "SizeY_mm"; Value = "0.8"; VariantName = "[No Variations]"
Add component (AddParameter): Name = "SizeZ_mm"; Value = "1"; VariantName = "[No Variations]"
Add component (AddParameter): Name = "Supplier 1"; Value = "Digi-Key"; VariantName = "[No Variations]"
Add component (AddParameter): Name = "Supplier 2"; Value = "Newark"; VariantName = "[No Variations]"
Add component (AddParameter): Name = "Supplier 3"; Value = "Mouser"; VariantName = "[No Variations]"
Add component (AddParameter): Name = "Supplier Part Number 1"; Value = "541-330GCT-ND"; VariantName = "[No Variations]"
Add component (AddParameter): Name = "Supplier Part Number 2"; Value = "59M6805"; VariantName = "[No Variations]"
Add component (AddParameter): Name = "Supplier Part Number 3"; Value = "71-CRCW0603J-330-E3"; VariantName = "[No Variations]"
Add component (AddParameter): Name = "Technology"; Value = "Thick Film"; VariantName = "[No Variations]"
Add component (AddParameter): Name = "TempCo"; Value = "200 ppm/C"; VariantName = "[No Variations]"
Add component (AddParameter): Name = "Tolerance_%"; Value = "5%"; VariantName = "[No Variations]"
Add component (AddParameter): Name = "Value"; Value = "330"; VariantName = "[No Variations]"
Add component (AddParameter): Name = "Value1"; Value = "5%"; VariantName = "[No Variations]"
Add component (AddParameter): Name = "Value2"; Value = "0.1W"; VariantName = "[No Variations]"
Add component (AddParameter): Name = "Value_Code"; Value = "330R"; VariantName = "[No Variations]"
Add component (AddParameter): Name = "ValueDisplayed"; Value = "330"; VariantName = "[No Variations]"
Add component (AddParameter): Name = "VDC_V"; Value = "75V"; VariantName = "[No Variations]"
Added Component: Designator=R15(0603L)
Add component (AddParameter): Name = "AEC Category"; Value = "Q200"; VariantName = "[No Variations]"
Add component (AddParameter): Name = "AEC Grade"; Value = ""; VariantName = "[No Variations]"
Add component (AddParameter): Name = "AEC Qualified"; Value = "?"; VariantName = "[No Variations]"
Add component (AddParameter): Name = "Alternate Manufacturer"; Value = ""; VariantName = "[No Variations]"
Add component (AddParameter): Name = "Alternate PartNumber"; Value = ""; VariantName = "[No Variations]"
Add component (AddParameter): Name = "ComponentLink1Description"; Value = "Datasheet link"; VariantName = "[No Variations]"
Add component (AddParameter): Name = "ComponentLink1URL"; Value = "http://www.panasonic.com/industrial/components/pdf/AOA0000CE1.pdf"; VariantName = "[No Variations]"
Add component (AddParameter): Name = "CompType"; Value = "Resistor"; VariantName = "[No Variations]"
Add component (AddParameter): Name = "EIA_Code"; Value = "E24"; VariantName = "[No Variations]"
Add component (AddParameter): Name = "LatestRevisionDate"; Value = "2017-03-09"; VariantName = "[No Variations]"
Add component (AddParameter): Name = "Manufacturer"; Value = "Panasonic"; VariantName = "[No Variations]"
Add component (AddParameter): Name = "MountType"; Value = "SMT"; VariantName = "[No Variations]"
Add component (AddParameter): Name = "PackageReference"; Value = "0603"; VariantName = "[No Variations]"
Add component (AddParameter): Name = "PartNumber"; Value = "ERJ-3GEY0R00V"; VariantName = "[No Variations]"
Add component (AddParameter): Name = "Power_W"; Value = "100mW"; VariantName = "[No Variations]"
Add component (AddParameter): Name = "Published"; Value = "2008-06-26"; VariantName = "[No Variations]"
Add component (AddParameter): Name = "Publisher"; Value = "Texas Instruments"; VariantName = "[No Variations]"
Add component (AddParameter): Name = "Res_ohm"; Value = "0"; VariantName = "[No Variations]"
Add component (AddParameter): Name = "RoHS"; Value = "Y"; VariantName = "[No Variations]"
Add component (AddParameter): Name = "SizeArea_mm2"; Value = "1.28"; VariantName = "[No Variations]"
Add component (AddParameter): Name = "SizeX_mm"; Value = "1.6"; VariantName = "[No Variations]"
Add component (AddParameter): Name = "SizeY_mm"; Value = "0.8"; VariantName = "[No Variations]"
Add component (AddParameter): Name = "SizeZ_mm"; Value = "1"; VariantName = "[No Variations]"
Add component (AddParameter): Name = "Supplier 1"; Value = "Digi-Key"; VariantName = "[No Variations]"
Add component (AddParameter): Name = "Supplier 2"; Value = "Mouser"; VariantName = "[No Variations]"
Add component (AddParameter): Name = "Supplier 3"; Value = "Farnell"; VariantName = "[No Variations]"
Add component (AddParameter): Name = "Supplier Part Number 1"; Value = "P0.0GCT-ND"; VariantName = "[No Variations]"
Add component (AddParameter): Name = "Supplier Part Number 2"; Value = "667-ERJ-3GEY0R00V"; VariantName = "[No Variations]"
Add component (AddParameter): Name = "Supplier Part Number 3"; Value = "2059527"; VariantName = "[No Variations]"
Add component (AddParameter): Name = "Technology"; Value = "Thick Film"; VariantName = "[No Variations]"
Add component (AddParameter): Name = "TempCo"; Value = "600 ppm/C"; VariantName = "[No Variations]"
Add component (AddParameter): Name = "Tolerance_%"; Value = "5%"; VariantName = "[No Variations]"
Add component (AddParameter): Name = "U/M"; Value = "EA"; VariantName = "[No Variations]"
Add component (AddParameter): Name = "Value"; Value = "0"; VariantName = "[No Variations]"
Add component (AddParameter): Name = "Value1"; Value = "5%"; VariantName = "[No Variations]"
Add component (AddParameter): Name = "Value2"; Value = "0.1W"; VariantName = "[No Variations]"
Add component (AddParameter): Name = "Value_Code"; Value = "0000"; VariantName = "[No Variations]"
Add component (AddParameter): Name = "ValueDisplayed"; Value = "0"; VariantName = "[No Variations]"
Add component (AddParameter): Name = "VDC_V"; Value = "50V"; VariantName = "[No Variations]"
Add Component: Footprint Not Found 2010L
Add Component: Footprint Not Found 2010L
Add Component: Footprint Not Found 0402L
Add Component: Footprint Not Found 0402L
Added Component: Designator=SH-J1(Wurth_60900213421)
Add component (AddParameter): Name = "Alternate Manufacturer"; Value = ""; VariantName = "[No Variations]"
Add component (AddParameter): Name = "Alternate PartNumber"; Value = ""; VariantName = "[No Variations]"
Add component (AddParameter): Name = "ClassName"; Value = ""; VariantName = "[No Variations]"
Add component (AddParameter): Name = "ComponentLink1Description"; Value = "Datasheet Link"; VariantName = "[No Variations]"
Add component (AddParameter): Name = "ComponentLink1URL"; Value = "http://katalog.we-online.de/em/datasheet/60900213421.pdf"; VariantName = "[No Variations]"
Add component (AddParameter): Name = "CompType"; Value = "Shunt"; VariantName = "[No Variations]"
Add component (AddParameter): Name = "Key"; Value = "60900213421"; VariantName = "[No Variations]"
Add component (AddParameter): Name = "LatestRevisionDate"; Value = "2017-03-09"; VariantName = "[No Variations]"
Add component (AddParameter): Name = "Manufacturer"; Value = "Wurth Elektronik"; VariantName = "[No Variations]"
Add component (AddParameter): Name = "MountType"; Value = "N/A"; VariantName = "[No Variations]"
Add component (AddParameter): Name = "Note"; Value = ""; VariantName = "[No Variations]"
Add component (AddParameter): Name = "PackageReference"; Value = "Shunt, 2.54mm, Black"; VariantName = "[No Variations]"
Add component (AddParameter): Name = "PartNumber"; Value = "60900213421"; VariantName = "[No Variations]"
Add component (AddParameter): Name = "Publisher"; Value = "Texas Instruments"; VariantName = "[No Variations]"
Add component (AddParameter): Name = "RoHS"; Value = "Y"; VariantName = "[No Variations]"
Add component (AddParameter): Name = "Supplier 1"; Value = "Digi-Key"; VariantName = "[No Variations]"
Add component (AddParameter): Name = "Supplier 2"; Value = "Newark"; VariantName = "[No Variations]"
Add component (AddParameter): Name = "Supplier 3"; Value = "Mouser"; VariantName = "[No Variations]"
Add component (AddParameter): Name = "Supplier Part Number 1"; Value = "732-2678-ND"; VariantName = "[No Variations]"
Add component (AddParameter): Name = "Supplier Part Number 2"; Value = "16T0609"; VariantName = "[No Variations]"
Add component (AddParameter): Name = "Supplier Part Number 3"; Value = "710-60900213421"; VariantName = "[No Variations]"
Add component (AddParameter): Name = "Value"; Value = ""; VariantName = "[No Variations]"
Added Component: Designator=TP1(Testpoint_Keystone_Compact)
Add component (AddParameter): Name = "Alternate Manufacturer"; Value = ""; VariantName = "[No Variations]"
Add component (AddParameter): Name = "Alternate PartNumber"; Value = ""; VariantName = "[No Variations]"
Add component (AddParameter): Name = "Cert_CSA"; Value = ""; VariantName = "[No Variations]"
Add component (AddParameter): Name = "Cert_CULUS"; Value = ""; VariantName = "[No Variations]"
Add component (AddParameter): Name = "Cert_UL"; Value = ""; VariantName = "[No Variations]"
Add component (AddParameter): Name = "Cert_VDE"; Value = ""; VariantName = "[No Variations]"
Add component (AddParameter): Name = "ClassName"; Value = ""; VariantName = "[No Variations]"
Add component (AddParameter): Name = "CNHeader"; Value = "FALSE"; VariantName = "[No Variations]"
Add component (AddParameter): Name = "Color"; Value = ""; VariantName = "[No Variations]"
Add component (AddParameter): Name = "ComponentLink1Description"; Value = "Datasheet URL"; VariantName = "[No Variations]"
Add component (AddParameter): Name = "ComponentLink1URL"; Value = "http://www.keyelco.com/userAssets/store/files/5016.PDF"; VariantName = "[No Variations]"
Add component (AddParameter): Name = "CompType"; Value = "Test Point"; VariantName = "[No Variations]"
Add component (AddParameter): Name = "ContactFinish"; Value = ""; VariantName = "[No Variations]"
Add component (AddParameter): Name = "CT"; Value = "TRUE"; VariantName = "[No Variations]"
Add component (AddParameter): Name = "Current_A"; Value = ""; VariantName = "[No Variations]"
Add component (AddParameter): Name = "Gender"; Value = ""; VariantName = "[No Variations]"
Add component (AddParameter): Name = "Green_EU RoHS"; Value = "Passed"; VariantName = "[No Variations]"
Add component (AddParameter): Name = "Green_EU RoHS-2"; Value = "Incomplete"; VariantName = "[No Variations]"
Add component (AddParameter): Name = "Green_Lifecycle"; Value = "Active"; VariantName = "[No Variations]"
Add component (AddParameter): Name = "Green_REACh"; Value = "Passed"; VariantName = "[No Variations]"
Add component (AddParameter): Name = "LatestRevisionDate"; Value = "26/05/2017"; VariantName = "[No Variations]"
Add component (AddParameter): Name = "Manufacturer"; Value = "Keystone"; VariantName = "[No Variations]"
Add component (AddParameter): Name = "MountType"; Value = "SMT"; VariantName = "[No Variations]"
Add component (AddParameter): Name = "Note"; Value = ""; VariantName = "[No Variations]"
Add component (AddParameter): Name = "Orientation"; Value = ""; VariantName = "[No Variations]"
Add component (AddParameter): Name = "PackageReference"; Value = "Testpoint_Keystone_Compact"; VariantName = "[No Variations]"
Add component (AddParameter): Name = "PartNumber"; Value = "5016"; VariantName = "[No Variations]"
Add component (AddParameter): Name = "PinCount"; Value = ""; VariantName = "[No Variations]"
Add component (AddParameter): Name = "Pitch_mm"; Value = ""; VariantName = "[No Variations]"
Add component (AddParameter): Name = "Publisher"; Value = "Texas Instruments"; VariantName = "[No Variations]"
Add component (AddParameter): Name = "RoHS"; Value = "Y"; VariantName = "[No Variations]"
Add component (AddParameter): Name = "Row_Count"; Value = ""; VariantName = "[No Variations]"
Add component (AddParameter): Name = "RowSpacing_mm"; Value = ""; VariantName = "[No Variations]"
Add component (AddParameter): Name = "Shrouded"; Value = ""; VariantName = "[No Variations]"
Add component (AddParameter): Name = "Supplier 1"; Value = "Digi-Key"; VariantName = "[No Variations]"
Add component (AddParameter): Name = "Supplier 2"; Value = "Mouser"; VariantName = "[No Variations]"
Add component (AddParameter): Name = "Supplier 3"; Value = ""; VariantName = "[No Variations]"
Add component (AddParameter): Name = "Supplier Part Number 1"; Value = "36-5016TR-ND"; VariantName = "[No Variations]"
Add component (AddParameter): Name = "Supplier Part Number 2"; Value = "534-5016"; VariantName = "[No Variations]"
Add component (AddParameter): Name = "Supplier Part Number 3"; Value = ""; VariantName = "[No Variations]"
Add component (AddParameter): Name = "Voltage_V"; Value = ""; VariantName = "[No Variations]"
Added Component: Designator=TP2(Testpoint_Keystone_Compact)
Add component (AddParameter): Name = "Alternate Manufacturer"; Value = ""; VariantName = "[No Variations]"
Add component (AddParameter): Name = "Alternate PartNumber"; Value = ""; VariantName = "[No Variations]"
Add component (AddParameter): Name = "Cert_CSA"; Value = ""; VariantName = "[No Variations]"
Add component (AddParameter): Name = "Cert_CULUS"; Value = ""; VariantName = "[No Variations]"
Add component (AddParameter): Name = "Cert_UL"; Value = ""; VariantName = "[No Variations]"
Add component (AddParameter): Name = "Cert_VDE"; Value = ""; VariantName = "[No Variations]"
Add component (AddParameter): Name = "ClassName"; Value = ""; VariantName = "[No Variations]"
Add component (AddParameter): Name = "CNHeader"; Value = "FALSE"; VariantName = "[No Variations]"
Add component (AddParameter): Name = "Color"; Value = ""; VariantName = "[No Variations]"
Add component (AddParameter): Name = "ComponentLink1Description"; Value = "Datasheet URL"; VariantName = "[No Variations]"
Add component (AddParameter): Name = "ComponentLink1URL"; Value = "http://www.keyelco.com/userAssets/store/files/5016.PDF"; VariantName = "[No Variations]"
Add component (AddParameter): Name = "CompType"; Value = "Test Point"; VariantName = "[No Variations]"
Add component (AddParameter): Name = "ContactFinish"; Value = ""; VariantName = "[No Variations]"
Add component (AddParameter): Name = "CT"; Value = "TRUE"; VariantName = "[No Variations]"
Add component (AddParameter): Name = "Current_A"; Value = ""; VariantName = "[No Variations]"
Add component (AddParameter): Name = "Gender"; Value = ""; VariantName = "[No Variations]"
Add component (AddParameter): Name = "Green_EU RoHS"; Value = "Passed"; VariantName = "[No Variations]"
Add component (AddParameter): Name = "Green_EU RoHS-2"; Value = "Incomplete"; VariantName = "[No Variations]"
Add component (AddParameter): Name = "Green_Lifecycle"; Value = "Active"; VariantName = "[No Variations]"
Add component (AddParameter): Name = "Green_REACh"; Value = "Passed"; VariantName = "[No Variations]"
Add component (AddParameter): Name = "LatestRevisionDate"; Value = "26/05/2017"; VariantName = "[No Variations]"
Add component (AddParameter): Name = "Manufacturer"; Value = "Keystone"; VariantName = "[No Variations]"
Add component (AddParameter): Name = "MountType"; Value = "SMT"; VariantName = "[No Variations]"
Add component (AddParameter): Name = "Note"; Value = ""; VariantName = "[No Variations]"
Add component (AddParameter): Name = "Orientation"; Value = ""; VariantName = "[No Variations]"
Add component (AddParameter): Name = "PackageReference"; Value = "Testpoint_Keystone_Compact"; VariantName = "[No Variations]"
Add component (AddParameter): Name = "PartNumber"; Value = "5016"; VariantName = "[No Variations]"
Add component (AddParameter): Name = "PinCount"; Value = ""; VariantName = "[No Variations]"
Add component (AddParameter): Name = "Pitch_mm"; Value = ""; VariantName = "[No Variations]"
Add component (AddParameter): Name = "Publisher"; Value = "Texas Instruments"; VariantName = "[No Variations]"
Add component (AddParameter): Name = "RoHS"; Value = "Y"; VariantName = "[No Variations]"
Add component (AddParameter): Name = "Row_Count"; Value = ""; VariantName = "[No Variations]"
Add component (AddParameter): Name = "RowSpacing_mm"; Value = ""; VariantName = "[No Variations]"
Add component (AddParameter): Name = "Shrouded"; Value = ""; VariantName = "[No Variations]"
Add component (AddParameter): Name = "Supplier 1"; Value = "Digi-Key"; VariantName = "[No Variations]"
Add component (AddParameter): Name = "Supplier 2"; Value = "Mouser"; VariantName = "[No Variations]"
Add component (AddParameter): Name = "Supplier 3"; Value = ""; VariantName = "[No Variations]"
Add component (AddParameter): Name = "Supplier Part Number 1"; Value = "36-5016TR-ND"; VariantName = "[No Variations]"
Add component (AddParameter): Name = "Supplier Part Number 2"; Value = "534-5016"; VariantName = "[No Variations]"
Add component (AddParameter): Name = "Supplier Part Number 3"; Value = ""; VariantName = "[No Variations]"
Add component (AddParameter): Name = "Voltage_V"; Value = ""; VariantName = "[No Variations]"
Added Component: Designator=TP3(Testpoint_Keystone_Compact)
Add component (AddParameter): Name = "Alternate Manufacturer"; Value = ""; VariantName = "[No Variations]"
Add component (AddParameter): Name = "Alternate PartNumber"; Value = ""; VariantName = "[No Variations]"
Add component (AddParameter): Name = "Cert_CSA"; Value = ""; VariantName = "[No Variations]"
Add component (AddParameter): Name = "Cert_CULUS"; Value = ""; VariantName = "[No Variations]"
Add component (AddParameter): Name = "Cert_UL"; Value = ""; VariantName = "[No Variations]"
Add component (AddParameter): Name = "Cert_VDE"; Value = ""; VariantName = "[No Variations]"
Add component (AddParameter): Name = "ClassName"; Value = ""; VariantName = "[No Variations]"
Add component (AddParameter): Name = "CNHeader"; Value = "FALSE"; VariantName = "[No Variations]"
Add component (AddParameter): Name = "Color"; Value = ""; VariantName = "[No Variations]"
Add component (AddParameter): Name = "ComponentLink1Description"; Value = "Datasheet URL"; VariantName = "[No Variations]"
Add component (AddParameter): Name = "ComponentLink1URL"; Value = "http://www.keyelco.com/userAssets/store/files/5016.PDF"; VariantName = "[No Variations]"
Add component (AddParameter): Name = "CompType"; Value = "Test Point"; VariantName = "[No Variations]"
Add component (AddParameter): Name = "ContactFinish"; Value = ""; VariantName = "[No Variations]"
Add component (AddParameter): Name = "CT"; Value = "TRUE"; VariantName = "[No Variations]"
Add component (AddParameter): Name = "Current_A"; Value = ""; VariantName = "[No Variations]"
Add component (AddParameter): Name = "Gender"; Value = ""; VariantName = "[No Variations]"
Add component (AddParameter): Name = "Green_EU RoHS"; Value = "Passed"; VariantName = "[No Variations]"
Add component (AddParameter): Name = "Green_EU RoHS-2"; Value = "Incomplete"; VariantName = "[No Variations]"
Add component (AddParameter): Name = "Green_Lifecycle"; Value = "Active"; VariantName = "[No Variations]"
Add component (AddParameter): Name = "Green_REACh"; Value = "Passed"; VariantName = "[No Variations]"
Add component (AddParameter): Name = "LatestRevisionDate"; Value = "26/05/2017"; VariantName = "[No Variations]"
Add component (AddParameter): Name = "Manufacturer"; Value = "Keystone"; VariantName = "[No Variations]"
Add component (AddParameter): Name = "MountType"; Value = "SMT"; VariantName = "[No Variations]"
Add component (AddParameter): Name = "Note"; Value = ""; VariantName = "[No Variations]"
Add component (AddParameter): Name = "Orientation"; Value = ""; VariantName = "[No Variations]"
Add component (AddParameter): Name = "PackageReference"; Value = "Testpoint_Keystone_Compact"; VariantName = "[No Variations]"
Add component (AddParameter): Name = "PartNumber"; Value = "5016"; VariantName = "[No Variations]"
Add component (AddParameter): Name = "PinCount"; Value = ""; VariantName = "[No Variations]"
Add component (AddParameter): Name = "Pitch_mm"; Value = ""; VariantName = "[No Variations]"
Add component (AddParameter): Name = "Publisher"; Value = "Texas Instruments"; VariantName = "[No Variations]"
Add component (AddParameter): Name = "RoHS"; Value = "Y"; VariantName = "[No Variations]"
Add component (AddParameter): Name = "Row_Count"; Value = ""; VariantName = "[No Variations]"
Add component (AddParameter): Name = "RowSpacing_mm"; Value = ""; VariantName = "[No Variations]"
Add component (AddParameter): Name = "Shrouded"; Value = ""; VariantName = "[No Variations]"
Add component (AddParameter): Name = "Supplier 1"; Value = "Digi-Key"; VariantName = "[No Variations]"
Add component (AddParameter): Name = "Supplier 2"; Value = "Mouser"; VariantName = "[No Variations]"
Add component (AddParameter): Name = "Supplier 3"; Value = ""; VariantName = "[No Variations]"
Add component (AddParameter): Name = "Supplier Part Number 1"; Value = "36-5016TR-ND"; VariantName = "[No Variations]"
Add component (AddParameter): Name = "Supplier Part Number 2"; Value = "534-5016"; VariantName = "[No Variations]"
Add component (AddParameter): Name = "Supplier Part Number 3"; Value = ""; VariantName = "[No Variations]"
Add component (AddParameter): Name = "Voltage_V"; Value = ""; VariantName = "[No Variations]"
Added Component: Designator=TP4(Testpoint_Keystone_Compact)
Add component (AddParameter): Name = "Alternate Manufacturer"; Value = ""; VariantName = "[No Variations]"
Add component (AddParameter): Name = "Alternate PartNumber"; Value = ""; VariantName = "[No Variations]"
Add component (AddParameter): Name = "Cert_CSA"; Value = ""; VariantName = "[No Variations]"
Add component (AddParameter): Name = "Cert_CULUS"; Value = ""; VariantName = "[No Variations]"
Add component (AddParameter): Name = "Cert_UL"; Value = ""; VariantName = "[No Variations]"
Add component (AddParameter): Name = "Cert_VDE"; Value = ""; VariantName = "[No Variations]"
Add component (AddParameter): Name = "ClassName"; Value = ""; VariantName = "[No Variations]"
Add component (AddParameter): Name = "CNHeader"; Value = "FALSE"; VariantName = "[No Variations]"
Add component (AddParameter): Name = "Color"; Value = ""; VariantName = "[No Variations]"
Add component (AddParameter): Name = "ComponentLink1Description"; Value = "Datasheet URL"; VariantName = "[No Variations]"
Add component (AddParameter): Name = "ComponentLink1URL"; Value = "http://www.keyelco.com/userAssets/store/files/5016.PDF"; VariantName = "[No Variations]"
Add component (AddParameter): Name = "CompType"; Value = "Test Point"; VariantName = "[No Variations]"
Add component (AddParameter): Name = "ContactFinish"; Value = ""; VariantName = "[No Variations]"
Add component (AddParameter): Name = "CT"; Value = "TRUE"; VariantName = "[No Variations]"
Add component (AddParameter): Name = "Current_A"; Value = ""; VariantName = "[No Variations]"
Add component (AddParameter): Name = "Gender"; Value = ""; VariantName = "[No Variations]"
Add component (AddParameter): Name = "Green_EU RoHS"; Value = "Passed"; VariantName = "[No Variations]"
Add component (AddParameter): Name = "Green_EU RoHS-2"; Value = "Incomplete"; VariantName = "[No Variations]"
Add component (AddParameter): Name = "Green_Lifecycle"; Value = "Active"; VariantName = "[No Variations]"
Add component (AddParameter): Name = "Green_REACh"; Value = "Passed"; VariantName = "[No Variations]"
Add component (AddParameter): Name = "LatestRevisionDate"; Value = "26/05/2017"; VariantName = "[No Variations]"
Add component (AddParameter): Name = "Manufacturer"; Value = "Keystone"; VariantName = "[No Variations]"
Add component (AddParameter): Name = "MountType"; Value = "SMT"; VariantName = "[No Variations]"
Add component (AddParameter): Name = "Note"; Value = ""; VariantName = "[No Variations]"
Add component (AddParameter): Name = "Orientation"; Value = ""; VariantName = "[No Variations]"
Add component (AddParameter): Name = "PackageReference"; Value = "Testpoint_Keystone_Compact"; VariantName = "[No Variations]"
Add component (AddParameter): Name = "PartNumber"; Value = "5016"; VariantName = "[No Variations]"
Add component (AddParameter): Name = "PinCount"; Value = ""; VariantName = "[No Variations]"
Add component (AddParameter): Name = "Pitch_mm"; Value = ""; VariantName = "[No Variations]"
Add component (AddParameter): Name = "Publisher"; Value = "Texas Instruments"; VariantName = "[No Variations]"
Add component (AddParameter): Name = "RoHS"; Value = "Y"; VariantName = "[No Variations]"
Add component (AddParameter): Name = "Row_Count"; Value = ""; VariantName = "[No Variations]"
Add component (AddParameter): Name = "RowSpacing_mm"; Value = ""; VariantName = "[No Variations]"
Add component (AddParameter): Name = "Shrouded"; Value = ""; VariantName = "[No Variations]"
Add component (AddParameter): Name = "Supplier 1"; Value = "Digi-Key"; VariantName = "[No Variations]"
Add component (AddParameter): Name = "Supplier 2"; Value = "Mouser"; VariantName = "[No Variations]"
Add component (AddParameter): Name = "Supplier 3"; Value = ""; VariantName = "[No Variations]"
Add component (AddParameter): Name = "Supplier Part Number 1"; Value = "36-5016TR-ND"; VariantName = "[No Variations]"
Add component (AddParameter): Name = "Supplier Part Number 2"; Value = "534-5016"; VariantName = "[No Variations]"
Add component (AddParameter): Name = "Supplier Part Number 3"; Value = ""; VariantName = "[No Variations]"
Add component (AddParameter): Name = "Voltage_V"; Value = ""; VariantName = "[No Variations]"
Add Component: Footprint Not Found Testpoint_Keystone_Compact
Add Component: Footprint Not Found Testpoint_Keystone_Compact
Add Component: Footprint Not Found Testpoint_Keystone_Compact
Add Component: Footprint Not Found Testpoint_Keystone_Compact
Add Component: Footprint Not Found Testpoint_Keystone_Compact
Add Component: Footprint Not Found Testpoint_Keystone_Compact
Add Component: Footprint Not Found Harwin_D3082-05
Add Component: Footprint Not Found PWP0016J_N
Added Component: Designator=U3(DBV0005A_N)
Add component (AddParameter): Name = "AEC Category"; Value = "Q200"; VariantName = "[No Variations]"
Add component (AddParameter): Name = "AEC Qualified"; Value = "N"; VariantName = "[No Variations]"
Add component (AddParameter): Name = "Alternate Manufacturer"; Value = "Texas Instruments"; VariantName = "[No Variations]"
Add component (AddParameter): Name = "Alternate PartNumber"; Value = ""; VariantName = "[No Variations]"
Add component (AddParameter): Name = "ComponentLink1Description"; Value = "Datasheet Link"; VariantName = "[No Variations]"
Add component (AddParameter): Name = "ComponentLink1URL"; Value = "http://www.ti.com/lit/ds/symlink/tps7b69.pdf"; VariantName = "[No Variations]"
Add component (AddParameter): Name = "ComponentLink2Description"; Value = "Product Folder"; VariantName = "[No Variations]"
Add component (AddParameter): Name = "ComponentLink2URL"; Value = "http://www.ti.com/product/tps7b69"; VariantName = "[No Variations]"
Add component (AddParameter): Name = "ComponentLink3Description"; Value = "Online Datasheet"; VariantName = "[No Variations]"
Add component (AddParameter): Name = "ComponentLink3URL"; Value = "http://www.ti.com/product/tps7b69/datasheet"; VariantName = "[No Variations]"
Add component (AddParameter): Name = "CompType"; Value = "IC"; VariantName = "[No Variations]"
Add component (AddParameter): Name = "Green_EU RoHS"; Value = ""; VariantName = "[No Variations]"
Add component (AddParameter): Name = "Green_EU RoHS-2"; Value = ""; VariantName = "[No Variations]"
Add component (AddParameter): Name = "Green_Lifecycle"; Value = ""; VariantName = "[No Variations]"
Add component (AddParameter): Name = "Green_REACh"; Value = ""; VariantName = "[No Variations]"
Add component (AddParameter): Name = "Manufacturer"; Value = "Texas Instruments"; VariantName = "[No Variations]"
Add component (AddParameter): Name = "MountType"; Value = "SMT"; VariantName = "[No Variations]"
Add component (AddParameter): Name = "PackageDescription"; Value = "SOT-23-5"; VariantName = "[No Variations]"
Add component (AddParameter): Name = "PackageReference"; Value = "DBV0005A"; VariantName = "[No Variations]"
Add component (AddParameter): Name = "PartNumber"; Value = "TPS7B6933DBVR"; VariantName = "[No Variations]"
Add component (AddParameter): Name = "RoHS"; Value = "Y"; VariantName = "[No Variations]"
Add component (AddParameter): Name = "SizeArea_mm2"; Value = "8.12"; VariantName = "[No Variations]"
Add component (AddParameter): Name = "SizeAreaWB_mm2"; Value = "14.82"; VariantName = "[No Variations]"
Add component (AddParameter): Name = "SizeX_mm"; Value = "2.8"; VariantName = "[No Variations]"
Add component (AddParameter): Name = "SizeY_mm"; Value = "2.9"; VariantName = "[No Variations]"
Add component (AddParameter): Name = "SizeZ_mm"; Value = "1.45"; VariantName = "[No Variations]"
Add Component: Footprint Not Found SSOP28_M
Add Component: Footprint Not Found PWP0028C_N
Add Pin To Net: Unknown Pin: Pin C1-1
Add Pin To Net: Unknown Pin: Pin C1-2
Add Pin To Net: Unknown Pin: Pin C2-1
Add Pin To Net: Unknown Pin: Pin C2-2
Add Pin To Net: Unknown Pin: Pin C3-1
Add Pin To Net: Unknown Pin: Pin C3-2
Add Pin To Net: Unknown Pin: Pin C4-1
Add Pin To Net: Unknown Pin: Pin C4-2
Added Pin To Net: NetName=NetC10_1 Pin=C10-1
Added Pin To Net: NetName=GND Pin=C10-2
Added Pin To Net: NetName=VCC Pin=C11-1
Added Pin To Net: NetName=GND Pin=C11-2
Add Pin To Net: Unknown Pin: Pin C13-1
Add Pin To Net: Unknown Pin: Pin C13-2
Add Pin To Net: Unknown Pin: Pin C14-1
Add Pin To Net: Unknown Pin: Pin C14-2
Add Pin To Net: Unknown Pin: Pin C15-1
Add Pin To Net: Unknown Pin: Pin C15-2
Add Pin To Net: Unknown Pin: Pin C16-1
Add Pin To Net: Unknown Pin: Pin C16-2
Add Pin To Net: Unknown Pin: Pin C17-1
Add Pin To Net: Unknown Pin: Pin C17-2
Add Pin To Net: Unknown Pin: Pin C18-1
Add Pin To Net: Unknown Pin: Pin C18-2
Add Pin To Net: Unknown Pin: Pin C19-1
Add Pin To Net: Unknown Pin: Pin C19-2
Add Pin To Net: Unknown Pin: Pin C20-1
Add Pin To Net: Unknown Pin: Pin C20-2
Add Pin To Net: Unknown Pin: Pin C21-1
Add Pin To Net: Unknown Pin: Pin C21-2
Add Pin To Net: Unknown Pin: Pin C22-1
Add Pin To Net: Unknown Pin: Pin C22-2
Added Pin To Net: NetName=nFAULT Pin=D1-1
Added Pin To Net: NetName=NetD1_2 Pin=D1-2
Added Pin To Net: NetName=GND Pin=D2-1
Added Pin To Net: NetName=NetD2_2 Pin=D2-2
Add Pin To Net: Unknown Pin: Pin D3-1
Add Pin To Net: Unknown Pin: Pin D3-2
Added Pin To Net: NetName=GND Pin=J2-1
Added Pin To Net: NetName=GND Pin=J2-2
Added Pin To Net: NetName=GND Pin=J3-1
Added Pin To Net: NetName=PMODE Pin=J3-2
Added Pin To Net: NetName=VCC Pin=J3-3
Added Pin To Net: NetName=GND Pin=J5-1
Added Pin To Net: NetName=VM Pin=J5-2
Added Pin To Net: NetName=OUT2 Pin=J6-1
Added Pin To Net: NetName=OUT1 Pin=J6-2
Add Pin To Net: Unknown Pin: Pin J8-1
Add Pin To Net: Unknown Pin: Pin J8-6
Add Pin To Net: Unknown Pin: Pin J8-7
Add Pin To Net: Unknown Pin: Pin J8-8
Add Pin To Net: Unknown Pin: Pin J8-9
Add Pin To Net: Unknown Pin: Pin J8-10
Add Pin To Net: Unknown Pin: Pin J8-11
Add Pin To Net: Unknown Pin: Pin J9-1
Add Pin To Net: Unknown Pin: Pin J9-2
Add Pin To Net: Unknown Pin: Pin J14-1
Add Pin To Net: Unknown Pin: Pin J14-2
Add Pin To Net: Unknown Pin: Pin L1-1
Add Pin To Net: Unknown Pin: Pin L1-2
Add Pin To Net: Unknown Pin: Pin R3-1
Add Pin To Net: Unknown Pin: Pin R3-2
Add Pin To Net: Unknown Pin: Pin R5-1
Add Pin To Net: Unknown Pin: Pin R5-2
Add Pin To Net: Unknown Pin: Pin R6-1
Add Pin To Net: Unknown Pin: Pin R6-2
Added Pin To Net: NetName=VCC Pin=R8-1
Added Pin To Net: NetName=NetD1_2 Pin=R8-2
Added Pin To Net: NetName=STATUS Pin=R10-1
Added Pin To Net: NetName=NetD2_2 Pin=R10-2
Added Pin To Net: NetName=VM Pin=R15-1
Added Pin To Net: NetName=NetC10_1 Pin=R15-2
Add Pin To Net: Unknown Pin: Pin R17-1
Add Pin To Net: Unknown Pin: Pin R17-2
Add Pin To Net: Unknown Pin: Pin R18-1
Add Pin To Net: Unknown Pin: Pin R18-2
Add Pin To Net: Unknown Pin: Pin R19-1
Add Pin To Net: Unknown Pin: Pin R19-2
Add Pin To Net: Unknown Pin: Pin R20-1
Add Pin To Net: Unknown Pin: Pin R20-2
Added Pin To Net: NetName=VM Pin=TP1-1
Added Pin To Net: NetName=OUT1 Pin=TP2-1
Added Pin To Net: NetName=OUT2 Pin=TP3-1
Added Pin To Net: NetName=VCC Pin=TP4-1
Add Pin To Net: Unknown Pin: Pin TP6-1
Add Pin To Net: Unknown Pin: Pin TP11-1
Add Pin To Net: Unknown Pin: Pin TP11-2
Add Pin To Net: Unknown Pin: Pin U1-1
Add Pin To Net: Unknown Pin: Pin U1-2
Add Pin To Net: Unknown Pin: Pin U1-3
Add Pin To Net: Unknown Pin: Pin U1-4
Add Pin To Net: Unknown Pin: Pin U1-5
Add Pin To Net: Unknown Pin: Pin U1-6
Add Pin To Net: Unknown Pin: Pin U1-7
Add Pin To Net: Unknown Pin: Pin U1-8
Add Pin To Net: Unknown Pin: Pin U1-9
Add Pin To Net: Unknown Pin: Pin U1-10
Add Pin To Net: Unknown Pin: Pin U1-11
Add Pin To Net: Unknown Pin: Pin U1-12
Add Pin To Net: Unknown Pin: Pin U1-13
Add Pin To Net: Unknown Pin: Pin U1-14
Add Pin To Net: Unknown Pin: Pin U1-15
Add Pin To Net: Unknown Pin: Pin U1-16
Add Pin To Net: Unknown Pin: Pin U1-17
Added Pin To Net: NetName=NetC10_1 Pin=U3-1
Added Pin To Net: NetName=GND Pin=U3-3
Added Pin To Net: NetName=GND Pin=U3-4
Added Pin To Net: NetName=VCC Pin=U3-5
Add Pin To Net: Unknown Pin: Pin U4-7
Add Pin To Net: Unknown Pin: Pin U4-17
Add Pin To Net: Unknown Pin: Pin U4-18
Add Pin To Net: Unknown Pin: Pin U4-21
Add Pin To Net: Unknown Pin: Pin U4-25
Add Pin To Net: Unknown Pin: Pin U5-1
Add Pin To Net: Unknown Pin: Pin U5-2
Add Pin To Net: Unknown Pin: Pin U5-3
Add Pin To Net: Unknown Pin: Pin U5-4
Add Pin To Net: Unknown Pin: Pin U5-6
Add Pin To Net: Unknown Pin: Pin U5-9
Add Pin To Net: Unknown Pin: Pin U5-11
Add Pin To Net: Unknown Pin: Pin U5-12
Add Pin To Net: Unknown Pin: Pin U5-15
Add Pin To Net: Unknown Pin: Pin U5-28
Add Pin To Net: Unknown Pin: Pin U5-29
Add Class Member: Failed to add class member : Component C1 885012206095
Add Class Member: Failed to add class member : Component C2 UBT1H101MPD1TD
Add Class Member: Failed to add class member : Component C3 885012206095
Add Class Member: Failed to add class member : Component C4 885012206091
Added Member To Class: ClassName=DRVS-SCHEMA Member=Component C10 885012207103
Added Member To Class: ClassName=DRVS-SCHEMA Member=Component C11 C0603C475K8PACTU
Add Class Member: Failed to add class member : Component C13 GRM155R61A104KA01D
Add Class Member: Failed to add class member : Component C14 GRM155R61A105KE15D
Add Class Member: Failed to add class member : Component C15 CGB3B1X5R1A475K055AC
Add Class Member: Failed to add class member : Component C16 GRM155R61A104KA01D
Add Class Member: Failed to add class member : Component C17 C0603C474K9RACTU
Add Class Member: Failed to add class member : Component C18 C0805C104K1RACTU
Add Class Member: Failed to add class member : Component C19 C0805C104K1RACTU
Add Class Member: Failed to add class member : Component C20 C2012X7R1E474K
Add Class Member: Failed to add class member : Component C21 C0805C104K1RACTU
Add Class Member: Failed to add class member : Component C22 EEE-FK1J101P
Added Member To Class: ClassName=DRVS-SCHEMA Member=Component D1 150060RS75000
Added Member To Class: ClassName=DRVS-SCHEMA Member=Component D2 150060VS75000
Add Class Member: Failed to add class member : Component D3 LTST-C190CKT
Added Member To Class: ClassName=DRVS-SCHEMA Member=Component J2 D3082-05
Added Member To Class: ClassName=DRVS-SCHEMA Member=Component J3 61300311121
Added Member To Class: ClassName=DRVS-SCHEMA Member=Component J5 CMP-0054828-1
Added Member To Class: ClassName=DRVS-SCHEMA Member=Component J6 CMP-0054828-1
Add Class Member: Failed to add class member : Component J8 ZX62-B-5PA(11)
Add Class Member: Failed to add class member : Component J9 ED555/2DS
Add Class Member: Failed to add class member : Component J10 ED555/2DS
Add Class Member: Failed to add class member : Component J11 90120-0122
Add Class Member: Failed to add class member : Component J12 ED555/2DS
Add Class Member: Failed to add class member : Component J13 90120-0122
Add Class Member: Failed to add class member : Component J14 90120-0122
Add Class Member: Failed to add class member : Component L1 MMZ2012R300A
Add Class Member: Failed to add class member : Component R3 ERA-3ARW103V
Add Class Member: Failed to add class member : Component R5 CRCW06031K50JNEA
Add Class Member: Failed to add class member : Component R6 ERJ-3GEY0R00V
Added Member To Class: ClassName=DRVS-SCHEMA Member=Component R8 CRCW0603330RJNEA
Added Member To Class: ClassName=DRVS-SCHEMA Member=Component R10 CRCW0603330RJNEA
Added Member To Class: ClassName=DRVS-SCHEMA Member=Component R15 ERJ-3GEY0R00V
Add Class Member: Failed to add class member : Component R17 CSRN2010FKR250
Add Class Member: Failed to add class member : Component R18 CSRN2010FKR250
Add Class Member: Failed to add class member : Component R19 CRCW0402510RJNED
Add Class Member: Failed to add class member : Component R20 CRCW04024K99FKED
Added Member To Class: ClassName=DRVS-SCHEMA Member=Component SH-J1 60900213421
Added Member To Class: ClassName=DRVS-SCHEMA Member=Component TP1 5015
Added Member To Class: ClassName=DRVS-SCHEMA Member=Component TP2 5015
Added Member To Class: ClassName=DRVS-SCHEMA Member=Component TP3 5015
Added Member To Class: ClassName=DRVS-SCHEMA Member=Component TP4 5015
Add Class Member: Failed to add class member : Component TP5 5016
Add Class Member: Failed to add class member : Component TP6 5016
Add Class Member: Failed to add class member : Component TP7 5016
Add Class Member: Failed to add class member : Component TP8 5016
Add Class Member: Failed to add class member : Component TP9 5016
Add Class Member: Failed to add class member : Component TP10 5016
Add Class Member: Failed to add class member : Component TP11 D3082-05
Add Class Member: Failed to add class member : Component U1 DRV8874PWPR
Added Member To Class: ClassName=DRVS-SCHEMA Member=Component U3 TPS7B6933DBVR
Add Class Member: Failed to add class member : Component U4 FT232RL
Add Class Member: Failed to add class member : Component U5 DRV8880PWPR
