Remove Pin=C89-1 From Net=GNSS_RF_IN
Remove Pin=D9-4 From Net=CHRG_N
Remove Pin=FB5-2 From Net=MAX_SDA
Remove Pin=FB6-2 From Net=MAX_SCL
Remove Pin=IC4-3 From Net=GNSS_TPULSE
Remove Pin=IC4-5 From Net=GNSS_USB_D_N
Remove Pin=IC4-6 From Net=GNSS_USB_D_P
Remove Pin=IC4-7 From Net=GNSS_USB_VDD
Remove Pin=IC4-9 From Net=GNSS_VCC_RF
Remove Pin=IC4-20 From Net=GNSS _UART_TX
Remove Pin=IC4-21 From Net=GNSS_UART_RX
Remove Pin=IC5-1 From Net=FPGA_SPI_FLASH_SS
Remove Pin=IC5-2 From Net=FPGA_SPI_MISO
Remove Pin=IC5-5 From Net=FPGA_SPI_MOSI
Remove Pin=IC5-6 From Net=FPGA_SPI_SCLK
Remove Pin=IC6-5 From Net=FPGA_I2C_SDA
Remove Pin=IC6-6 From Net=FPGA_I2C_SCL
Remove Pin=IC7-1 From Net=FPGA_LED1_G
Remove Pin=IC7-2 From Net=FPGA_LED2_R
Remove Pin=IC7-3 From Net=FPGA_LED2_G
Remove Pin=IC7-4 From Net=FPGA_LED3_R
Remove Pin=IC7-5 From Net=FPGA_LED3_G
Remove Pin=IC7-6 From Net=FPGA_LED4_R
Remove Pin=IC7-7 From Net=FPGA_LED4_G
Remove Pin=IC7-9 From Net=SR0_DOUT
Remove Pin=IC7-11 From Net=SR_SCLK
Remove Pin=IC7-14 From Net=SR_DIN
Remove Pin=IC7-15 From Net=FPGA_LED1_R
Remove Pin=J17-2 From Net=DSI1_D1_N
Remove Pin=J17-3 From Net=DSI1_D1_P
Remove Pin=J17-5 From Net=DSI1_CLK_N
Remove Pin=J17-6 From Net=DSI1_CLK_P
Remove Pin=J17-8 From Net=DSI1_D0_N
Remove Pin=J17-9 From Net=DSI1_D0_P
Remove Pin=J17-11 From Net=RAPI_I2C0_SCL
Remove Pin=J17-12 From Net=RAPI_I2C0_SDA
Remove Pin=J18-2 From Net=CAM1_D0_N
Remove Pin=J18-3 From Net=CAM1_D0_P
Remove Pin=J18-5 From Net=CAM1_D1_N
Remove Pin=J18-6 From Net=CAM1_D1_P
Remove Pin=J18-8 From Net=CAM1_CLK_N
Remove Pin=J18-9 From Net=CAM1_CLK_P
Remove Pin=J18-11 From Net=CAM1_GPIO0
Remove Pin=J18-12 From Net=CAM1_GPIO1
Remove Pin=J18-13 From Net=RAPI_I2C0_SCL
Remove Pin=J18-14 From Net=RAPI_I2C0_SDA
Remove Pin=J23-B2 From Net=ETH_USB2_D_N
Remove Pin=J23-B3 From Net=ETH_USB2_D_P
Remove Pin=J23-T2 From Net=ETH_USB3_D_N
Remove Pin=J23-T3 From Net=ETH_USB3_D_P
Remove Pin=NC1-2 From Net=ALT_INT
Remove Pin=R54-1 From Net=RAPI_UART1_RX
Remove Pin=R54-2 From Net=GNSS _UART_TX
Remove Pin=R55-1 From Net=GNSS_UART_RX
Remove Pin=R55-2 From Net=RAPI_UART1_TX
Remove Pin=R56-2 From Net=ACCEL_INT
Remove Pin=R91-1 From Net=RAPI_SDX_D2
Remove Pin=R92-1 From Net=RAPI_SDX_D3
Remove Pin=R93-1 From Net=RAPI_SDX_CMD
Remove Pin=R94-1 From Net=RAPI_SDX_CLK
Remove Pin=R95-1 From Net=RAPI_SDX_D0
Remove Pin=R96-1 From Net=RAPI_SDX_D1
Remove Pin=R102-2 From Net=FPGA_LED1_G
Remove Pin=R103-2 From Net=FPGA_LED1_R
Remove Pin=U9-3 From Net=SENSE_I2C_SDA
Remove Pin=U9-4 From Net=SENSE_I2C_SCL
Remove Pin=U11-13 From Net=SENSE_I2C_SDA
Remove Pin=U11-14 From Net=SENSE_I2C_SCL
Remove Pin=U12-2 From Net=SENSE_I2C_SCL
Remove Pin=U12-3 From Net=SENSE_I2C_SDA
Remove Pin=U13-4 From Net=SENSE_I2C_SCL
Remove Pin=U13-6 From Net=SENSE_I2C_SDA
Remove Pin=U14-9 From Net=CHRG_N
Remove Pin=U22-11 From Net=TX-MX
Remove Pin=U22-12 From Net=RX-OUT
Remove Pin=U22-13 From Net=RX-MX
Remove Pin=U22-14 From Net=TX-OUT
