Remove Pin=J11-2 From Net=IN4
Remove Pin=J11-3 From Net=IN3
Remove Pin=J11-4 From Net=IN2
Remove Pin=J11-5 From Net=IN1
Remove Pin=J15-1 From Net=A+
Remove Pin=R60-2 From Net=IN1
Remove Pin=R64-2 From Net=IN2
Remove Pin=R66-2 From Net=IN3
Remove Pin=R70-2 From Net=IN4
Remove Pin=R98-2 From Net=TXEN
Remove Pin=R100-2 From Net=DIO2
Remove Pin=U13-11 From Net=RS232_TXD
Remove Pin=U13-12 From Net=RS232_RXD
Remove Pin=U14-1 From Net=CAN-TX
Remove Pin=U14-4 From Net=CAN-RX
Remove Pin=U14-8 From Net=CAN-STB
Remove Pin=U15-1 From Net=RS485_RO
Remove Pin=U15-4 From Net=RS485_DI
Remove Pin=U18-6 From Net=RXEN
Remove Pin=U18-14 From Net=LORA_BUSY
Remove Pin=U18-15 From Net=LORA_RST
Remove Pin=U18-16 From Net=SPI2_MISO
Remove Pin=U18-17 From Net=SPI2_MOSI
Remove Pin=U18-18 From Net=SPI2_SCK
Remove Pin=U18-19 From Net=SPI2_NSS
