Change Component Designator: Old Designator=C77 New Designator=C49
Change Component Designator: Old Designator=C78 New Designator=C50
Change Component Designator: Old Designator=C79 New Designator=C51
Change Component Designator: Old Designator=C80 New Designator=C52
Change Component Designator: Old Designator=C81 New Designator=C53
Change Component Designator: Old Designator=C82 New Designator=C54
Change Component Designator: Old Designator=C83 New Designator=C55
Change Component Designator: Old Designator=C84 New Designator=C56
Change Component Designator: Old Designator=C85 New Designator=C57
Change Component Designator: Old Designator=C86 New Designator=C58
Change Component Designator: Old Designator=C87 New Designator=C59
Change Component Designator: Old Designator=C88 New Designator=C60
Change Component Designator: Old Designator=J12 New Designator=J8
Change Component Designator: Old Designator=J13 New Designator=J9
Change Component Designator: Old Designator=NC2 New Designator=NC1
Change Component Designator: Old Designator=R54 New Designator=R49
Change Component Designator: Old Designator=R55 New Designator=R50
Change Component Designator: Old Designator=R56 New Designator=R51
Change Component Designator: Old Designator=R57 New Designator=R52
Change Component Designator: Old Designator=R58 New Designator=R53
Change Component Designator: Old Designator=R59 New Designator=R54
Change Component Designator: Old Designator=R60 New Designator=R55
Change Component Designator: Old Designator=R61 New Designator=R56
Change Component Designator: Old Designator=R62 New Designator=R57
Change Component Designator: Old Designator=R63 New Designator=R58
Change Component Designator: Old Designator=TP8 New Designator=TP7
Change Component Designator: Old Designator=U12 New Designator=U7
Change Component Designator: Old Designator=U13 New Designator=U8
