Removed Pin From Net: NetName=NetR52_1 Pin=U12-8
Removed Pin From Net: NetName=NetR55_2 Pin=U16-1
Removed Member From Class: ClassName=MAX232 Member=C?
Removed Member From Class: ClassName=DIGILATL OUTPUT Member=U?
Change Component Designator: OldDesignator=C118 NewDesignator=C115
Change Component Designator: OldDesignator=C119 NewDesignator=C117
Change Component Designator: OldDesignator=C120 NewDesignator=C118
Change Component Designator: OldDesignator=C122 NewDesignator=C119
Change Component Designator: OldDesignator=C123 NewDesignator=C120
Change Component Designator: OldDesignator=C124 NewDesignator=C122
Change Component Designator: OldDesignator=C127 NewDesignator=C124
Change Component Designator: OldDesignator=C128 NewDesignator=C125
Change Component Designator: OldDesignator=C129 NewDesignator=C126
Change Component Designator: OldDesignator=C130 NewDesignator=C127
Change Component Designator: OldDesignator=C131 NewDesignator=C128
Change Component Designator: OldDesignator=C132 NewDesignator=C129
Change Component Designator: OldDesignator=C133 NewDesignator=C130
Change Component Designator: OldDesignator=C134 NewDesignator=C131
Change Component Designator: OldDesignator=C135 NewDesignator=C132
Change Component Designator: OldDesignator=C136 NewDesignator=C133
Change Component Designator: OldDesignator=C137 NewDesignator=C134
Change Component Designator: OldDesignator=C138 NewDesignator=C135
Change Component Designator: OldDesignator=C139 NewDesignator=C136
Change Component Designator: OldDesignator=C140 NewDesignator=C137
Change Component Designator: OldDesignator=C141 NewDesignator=C138
Change Component Designator: OldDesignator=C142 NewDesignator=C139
Change Component Designator: OldDesignator=C143 NewDesignator=C140
Change Component Designator: OldDesignator=C144 NewDesignator=C141
Change Component Designator: OldDesignator=C145 NewDesignator=C142
Change Component Designator: OldDesignator=C146 NewDesignator=C143
Change Component Designator: OldDesignator=C147 NewDesignator=C144
Change Component Designator: OldDesignator=C148 NewDesignator=C145
Change Component Designator: OldDesignator=C149 NewDesignator=C146
Change Component Designator: OldDesignator=C150 NewDesignator=C147
Change Component Designator: OldDesignator=C151 NewDesignator=C148
Change Component Designator: OldDesignator=C? NewDesignator=C116
Change Component Designator: OldDesignator=C? NewDesignator=C123
Change Component Designator: OldDesignator=J16 NewDesignator=J15
Change Component Designator: OldDesignator=J17 NewDesignator=J16
Change Component Designator: OldDesignator=J18 NewDesignator=J17
Change Component Designator: OldDesignator=J19 NewDesignator=J18
Change Component Designator: OldDesignator=J20 NewDesignator=J19
Change Component Designator: OldDesignator=R63 NewDesignator=R59
Change Component Designator: OldDesignator=R64 NewDesignator=R62
Change Component Designator: OldDesignator=R65 NewDesignator=R63
Change Component Designator: OldDesignator=R66 NewDesignator=R64
Change Component Designator: OldDesignator=R67 NewDesignator=R65
Change Component Designator: OldDesignator=R68 NewDesignator=R66
Change Component Designator: OldDesignator=R70 NewDesignator=R67
Change Component Designator: OldDesignator=R71 NewDesignator=R68
Change Component Designator: OldDesignator=R72 NewDesignator=R69
Change Component Designator: OldDesignator=R73 NewDesignator=R70
Change Component Designator: OldDesignator=R74 NewDesignator=R71
Change Component Designator: OldDesignator=R75 NewDesignator=R72
Change Component Designator: OldDesignator=R76 NewDesignator=R73
Change Component Designator: OldDesignator=R77 NewDesignator=R74
Change Component Designator: OldDesignator=R78 NewDesignator=R75
Change Component Designator: OldDesignator=R79 NewDesignator=R76
Change Component Designator: OldDesignator=R80 NewDesignator=R77
Change Component Designator: OldDesignator=R81 NewDesignator=R78
Change Component Designator: OldDesignator=R82 NewDesignator=R79
Change Component Designator: OldDesignator=R83 NewDesignator=R80
Change Component Designator: OldDesignator=R84 NewDesignator=R81
Change Component Designator: OldDesignator=R85 NewDesignator=R82
Change Component Designator: OldDesignator=R86 NewDesignator=R83
Change Component Designator: OldDesignator=R87 NewDesignator=R84
Change Component Designator: OldDesignator=R88 NewDesignator=R85
Change Component Designator: OldDesignator=R89 NewDesignator=R86
Change Component Designator: OldDesignator=R90 NewDesignator=R87
Change Component Designator: OldDesignator=R91 NewDesignator=R88
Change Component Designator: OldDesignator=R? NewDesignator=R60
Change Component Designator: OldDesignator=R? NewDesignator=R61
Change Component Designator: OldDesignator=TP5 NewDesignator=TP1
Change Component Designator: OldDesignator=TP6 NewDesignator=TP2
Change Component Designator: OldDesignator=TP7 NewDesignator=TP3
Change Component Designator: OldDesignator=TP8 NewDesignator=TP4
Change Component Designator: OldDesignator=TP9 NewDesignator=TP5
Change Component Designator: OldDesignator=TP10 NewDesignator=TP6
Change Component Designator: OldDesignator=TP11 NewDesignator=TP7
Change Component Designator: OldDesignator=U16 NewDesignator=U15
Change Component Designator: OldDesignator=U17 NewDesignator=U16
Change Component Designator: OldDesignator=U21 NewDesignator=U20
Change Component Designator: OldDesignator=U23 NewDesignator=U21
Change Component Designator: OldDesignator=U25 NewDesignator=U23
Change Component Designator: OldDesignator=U26 NewDesignator=U24
Change Component Designator: OldDesignator=U27 NewDesignator=U25
Change Component Designator: OldDesignator=U28 NewDesignator=U26
Change Component Designator: OldDesignator=U? NewDesignator=U18
Change Component Designator: OldDesignator=U? NewDesignator=U22
Add Component: Footprint Not Found CAP 0805_2012
Add Component: Footprint Not Found CAP 0805_2012
Add Component: Footprint Not Found CAP 0805_2012
Add Component: Footprint Not Found B3U-3000P
Add Component: Footprint Not Found CAP 0805_2012
Add Component: Footprint Not Found CAP 0805_2012
Add Component: Footprint Not Found CAP 0805_2012
Add Component: Footprint Not Found CAP 0805_2012
Add Component: Footprint Not Found CAP 0805_2012
Add Component: Footprint Not Found CAP 0805_2012
Add Component: Footprint Not Found CAP 0805_2012
Add Component: Footprint Not Found CAP 0805_2012
Add Component: Footprint Not Found CAP 0805_2012
Add Component: Footprint Not Found CAP 1206_3216 - 1.8MM
Add Component: Footprint Not Found CAP 0805_2012
Add Component: Footprint Not Found CAP 0805_2012
Add Component: Footprint Not Found CAP 0805_2012
Add Component: Footprint Not Found CAP 0805_2012
Add Component: Footprint Not Found CAP 1206_3216 - 1.8MM
Add Component: Footprint Not Found CAP 0805_2012
Add Component: Footprint Not Found CAP 0805_2012
Add Component: Footprint Not Found CAP 0805_2012
Add Component: Footprint Not Found CAP 0805_2012
Add Component: Footprint Not Found CAP 0805_2012
Add Component: Footprint Not Found CAP_P196_102X287_H332_RAD_TH
Add Component: Footprint Not Found CAP 0805_2012
Add Component: Footprint Not Found CAP 0805_2012
Add Component: Footprint Not Found CAP 0805_2012
Add Component: Footprint Not Found CAP 0805_2012
Add Component: Footprint Not Found CAP 0805_2012
Add Component: Footprint Not Found CAP 0805_2012
Add Component: Footprint Not Found CAP 0805_2012
Add Component: Footprint Not Found CAP 0805_2012
Add Component: Footprint Not Found CAP 0805_2012
Add Component: Footprint Not Found CAP 0805_2012
Add Component: Footprint Not Found CAP 0805_2012
Add Component: Footprint Not Found CAP 0805_2012
Add Component: Footprint Not Found CAP 0805_2012
Add Component: Footprint Not Found CAP 0805_2012
Add Component: Footprint Not Found CAP 0805_2012
Add Component: Footprint Not Found CAP 0805_2012
Add Component: Footprint Not Found CAP 0805_2012
Add Component: Footprint Not Found CAP 1206_3216 - 1.8MM
Add Component: Footprint Not Found CAP 0805_2012
Add Component: Footprint Not Found CAP 0805_2012
Add Component: Footprint Not Found CAP 1206_3216 - 1.8MM
Add Component: Footprint Not Found CAP 0805_2012
Add Component: Footprint Not Found CAP 0805_2012
Add Component: Footprint Not Found CAP 0805_2012
Add Component: Footprint Not Found CAP 0805_2012
Add Component: Footprint Not Found CAP 0805_2012
Add Component: Footprint Not Found CAP 0805_2012
Add Component: Footprint Not Found CAP 0805_2012
Add Component: Footprint Not Found CAP 0805_2012
Add Component: Footprint Not Found CAP 0805_2012
Add Component: Footprint Not Found CAP 0805_2012
Add Component: Footprint Not Found CAP 0805_2012
Add Component: Footprint Not Found CAP 0805_2012
Add Component: Footprint Not Found CAP 0805_2012
Add Component: Footprint Not Found CAP 0805_2012
Add Component: Footprint Not Found CAP 0805_2012
Add Component: Footprint Not Found CAP 0805_2012
Add Component: Footprint Not Found CAP 0805_2012
Add Component: Footprint Not Found CAP 0805_2012
Add Component: Footprint Not Found CAP 0805_2012
Add Component: Footprint Not Found CAP 0805_2012
Add Component: Footprint Not Found CAP 0805_2012
Add Component: Footprint Not Found CAP 1206_3216 - 1.8MM
Add Component: Footprint Not Found CAP 0805_2012
Add Component: Footprint Not Found CAP 0805_2012
Add Component: Footprint Not Found CAP 1206_3216 - 1.8MM
Add Component: Footprint Not Found CAP 0805_2012
Add Component: Footprint Not Found CAP 0805_2012
Add Component: Footprint Not Found ACAP_P305_D393_H393_RAD
Add Component: Footprint Not Found CAP 1206_3216 - 1.8MM
Add Component: Footprint Not Found CAP 0805_2012
Add Component: Footprint Not Found CAP 0805_2012
Add Component: Footprint Not Found CAP 1206_3216 - 1.8MM
Add Component: Footprint Not Found CAP 0805_2012
Add Component: Footprint Not Found CAP 0805_2012
Add Component: Footprint Not Found CAP 0805_2012
Add Component: Footprint Not Found CAP ALSMD 8.3MM H10.5MM
Add Component: Footprint Not Found CAP 0805_2012
Add Component: Footprint Not Found CAP 0805_2012
Add Component: Footprint Not Found CAP 0805_2012
Add Component: Footprint Not Found CAP 0805_2012
Add Component: Footprint Not Found Cap 0402 HD
Add Component: Footprint Not Found Cap 0402 HD
Add Component: Footprint Not Found Cap 0402 HD
Add Component: Footprint Not Found Cap 0402 HD
Add Component: Footprint Not Found Cap 0402 HD
Add Component: Footprint Not Found Cap 0402 HD
Add Component: Footprint Not Found Cap 0402 HD
Add Component: Footprint Not Found Cap 0402 HD
Add Component: Footprint Not Found Cap 0402 HD
Add Component: Footprint Not Found Cap 0402 HD
Add Component: Footprint Not Found Cap 0402 HD
Add Component: Footprint Not Found Cap 0402 HD
Add Component: Footprint Not Found Cap 0402 HD
Add Component: Footprint Not Found Cap 0402 HD
Add Component: Footprint Not Found Cap 1210
Add Component: Footprint Not Found Cap 1210
Add Component: Footprint Not Found Cap 0402 HD
Add Component: Footprint Not Found Cap 0402 HD
Add Component: Footprint Not Found Cap 0402 HD
Add Component: Footprint Not Found Cap 0402 HD
Add Component: Footprint Not Found Cap 0402 HD
Add Component: Footprint Not Found Cap 0402 HD
Add Component: Footprint Not Found Cap 0402 HD
Add Component: Footprint Not Found Cap 0402 HD
Add Component: Footprint Not Found Cap 0402 HD
Add Component: Footprint Not Found LED 1206_3216 RED
Add Component: Footprint Not Found LED 1206_3216 RED
Add Component: Footprint Not Found DIO_SOD-923
Add Component: Footprint Not Found DIO_SOD-923
Add Component: Footprint Not Found DIO_SOD-923
Add Component: Footprint Not Found DIO_SOD-923
Add Component: Footprint Not Found DO214AA SMB
Add Component: Footprint Not Found SOD-123
Add Component: Footprint Not Found DO214AA SMB
Add Component: Footprint Not Found SOD323
Add Component: Footprint Not Found LED_4Pin_4213_RA_3215
Add Component: Footprint Not Found LED_0606_RGB_WURTH
Add Component: Footprint Not Found DIO_LXES11D_SMD
Add Component: Footprint Not Found DIO_LXES11D_SMD
Add Component: Footprint Not Found Fuse 1206
Add Component: Footprint Not Found FER 1206_3216
Add Component: Footprint Not Found FER 1206_3216
Add Component: Footprint Not Found FER 1206_3216
Add Component: Footprint Not Found FER 1206_3216
Add Component: Footprint Not Found CON_690-005-299-043
Add Component: Footprint Not Found HDR_1x6_2.54mm
Add Component: Footprint Not Found CON10_P106_RJ45_TH_ST
Add Component: Footprint Not Found CON_10118192-0001LF_SMD
Add Component: Footprint Not Found FCI 06-381-4PIN
Add Component: Footprint Not Found CON_SJ-2504A-SMT-TR_SMD
Add Component: Footprint Not Found TE 282834-4
Add Component: Footprint Not Found HDR_2x8
Add Component: Footprint Not Found FCI 06-381-4PIN
Add Component: Footprint Not Found FCI 06-381-4PIN
Add Component: Footprint Not Found TE 282834-3
Add Component: Footprint Not Found TE 282834-2
Add Component: Footprint Not Found CON4_614004134726_TH
Add Component: Footprint Not Found CON4_614004134726_TH
Add Component: Footprint Not Found MH_7.4MMC_3.2MMD
Add Component: Footprint Not Found MH_7.4MMC_3.2MMD
Add Component: Footprint Not Found MH_7.4MMC_3.2MMD
Add Component: Footprint Not Found MH_7.4MM_3.2MMD_NON_COPPER_NPTH
Add Component: Footprint Not Found DFN5045-12_33_212_27X15_SMD_1
Add Component: Footprint Not Found RES 0805_2012
Add Component: Footprint Not Found RES 0805_2012
Add Component: Footprint Not Found RES 0805_2012
Add Component: Footprint Not Found RES 0805_2012
Add Component: Footprint Not Found RES 0805_2012
Add Component: Footprint Not Found RES 0805_2012
Add Component: Footprint Not Found RES 0805_2012
Add Component: Footprint Not Found RES 0805_2012
Add Component: Footprint Not Found RES 0805_2012
Add Component: Footprint Not Found RES 0603_1608
Add Component: Footprint Not Found RES 0603_1608
Add Component: Footprint Not Found RES 1206_3216
Add Component: Footprint Not Found RES 0805_2012
Add Component: Footprint Not Found RES 0805_2012
Add Component: Footprint Not Found RES 0603_1608
Add Component: Footprint Not Found RES 0603_1608
Add Component: Footprint Not Found RES 0603_1608
Add Component: Footprint Not Found RES 0603_1608
Add Component: Footprint Not Found RES 0603_1608
Add Component: Footprint Not Found RES 0805_2012
Add Component: Footprint Not Found RES 0603_1608
Add Component: Footprint Not Found RES 0805_2012
Add Component: Footprint Not Found RES 0805_2012
Add Component: Footprint Not Found RES 0805_2012
Add Component: Footprint Not Found RES 0805_2012
Add Component: Footprint Not Found RES 0805_2012
Add Component: Footprint Not Found RES 0805_2012
Add Component: Footprint Not Found RES 2512_6432
Add Component: Footprint Not Found RES 0805_2012
Add Component: Footprint Not Found RES 0603_1608
Add Component: Footprint Not Found RES 0805_2012
Add Component: Footprint Not Found RES 0603_1608
Add Component: Footprint Not Found RES 0805_2012
Add Component: Footprint Not Found RES 0805_2012
Add Component: Footprint Not Found RES 0805_2012
Add Component: Footprint Not Found RES 0402 HD
Add Component: Footprint Not Found RES 0402 HD
Add Component: Footprint Not Found RES 0402 HD
Add Component: Footprint Not Found RES 0402 HD
Add Component: Footprint Not Found RES 0402 HD
Add Component: Footprint Not Found RES 0402 HD
Add Component: Footprint Not Found RES 0402 HD
Add Component: Footprint Not Found RES 0402 HD
Add Component: Footprint Not Found RES 0402 HD
Add Component: Footprint Not Found RES 0402 HD
Add Component: Footprint Not Found RES 0402 HD
Add Component: Footprint Not Found RES_0603
Add Component: Footprint Not Found RES_0603
Add Component: Footprint Not Found RES 0201 HD
Add Component: Footprint Not Found TE FSM4JSMA
Add Component: Footprint Not Found TE FSM4JSMA
Add Component: Footprint Not Found TE FSM4JSMA
Add Component: Footprint Not Found EG1224
Add Component: Footprint Not Found LQFP-48_SMD
Add Component: Footprint Not Found VQFN32_19_218_23X9_SMD
Add Component: Footprint Not Found SOIC16_50_284_25X90_SMT
Add Component: Footprint Not Found TSSOP16_25-59_294_54X14_SMT
Add Component: Footprint Not Found HCLGA-4_53_137_15X37_SMD
Add Component: Footprint Not Found QFN100_19.6_669_58X10_SMD
Add Component: Footprint Not Found SOT223_3
Add Component: Footprint Not Found SOT223_3
Add Component: Footprint Not Found QFN50P400X400X100-25N
Add Component: Footprint Not Found DFN0.65P-8Pin
Add Component: Footprint Not Found DFN0.95P-6Pin_W-Pad
Add Component: Footprint Not Found XTAL_314_240X47_SMD
Add Component: Footprint Not Found XTAL_314_240X47_SMD
Add Component: Footprint Not Found ABRACON ABLS
Add Pin To Net: Unknown Pin: Pin 1-1
Add Pin To Net: Unknown Pin: Pin 1-2
Add Pin To Net: Unknown Pin: Pin 2-1
Add Pin To Net: Unknown Pin: Pin 2-2
Add Pin To Net: Unknown Pin: Pin 3-1
Add Pin To Net: Unknown Pin: Pin 3-2
Add Pin To Net: Unknown Pin: Pin BTN?-1
Add Pin To Net: Unknown Pin: Pin BTN?-2
Add Pin To Net: Unknown Pin: Pin C1-1
Add Pin To Net: Unknown Pin: Pin C1-2
Add Pin To Net: Unknown Pin: Pin C2-1
Add Pin To Net: Unknown Pin: Pin C2-2
Add Pin To Net: Unknown Pin: Pin C3-1
Add Pin To Net: Unknown Pin: Pin C3-2
Add Pin To Net: Unknown Pin: Pin C4-1
Add Pin To Net: Unknown Pin: Pin C4-2
Add Pin To Net: Unknown Pin: Pin C5-1
Add Pin To Net: Unknown Pin: Pin C5-2
Add Pin To Net: Unknown Pin: Pin C6-1
Add Pin To Net: Unknown Pin: Pin C6-2
Add Pin To Net: Unknown Pin: Pin C7-1
Add Pin To Net: Unknown Pin: Pin C7-2
Add Pin To Net: Unknown Pin: Pin C8-1
Add Pin To Net: Unknown Pin: Pin C8-2
Add Pin To Net: Unknown Pin: Pin C9-1
Add Pin To Net: Unknown Pin: Pin C9-2
Add Pin To Net: Unknown Pin: Pin C10-1
Add Pin To Net: Unknown Pin: Pin C10-2
Add Pin To Net: Unknown Pin: Pin C11-1
Add Pin To Net: Unknown Pin: Pin C11-2
Add Pin To Net: Unknown Pin: Pin C12-1
Add Pin To Net: Unknown Pin: Pin C12-2
Add Pin To Net: Unknown Pin: Pin C13-1
Add Pin To Net: Unknown Pin: Pin C13-2
Add Pin To Net: Unknown Pin: Pin C14-1
Add Pin To Net: Unknown Pin: Pin C14-2
Add Pin To Net: Unknown Pin: Pin C15-1
Add Pin To Net: Unknown Pin: Pin C15-2
Add Pin To Net: Unknown Pin: Pin C16-1
Add Pin To Net: Unknown Pin: Pin C16-2
Add Pin To Net: Unknown Pin: Pin C17-1
Add Pin To Net: Unknown Pin: Pin C17-2
Add Pin To Net: Unknown Pin: Pin C18-1
Add Pin To Net: Unknown Pin: Pin C18-2
Add Pin To Net: Unknown Pin: Pin C19-1
Add Pin To Net: Unknown Pin: Pin C19-2
Add Pin To Net: Unknown Pin: Pin C20-1
Add Pin To Net: Unknown Pin: Pin C20-2
Add Pin To Net: Unknown Pin: Pin C21-1
Add Pin To Net: Unknown Pin: Pin C21-2
Add Pin To Net: Unknown Pin: Pin C22-1
Add Pin To Net: Unknown Pin: Pin C22-2
Add Pin To Net: Unknown Pin: Pin C23-1
Add Pin To Net: Unknown Pin: Pin C23-2
Add Pin To Net: Unknown Pin: Pin C24-1
Add Pin To Net: Unknown Pin: Pin C24-2
Add Pin To Net: Unknown Pin: Pin C25-1
Add Pin To Net: Unknown Pin: Pin C25-2
Add Pin To Net: Unknown Pin: Pin C26-1
Add Pin To Net: Unknown Pin: Pin C26-2
Add Pin To Net: Unknown Pin: Pin C27-1
Add Pin To Net: Unknown Pin: Pin C27-2
Add Pin To Net: Unknown Pin: Pin C28-1
Add Pin To Net: Unknown Pin: Pin C28-2
Add Pin To Net: Unknown Pin: Pin C29-1
Add Pin To Net: Unknown Pin: Pin C29-2
Add Pin To Net: Unknown Pin: Pin C30-1
Add Pin To Net: Unknown Pin: Pin C30-2
Add Pin To Net: Unknown Pin: Pin C31-1
Add Pin To Net: Unknown Pin: Pin C31-2
Add Pin To Net: Unknown Pin: Pin C32-1
Add Pin To Net: Unknown Pin: Pin C32-2
Add Pin To Net: Unknown Pin: Pin C33-1
Add Pin To Net: Unknown Pin: Pin C33-2
Add Pin To Net: Unknown Pin: Pin C34-1
Add Pin To Net: Unknown Pin: Pin C34-2
Add Pin To Net: Unknown Pin: Pin C35-1
Add Pin To Net: Unknown Pin: Pin C35-2
Add Pin To Net: Unknown Pin: Pin C36-1
Add Pin To Net: Unknown Pin: Pin C36-2
Add Pin To Net: Unknown Pin: Pin C37-1
Add Pin To Net: Unknown Pin: Pin C37-2
Add Pin To Net: Unknown Pin: Pin C38-1
Add Pin To Net: Unknown Pin: Pin C38-2
Add Pin To Net: Unknown Pin: Pin C39-1
Add Pin To Net: Unknown Pin: Pin C39-2
Add Pin To Net: Unknown Pin: Pin C40-1
Add Pin To Net: Unknown Pin: Pin C40-2
Add Pin To Net: Unknown Pin: Pin C41-1
Add Pin To Net: Unknown Pin: Pin C41-2
Add Pin To Net: Unknown Pin: Pin C42-1
Add Pin To Net: Unknown Pin: Pin C42-2
Add Pin To Net: Unknown Pin: Pin C43-1
Add Pin To Net: Unknown Pin: Pin C43-2
Add Pin To Net: Unknown Pin: Pin C44-1
Add Pin To Net: Unknown Pin: Pin C44-2
Add Pin To Net: Unknown Pin: Pin C45-1
Add Pin To Net: Unknown Pin: Pin C45-2
Add Pin To Net: Unknown Pin: Pin C46-1
Add Pin To Net: Unknown Pin: Pin C46-2
Add Pin To Net: Unknown Pin: Pin C47-1
Add Pin To Net: Unknown Pin: Pin C47-2
Add Pin To Net: Unknown Pin: Pin C48-1
Add Pin To Net: Unknown Pin: Pin C48-2
Add Pin To Net: Unknown Pin: Pin C49-1
Add Pin To Net: Unknown Pin: Pin C49-2
Add Pin To Net: Unknown Pin: Pin C50-1
Add Pin To Net: Unknown Pin: Pin C50-2
Add Pin To Net: Unknown Pin: Pin C51-1
Add Pin To Net: Unknown Pin: Pin C51-2
Add Pin To Net: Unknown Pin: Pin C52-1
Add Pin To Net: Unknown Pin: Pin C52-2
Add Pin To Net: Unknown Pin: Pin C53-1
Add Pin To Net: Unknown Pin: Pin C53-2
Add Pin To Net: Unknown Pin: Pin C54-1
Add Pin To Net: Unknown Pin: Pin C54-2
Add Pin To Net: Unknown Pin: Pin C55-1
Add Pin To Net: Unknown Pin: Pin C55-2
Add Pin To Net: Unknown Pin: Pin C56-1
Add Pin To Net: Unknown Pin: Pin C56-2
Add Pin To Net: Unknown Pin: Pin C57-1
Add Pin To Net: Unknown Pin: Pin C57-2
Add Pin To Net: Unknown Pin: Pin C58-1
Add Pin To Net: Unknown Pin: Pin C58-2
Add Pin To Net: Unknown Pin: Pin C59-1
Add Pin To Net: Unknown Pin: Pin C59-2
Add Pin To Net: Unknown Pin: Pin C60-1
Add Pin To Net: Unknown Pin: Pin C60-2
Add Pin To Net: Unknown Pin: Pin C61-1
Add Pin To Net: Unknown Pin: Pin C61-2
Add Pin To Net: Unknown Pin: Pin C62-1
Add Pin To Net: Unknown Pin: Pin C62-2
Add Pin To Net: Unknown Pin: Pin C63-1
Add Pin To Net: Unknown Pin: Pin C63-2
Add Pin To Net: Unknown Pin: Pin C64-1
Add Pin To Net: Unknown Pin: Pin C64-2
Add Pin To Net: Unknown Pin: Pin C65-1
Add Pin To Net: Unknown Pin: Pin C65-2
Add Pin To Net: Unknown Pin: Pin C66-1
Add Pin To Net: Unknown Pin: Pin C66-2
Add Pin To Net: Unknown Pin: Pin C67-1
Add Pin To Net: Unknown Pin: Pin C67-2
Add Pin To Net: Unknown Pin: Pin C68-1
Add Pin To Net: Unknown Pin: Pin C68-2
Add Pin To Net: Unknown Pin: Pin C69-1
Add Pin To Net: Unknown Pin: Pin C69-2
Add Pin To Net: Unknown Pin: Pin C70-1
Add Pin To Net: Unknown Pin: Pin C70-2
Add Pin To Net: Unknown Pin: Pin C71-1
Add Pin To Net: Unknown Pin: Pin C71-2
Add Pin To Net: Unknown Pin: Pin C72-1
Add Pin To Net: Unknown Pin: Pin C72-2
Add Pin To Net: Unknown Pin: Pin C73-1
Add Pin To Net: Unknown Pin: Pin C73-2
Add Pin To Net: Unknown Pin: Pin C74-1
Add Pin To Net: Unknown Pin: Pin C74-2
Add Pin To Net: Unknown Pin: Pin C75-1
Add Pin To Net: Unknown Pin: Pin C75-2
Add Pin To Net: Unknown Pin: Pin C76-1
Add Pin To Net: Unknown Pin: Pin C76-2
Add Pin To Net: Unknown Pin: Pin C77-1
Add Pin To Net: Unknown Pin: Pin C77-2
Add Pin To Net: Unknown Pin: Pin C78-1
Add Pin To Net: Unknown Pin: Pin C78-2
Add Pin To Net: Unknown Pin: Pin C79-1
Add Pin To Net: Unknown Pin: Pin C79-2
Add Pin To Net: Unknown Pin: Pin C80-1
Add Pin To Net: Unknown Pin: Pin C80-2
Add Pin To Net: Unknown Pin: Pin C81-1
Add Pin To Net: Unknown Pin: Pin C81-2
Add Pin To Net: Unknown Pin: Pin C82-1
Add Pin To Net: Unknown Pin: Pin C82-2
Add Pin To Net: Unknown Pin: Pin C90-1
Add Pin To Net: Unknown Pin: Pin C90-2
Add Pin To Net: Unknown Pin: Pin C91-1
Add Pin To Net: Unknown Pin: Pin C91-2
Add Pin To Net: Unknown Pin: Pin C92-1
Add Pin To Net: Unknown Pin: Pin C92-2
Add Pin To Net: Unknown Pin: Pin C93-1
Add Pin To Net: Unknown Pin: Pin C93-2
Add Pin To Net: Unknown Pin: Pin C94-1
Add Pin To Net: Unknown Pin: Pin C94-2
Add Pin To Net: Unknown Pin: Pin C95-1
Add Pin To Net: Unknown Pin: Pin C95-2
Add Pin To Net: Unknown Pin: Pin C96-1
Add Pin To Net: Unknown Pin: Pin C96-2
Add Pin To Net: Unknown Pin: Pin C97-1
Add Pin To Net: Unknown Pin: Pin C97-2
Add Pin To Net: Unknown Pin: Pin C98-1
Add Pin To Net: Unknown Pin: Pin C98-2
Add Pin To Net: Unknown Pin: Pin C99-1
Add Pin To Net: Unknown Pin: Pin C99-2
Add Pin To Net: Unknown Pin: Pin C100-1
Add Pin To Net: Unknown Pin: Pin C100-2
Add Pin To Net: Unknown Pin: Pin C101-1
Add Pin To Net: Unknown Pin: Pin C101-2
Add Pin To Net: Unknown Pin: Pin C102-2
Add Pin To Net: Unknown Pin: Pin C103-1
Add Pin To Net: Unknown Pin: Pin C103-2
Add Pin To Net: Unknown Pin: Pin C104-1
Add Pin To Net: Unknown Pin: Pin C104-2
Add Pin To Net: Unknown Pin: Pin C105-1
Add Pin To Net: Unknown Pin: Pin C105-2
Add Pin To Net: Unknown Pin: Pin C106-1
Add Pin To Net: Unknown Pin: Pin C106-2
Add Pin To Net: Unknown Pin: Pin C107-1
Add Pin To Net: Unknown Pin: Pin C108-1
Add Pin To Net: Unknown Pin: Pin C109-2
Add Pin To Net: Unknown Pin: Pin C110-2
Add Pin To Net: Unknown Pin: Pin C111-1
Add Pin To Net: Unknown Pin: Pin C111-2
Add Pin To Net: Unknown Pin: Pin C112-1
Add Pin To Net: Unknown Pin: Pin C112-2
Add Pin To Net: Unknown Pin: Pin C113-1
Add Pin To Net: Unknown Pin: Pin C113-2
Add Pin To Net: Unknown Pin: Pin C114-1
Add Pin To Net: Unknown Pin: Pin C114-2
Add Pin To Net: Unknown Pin: Pin D1-1
Add Pin To Net: Unknown Pin: Pin D1-2
Add Pin To Net: Unknown Pin: Pin D2-1
Add Pin To Net: Unknown Pin: Pin D2-2
Add Pin To Net: Unknown Pin: Pin D3-A
Add Pin To Net: Unknown Pin: Pin D3-K
Add Pin To Net: Unknown Pin: Pin D4-A
Add Pin To Net: Unknown Pin: Pin D4-K
Add Pin To Net: Unknown Pin: Pin D5-A
Add Pin To Net: Unknown Pin: Pin D5-K
Add Pin To Net: Unknown Pin: Pin D6-A
Add Pin To Net: Unknown Pin: Pin D6-K
Add Pin To Net: Unknown Pin: Pin D7-1
Add Pin To Net: Unknown Pin: Pin D7-2
Add Pin To Net: Unknown Pin: Pin D8-1
Add Pin To Net: Unknown Pin: Pin D8-2
Add Pin To Net: Unknown Pin: Pin D9-1
Add Pin To Net: Unknown Pin: Pin D9-2
Add Pin To Net: Unknown Pin: Pin D10-1
Add Pin To Net: Unknown Pin: Pin D10-2
Add Pin To Net: Unknown Pin: Pin D11-1
Add Pin To Net: Unknown Pin: Pin D11-2
Add Pin To Net: Unknown Pin: Pin D11-3
Add Pin To Net: Unknown Pin: Pin D14-A
Add Pin To Net: Unknown Pin: Pin D14-BK
Add Pin To Net: Unknown Pin: Pin D14-GK
Add Pin To Net: Unknown Pin: Pin D14-RK
Add Pin To Net: Unknown Pin: Pin D15-1
Add Pin To Net: Unknown Pin: Pin D15-2
Add Pin To Net: Unknown Pin: Pin D15-3
Add Pin To Net: Unknown Pin: Pin D15-4
Add Pin To Net: Unknown Pin: Pin D15-5
Add Pin To Net: Unknown Pin: Pin D15-6
Add Pin To Net: Unknown Pin: Pin D16-1
Add Pin To Net: Unknown Pin: Pin D16-2
Add Pin To Net: Unknown Pin: Pin D16-3
Add Pin To Net: Unknown Pin: Pin D16-4
Add Pin To Net: Unknown Pin: Pin D16-5
Add Pin To Net: Unknown Pin: Pin D16-6
Add Pin To Net: Unknown Pin: Pin F1-2
Add Pin To Net: Unknown Pin: Pin FB1-1
Add Pin To Net: Unknown Pin: Pin FB1-2
Add Pin To Net: Unknown Pin: Pin FB2-1
Add Pin To Net: Unknown Pin: Pin FB2-2
Add Pin To Net: Unknown Pin: Pin FB3-1
Add Pin To Net: Unknown Pin: Pin FB3-2
Add Pin To Net: Unknown Pin: Pin FB4-1
Add Pin To Net: Unknown Pin: Pin FB4-2
Add Pin To Net: Unknown Pin: Pin J1-2
Add Pin To Net: Unknown Pin: Pin J1-3
Add Pin To Net: Unknown Pin: Pin J1-5
Add Pin To Net: Unknown Pin: Pin J1-6
Add Pin To Net: Unknown Pin: Pin J2-6
Add Pin To Net: Unknown Pin: Pin J3-1
Add Pin To Net: Unknown Pin: Pin J3-2
Add Pin To Net: Unknown Pin: Pin J3-5
Add Pin To Net: Unknown Pin: Pin J3-6
Add Pin To Net: Unknown Pin: Pin J3-9
Add Pin To Net: Unknown Pin: Pin J3-10
Add Pin To Net: Unknown Pin: Pin J4-5
Add Pin To Net: Unknown Pin: Pin J4-6
Add Pin To Net: Unknown Pin: Pin J4-7
Add Pin To Net: Unknown Pin: Pin J4-8
Add Pin To Net: Unknown Pin: Pin J4-9
Add Pin To Net: Unknown Pin: Pin J5-3
Add Pin To Net: Unknown Pin: Pin J5-4
Add Pin To Net: Unknown Pin: Pin J6-1
Add Pin To Net: Unknown Pin: Pin J6-2
Add Pin To Net: Unknown Pin: Pin J6-3
Add Pin To Net: Unknown Pin: Pin J8-1
Add Pin To Net: Unknown Pin: Pin J8-2
Add Pin To Net: Unknown Pin: Pin J8-3
Add Pin To Net: Unknown Pin: Pin J8-4
Add Pin To Net: Unknown Pin: Pin J8-5
Add Pin To Net: Unknown Pin: Pin J8-6
Add Pin To Net: Unknown Pin: Pin J8-7
Add Pin To Net: Unknown Pin: Pin J8-8
Add Pin To Net: Unknown Pin: Pin J9-3
Add Pin To Net: Unknown Pin: Pin J9-4
Add Pin To Net: Unknown Pin: Pin J10-3
Add Pin To Net: Unknown Pin: Pin J10-4
Add Pin To Net: Unknown Pin: Pin J11-1
Add Pin To Net: Unknown Pin: Pin J11-2
Add Pin To Net: Unknown Pin: Pin J11-3
Add Pin To Net: Unknown Pin: Pin J20-1
Add Pin To Net: Unknown Pin: Pin J20-2
Add Pin To Net: Unknown Pin: Pin J20-3
Add Pin To Net: Unknown Pin: Pin J20-4
Add Pin To Net: Unknown Pin: Pin J20-P1
Add Pin To Net: Unknown Pin: Pin J20-P2
Add Pin To Net: Unknown Pin: Pin J21-1
Add Pin To Net: Unknown Pin: Pin J21-2
Add Pin To Net: Unknown Pin: Pin J21-3
Add Pin To Net: Unknown Pin: Pin J21-4
Add Pin To Net: Unknown Pin: Pin J21-P1
Add Pin To Net: Unknown Pin: Pin J21-P2
Add Pin To Net: Unknown Pin: Pin MH1-1
Add Pin To Net: Unknown Pin: Pin MH2-1
Add Pin To Net: Unknown Pin: Pin Q1-1
Add Pin To Net: Unknown Pin: Pin Q1-2
Add Pin To Net: Unknown Pin: Pin Q1-3
Add Pin To Net: Unknown Pin: Pin Q1-4
Add Pin To Net: Unknown Pin: Pin Q1-5
Add Pin To Net: Unknown Pin: Pin Q1-6
Add Pin To Net: Unknown Pin: Pin Q1-7
Add Pin To Net: Unknown Pin: Pin Q1-8
Add Pin To Net: Unknown Pin: Pin Q1-9
Add Pin To Net: Unknown Pin: Pin Q1-10
Add Pin To Net: Unknown Pin: Pin Q1-11
Add Pin To Net: Unknown Pin: Pin Q1-12
Add Pin To Net: Unknown Pin: Pin Q1-13
Add Pin To Net: Unknown Pin: Pin Q1-14
Add Pin To Net: Unknown Pin: Pin Q1-15
Add Pin To Net: Unknown Pin: Pin R1-1
Add Pin To Net: Unknown Pin: Pin R1-2
Add Pin To Net: Unknown Pin: Pin R2-1
Add Pin To Net: Unknown Pin: Pin R2-2
Add Pin To Net: Unknown Pin: Pin R3-1
Add Pin To Net: Unknown Pin: Pin R3-2
Add Pin To Net: Unknown Pin: Pin R4-1
Add Pin To Net: Unknown Pin: Pin R4-2
Add Pin To Net: Unknown Pin: Pin R5-1
Add Pin To Net: Unknown Pin: Pin R5-2
Add Pin To Net: Unknown Pin: Pin R6-1
Add Pin To Net: Unknown Pin: Pin R6-2
Add Pin To Net: Unknown Pin: Pin R7-1
Add Pin To Net: Unknown Pin: Pin R7-2
Add Pin To Net: Unknown Pin: Pin R8-1
Add Pin To Net: Unknown Pin: Pin R8-2
Add Pin To Net: Unknown Pin: Pin R9-1
Add Pin To Net: Unknown Pin: Pin R9-2
Add Pin To Net: Unknown Pin: Pin R10-1
Add Pin To Net: Unknown Pin: Pin R11-1
Add Pin To Net: Unknown Pin: Pin R12-1
Add Pin To Net: Unknown Pin: Pin R12-2
Add Pin To Net: Unknown Pin: Pin R13-1
Add Pin To Net: Unknown Pin: Pin R13-2
Add Pin To Net: Unknown Pin: Pin R14-1
Add Pin To Net: Unknown Pin: Pin R14-2
Add Pin To Net: Unknown Pin: Pin R15-1
Add Pin To Net: Unknown Pin: Pin R15-2
Add Pin To Net: Unknown Pin: Pin R16-1
Add Pin To Net: Unknown Pin: Pin R17-1
Add Pin To Net: Unknown Pin: Pin R18-1
Add Pin To Net: Unknown Pin: Pin R18-2
Add Pin To Net: Unknown Pin: Pin R19-1
Add Pin To Net: Unknown Pin: Pin R19-2
Add Pin To Net: Unknown Pin: Pin R20-1
Add Pin To Net: Unknown Pin: Pin R20-2
Add Pin To Net: Unknown Pin: Pin R21-1
Add Pin To Net: Unknown Pin: Pin R21-2
Add Pin To Net: Unknown Pin: Pin R22-1
Add Pin To Net: Unknown Pin: Pin R22-2
Add Pin To Net: Unknown Pin: Pin R23-1
Add Pin To Net: Unknown Pin: Pin R23-2
Add Pin To Net: Unknown Pin: Pin R24-1
Add Pin To Net: Unknown Pin: Pin R24-2
Add Pin To Net: Unknown Pin: Pin R25-1
Add Pin To Net: Unknown Pin: Pin R25-2
Add Pin To Net: Unknown Pin: Pin R26-1
Add Pin To Net: Unknown Pin: Pin R26-2
Add Pin To Net: Unknown Pin: Pin R27-1
Add Pin To Net: Unknown Pin: Pin R27-2
Add Pin To Net: Unknown Pin: Pin R28-1
Add Pin To Net: Unknown Pin: Pin R28-2
Add Pin To Net: Unknown Pin: Pin R29-1
Add Pin To Net: Unknown Pin: Pin R29-2
Add Pin To Net: Unknown Pin: Pin R30-2
Add Pin To Net: Unknown Pin: Pin R31-1
Add Pin To Net: Unknown Pin: Pin R31-2
Add Pin To Net: Unknown Pin: Pin R32-1
Add Pin To Net: Unknown Pin: Pin R32-2
Add Pin To Net: Unknown Pin: Pin R33-1
Add Pin To Net: Unknown Pin: Pin R33-2
Add Pin To Net: Unknown Pin: Pin R34-1
Add Pin To Net: Unknown Pin: Pin R34-2
Add Pin To Net: Unknown Pin: Pin R35-1
Add Pin To Net: Unknown Pin: Pin R35-2
Add Pin To Net: Unknown Pin: Pin R49-2
Add Pin To Net: Unknown Pin: Pin R50-1
Add Pin To Net: Unknown Pin: Pin R51-1
Add Pin To Net: Unknown Pin: Pin R52-1
Add Pin To Net: Unknown Pin: Pin R53-1
Add Pin To Net: Unknown Pin: Pin R54-1
Add Pin To Net: Unknown Pin: Pin R54-2
Add Pin To Net: Unknown Pin: Pin R55-1
Add Pin To Net: Unknown Pin: Pin R55-2
Add Pin To Net: Unknown Pin: Pin R56-1
Add Pin To Net: Unknown Pin: Pin R56-2
Add Pin To Net: Unknown Pin: Pin R57-1
Add Pin To Net: Unknown Pin: Pin R57-2
Add Pin To Net: Unknown Pin: Pin R58-1
Add Pin To Net: Unknown Pin: Pin R58-2
Add Pin To Net: Unknown Pin: Pin R89-2
Add Pin To Net: Unknown Pin: Pin R90-1
Add Pin To Net: Unknown Pin: Pin RT1-2
Add Pin To Net: Unknown Pin: Pin S1-1
Add Pin To Net: Unknown Pin: Pin S1-2
Add Pin To Net: Unknown Pin: Pin S1-3
Add Pin To Net: Unknown Pin: Pin S1-4
Add Pin To Net: Unknown Pin: Pin S2-1
Add Pin To Net: Unknown Pin: Pin S2-2
Add Pin To Net: Unknown Pin: Pin S2-3
Add Pin To Net: Unknown Pin: Pin S2-4
Add Pin To Net: Unknown Pin: Pin S3-1
Add Pin To Net: Unknown Pin: Pin S3-2
Add Pin To Net: Unknown Pin: Pin S3-3
Add Pin To Net: Unknown Pin: Pin S3-4
Add Pin To Net: Unknown Pin: Pin SW1-2
Add Pin To Net: Unknown Pin: Pin SW1-4
Add Pin To Net: Unknown Pin: Pin U1-1
Add Pin To Net: Unknown Pin: Pin U1-5
Add Pin To Net: Unknown Pin: Pin U1-6
Add Pin To Net: Unknown Pin: Pin U1-8
Add Pin To Net: Unknown Pin: Pin U1-9
Add Pin To Net: Unknown Pin: Pin U1-18
Add Pin To Net: Unknown Pin: Pin U1-20
Add Pin To Net: Unknown Pin: Pin U1-23
Add Pin To Net: Unknown Pin: Pin U1-24
Add Pin To Net: Unknown Pin: Pin U1-25
Add Pin To Net: Unknown Pin: Pin U1-26
Add Pin To Net: Unknown Pin: Pin U1-27
Add Pin To Net: Unknown Pin: Pin U1-32
Add Pin To Net: Unknown Pin: Pin U1-33
Add Pin To Net: Unknown Pin: Pin U1-35
Add Pin To Net: Unknown Pin: Pin U1-36
Add Pin To Net: Unknown Pin: Pin U1-44
Add Pin To Net: Unknown Pin: Pin U1-47
Add Pin To Net: Unknown Pin: Pin U1-48
Add Pin To Net: Unknown Pin: Pin U2-1
Add Pin To Net: Unknown Pin: Pin U2-2
Add Pin To Net: Unknown Pin: Pin U2-3
Add Pin To Net: Unknown Pin: Pin U2-8
Add Pin To Net: Unknown Pin: Pin U2-9
Add Pin To Net: Unknown Pin: Pin U2-10
Add Pin To Net: Unknown Pin: Pin U2-11
Add Pin To Net: Unknown Pin: Pin U2-12
Add Pin To Net: Unknown Pin: Pin U2-13
Add Pin To Net: Unknown Pin: Pin U2-14
Add Pin To Net: Unknown Pin: Pin U2-15
Add Pin To Net: Unknown Pin: Pin U2-16
Add Pin To Net: Unknown Pin: Pin U2-17
Add Pin To Net: Unknown Pin: Pin U2-18
Add Pin To Net: Unknown Pin: Pin U2-19
Add Pin To Net: Unknown Pin: Pin U2-20
Add Pin To Net: Unknown Pin: Pin U2-21
Add Pin To Net: Unknown Pin: Pin U2-22
Add Pin To Net: Unknown Pin: Pin U2-23
Add Pin To Net: Unknown Pin: Pin U2-24
Add Pin To Net: Unknown Pin: Pin U2-25
Add Pin To Net: Unknown Pin: Pin U2-26
Add Pin To Net: Unknown Pin: Pin U2-27
Add Pin To Net: Unknown Pin: Pin U2-28
Add Pin To Net: Unknown Pin: Pin U2-29
Add Pin To Net: Unknown Pin: Pin U2-32
Add Pin To Net: Unknown Pin: Pin U2-33
Add Pin To Net: Unknown Pin: Pin U3-1
Add Pin To Net: Unknown Pin: Pin U3-2
Add Pin To Net: Unknown Pin: Pin U3-3
Add Pin To Net: Unknown Pin: Pin U3-4
Add Pin To Net: Unknown Pin: Pin U3-14
Add Pin To Net: Unknown Pin: Pin U3-16
Add Pin To Net: Unknown Pin: Pin U4-1
Add Pin To Net: Unknown Pin: Pin U4-2
Add Pin To Net: Unknown Pin: Pin U4-3
Add Pin To Net: Unknown Pin: Pin U4-4
Add Pin To Net: Unknown Pin: Pin U4-5
Add Pin To Net: Unknown Pin: Pin U4-10
Add Pin To Net: Unknown Pin: Pin U4-11
Add Pin To Net: Unknown Pin: Pin U4-12
Add Pin To Net: Unknown Pin: Pin U4-13
Add Pin To Net: Unknown Pin: Pin U4-14
Add Pin To Net: Unknown Pin: Pin U4-15
Add Pin To Net: Unknown Pin: Pin U4-16
Add Pin To Net: Unknown Pin: Pin U6-1
Add Pin To Net: Unknown Pin: Pin U6-2
Add Pin To Net: Unknown Pin: Pin U6-3
Add Pin To Net: Unknown Pin: Pin U6-4
Add Pin To Net: Unknown Pin: Pin U6-5
Add Pin To Net: Unknown Pin: Pin U7-1
Add Pin To Net: Unknown Pin: Pin U7-2
Add Pin To Net: Unknown Pin: Pin U7-3
Add Pin To Net: Unknown Pin: Pin U7-4
Add Pin To Net: Unknown Pin: Pin U7-5
Add Pin To Net: Unknown Pin: Pin U7-6
Add Pin To Net: Unknown Pin: Pin U7-10
Add Pin To Net: Unknown Pin: Pin U7-11
Add Pin To Net: Unknown Pin: Pin U7-12
Add Pin To Net: Unknown Pin: Pin U7-13
Add Pin To Net: Unknown Pin: Pin U7-14
Add Pin To Net: Unknown Pin: Pin U7-16
Add Pin To Net: Unknown Pin: Pin U7-17
Add Pin To Net: Unknown Pin: Pin U7-18
Add Pin To Net: Unknown Pin: Pin U7-19
Add Pin To Net: Unknown Pin: Pin U7-20
Add Pin To Net: Unknown Pin: Pin U7-21
Add Pin To Net: Unknown Pin: Pin U7-22
Add Pin To Net: Unknown Pin: Pin U7-23
Add Pin To Net: Unknown Pin: Pin U7-24
Add Pin To Net: Unknown Pin: Pin U7-25
Add Pin To Net: Unknown Pin: Pin U7-26
Add Pin To Net: Unknown Pin: Pin U7-27
Add Pin To Net: Unknown Pin: Pin U7-28
Add Pin To Net: Unknown Pin: Pin U7-29
Add Pin To Net: Unknown Pin: Pin U7-30
Add Pin To Net: Unknown Pin: Pin U7-31
Add Pin To Net: Unknown Pin: Pin U7-32
Add Pin To Net: Unknown Pin: Pin U7-33
Add Pin To Net: Unknown Pin: Pin U7-34
Add Pin To Net: Unknown Pin: Pin U7-35
Add Pin To Net: Unknown Pin: Pin U7-36
Add Pin To Net: Unknown Pin: Pin U7-37
Add Pin To Net: Unknown Pin: Pin U7-38
Add Pin To Net: Unknown Pin: Pin U7-39
Add Pin To Net: Unknown Pin: Pin U7-40
Add Pin To Net: Unknown Pin: Pin U7-41
Add Pin To Net: Unknown Pin: Pin U7-45
Add Pin To Net: Unknown Pin: Pin U7-47
Add Pin To Net: Unknown Pin: Pin U7-48
Add Pin To Net: Unknown Pin: Pin U7-49
Add Pin To Net: Unknown Pin: Pin U7-50
Add Pin To Net: Unknown Pin: Pin U7-51
Add Pin To Net: Unknown Pin: Pin U7-52
Add Pin To Net: Unknown Pin: Pin U7-53
Add Pin To Net: Unknown Pin: Pin U7-54
Add Pin To Net: Unknown Pin: Pin U7-55
Add Pin To Net: Unknown Pin: Pin U7-56
Add Pin To Net: Unknown Pin: Pin U7-57
Add Pin To Net: Unknown Pin: Pin U7-58
Add Pin To Net: Unknown Pin: Pin U7-59
Add Pin To Net: Unknown Pin: Pin U7-60
Add Pin To Net: Unknown Pin: Pin U7-61
Add Pin To Net: Unknown Pin: Pin U7-62
Add Pin To Net: Unknown Pin: Pin U7-63
Add Pin To Net: Unknown Pin: Pin U7-64
Add Pin To Net: Unknown Pin: Pin U7-65
Add Pin To Net: Unknown Pin: Pin U7-66
Add Pin To Net: Unknown Pin: Pin U7-72
Add Pin To Net: Unknown Pin: Pin U7-73
Add Pin To Net: Unknown Pin: Pin U7-74
Add Pin To Net: Unknown Pin: Pin U7-75
Add Pin To Net: Unknown Pin: Pin U7-76
Add Pin To Net: Unknown Pin: Pin U7-78
Add Pin To Net: Unknown Pin: Pin U7-79
Add Pin To Net: Unknown Pin: Pin U7-80
Add Pin To Net: Unknown Pin: Pin U7-89
Add Pin To Net: Unknown Pin: Pin U7-90
Add Pin To Net: Unknown Pin: Pin U7-92
Add Pin To Net: Unknown Pin: Pin U7-93
Add Pin To Net: Unknown Pin: Pin U7-94
Add Pin To Net: Unknown Pin: Pin U7-99
Add Pin To Net: Unknown Pin: Pin U7-100
Add Pin To Net: Unknown Pin: Pin U8-1
Add Pin To Net: Unknown Pin: Pin U8-2
Add Pin To Net: Unknown Pin: Pin U8-3
Add Pin To Net: Unknown Pin: Pin U8-4
Add Pin To Net: Unknown Pin: Pin U9-1
Add Pin To Net: Unknown Pin: Pin U9-2
Add Pin To Net: Unknown Pin: Pin U9-3
Add Pin To Net: Unknown Pin: Pin U9-4
Add Pin To Net: Unknown Pin: Pin U10-1
Add Pin To Net: Unknown Pin: Pin U10-2
Add Pin To Net: Unknown Pin: Pin U10-3
Add Pin To Net: Unknown Pin: Pin U10-4
Add Pin To Net: Unknown Pin: Pin U10-5
Add Pin To Net: Unknown Pin: Pin U10-6
Add Pin To Net: Unknown Pin: Pin U10-7
Add Pin To Net: Unknown Pin: Pin U10-8
Add Pin To Net: Unknown Pin: Pin U10-9
Add Pin To Net: Unknown Pin: Pin U10-10
Add Pin To Net: Unknown Pin: Pin U10-11
Add Pin To Net: Unknown Pin: Pin U10-12
Add Pin To Net: Unknown Pin: Pin U10-13
Add Pin To Net: Unknown Pin: Pin U10-14
Add Pin To Net: Unknown Pin: Pin U10-15
Add Pin To Net: Unknown Pin: Pin U10-16
Add Pin To Net: Unknown Pin: Pin U10-20
Add Pin To Net: Unknown Pin: Pin U10-25
Add Pin To Net: Unknown Pin: Pin U13-1
Add Pin To Net: Unknown Pin: Pin U13-2
Add Pin To Net: Unknown Pin: Pin U13-5
Add Pin To Net: Unknown Pin: Pin U13-6
Add Pin To Net: Unknown Pin: Pin U13-7
Add Pin To Net: Unknown Pin: Pin U13-8
Added Pin To Net: NetName=NetR55_2 Pin=U16-B1
Add Pin To Net: Unknown Pin: Pin U17-1
Add Pin To Net: Unknown Pin: Pin U17-2
Add Pin To Net: Unknown Pin: Pin U17-3
Add Pin To Net: Unknown Pin: Pin U17-4
Add Pin To Net: Unknown Pin: Pin U17-5
Add Pin To Net: Unknown Pin: Pin U17-6
Add Pin To Net: Unknown Pin: Pin U17-7
Add Pin To Net: Unknown Pin: Pin U18-2
Add Pin To Net: Unknown Pin: Pin U19-2
Add Pin To Net: Unknown Pin: Pin U20-2
Add Pin To Net: Unknown Pin: Pin U21-2
Add Pin To Net: Unknown Pin: Pin X1-1
Add Pin To Net: Unknown Pin: Pin X1-2
Add Pin To Net: Unknown Pin: Pin X2-1
Add Pin To Net: Unknown Pin: Pin X2-2
Add Pin To Net: Unknown Pin: Pin Y1-1
Add Pin To Net: Unknown Pin: Pin Y1-2
Change Net Name : Old Net Name=NetC109_1 New Net Name=NetC106_1
Change Net Name : Old Net Name=NetC118_2 New Net Name=NetC115_2
Change Net Name : Old Net Name=NetC119_2 New Net Name=NetC117_2
Change Net Name : Old Net Name=NetC120_2 New Net Name=NetC118_2
Change Net Name : Old Net Name=NetC123_2 New Net Name=NetC120_2
Change Net Name : Old Net Name=NetC124_1 New Net Name=NetC122_1
Change Net Name : Old Net Name=NetC124_2 New Net Name=NetC122_2
Change Net Name : Old Net Name=NetC130_2 New Net Name=NetC127_2
Change Net Name : Old Net Name=NetC132_2 New Net Name=NetC129_2
Change Net Name : Old Net Name=NetC142_2 New Net Name=NetC139_2
Change Net Name : Old Net Name=NetC143_1 New Net Name=NetC140_1
Change Net Name : Old Net Name=NetC143_2 New Net Name=NetC140_2
Change Net Name : Old Net Name=NetC?_2 New Net Name=NetC116_2
Change Net Name : Old Net Name=NetJ19_1 New Net Name=NetJ18_1
Change Net Name : Old Net Name=NetJ19_2 New Net Name=NetJ18_2
Change Net Name : Old Net Name=NetJ19_3 New Net Name=NetJ18_3
Change Net Name : Old Net Name=NetJ19_5 New Net Name=NetJ18_5
Change Net Name : Old Net Name=NetJ19_7 New Net Name=NetJ18_7
Change Net Name : Old Net Name=NetJ19_8 New Net Name=NetJ18_8
Change Net Name : Old Net Name=NetJ20_A5 New Net Name=NetJ19_A5
Change Net Name : Old Net Name=NetJ20_A6 New Net Name=NetJ19_A6
Change Net Name : Old Net Name=NetJ20_A7 New Net Name=NetJ19_A7
Change Net Name : Old Net Name=NetJ20_B5 New Net Name=NetJ19_B5
Change Net Name : Old Net Name=NetR90_1 New Net Name=NetR87_1
Change Net Name : Old Net Name=NetU17_A2 New Net Name=NetU16_A2
Change Net Name : Old Net Name=NetU17_A3 New Net Name=NetU16_A3
Added Pin To Net: NetName=NetC102_1 Pin=NC2-2
Added Net: Name=NetC102_1
Added Pin To Net: NetName=NetC107_2 Pin=TP5-1
Added Pin To Net: NetName=NetC107_2 Pin=U16-C3
Added Net: Name=NetC107_2
Added Pin To Net: NetName=NetC110_1 Pin=U16-B3
Added Net: Name=NetC110_1
Added Pin To Net: NetName=NetC123_2 Pin=C123-2
Added Pin To Net: NetName=NetC123_2 Pin=U22-6
Added Net: Name=NetC123_2
Added Pin To Net: NetName=NetR48_1 Pin=U12-8
Added Net: Name=NetR48_1
Added Pin To Net: NetName=NetR49_1 Pin=U15-7
Added Net: Name=NetR49_1
Added Pin To Net: NetName=NetR50_2 Pin=U15-14
Added Net: Name=NetR50_2
Added Pin To Net: NetName=NetR51_2 Pin=U15-1
Added Net: Name=NetR51_2
Added Pin To Net: NetName=NetR52_2 Pin=U15-16
Added Net: Name=NetR52_2
Added Pin To Net: NetName=NetR53_2 Pin=U16-A1
Added Net: Name=NetR53_2
Added Pin To Net: NetName=NetR89_1 Pin=U26-4
Added Net: Name=NetR89_1
Added Pin To Net: NetName=NetR90_2 Pin=U26-3
Added Net: Name=NetR90_2
Add Differential Pair: Number of nets in differential pair NetIC1_5 is 1 instead of 2
Add Differential Pair: Number of nets in differential pair NetIC1_6 is 1 instead of 2
Add Differential Pair: Number of nets in differential pair NetJ4_2 is 1 instead of 2
Add Differential Pair: Number of nets in differential pair NetJ4_3 is 1 instead of 2
Add Differential Pair: Number of nets in differential pair NetU24_25 is 1 instead of 2
Add Differential Pair: Number of nets in differential pair NetU24_26 is 1 instead of 2
Add Class Member: Failed to add class member : Component 1 1µF
Add Class Member: Failed to add class member : Component 2 1µF
Add Class Member: Failed to add class member : Component 3 1µF
Add Class Member: Failed to add class member : Component BTN? 135-00006
Add Class Member: Failed to add class member : Component C1 0.1µF
Add Class Member: Failed to add class member : Component C2 1µF
Add Class Member: Failed to add class member : Component C3 10000pF
Add Class Member: Failed to add class member : Component C4 4.7µF
Add Class Member: Failed to add class member : Component C5 0.1µF
Add Class Member: Failed to add class member : Component C6 0.1µF
Add Class Member: Failed to add class member : Component C7 0.1µF
Add Class Member: Failed to add class member : Component C8 30pF
Add Class Member: Failed to add class member : Component C9 30pF
Add Class Member: Failed to add class member : Component C10 10µF
Add Class Member: Failed to add class member : Component C11 0.1µF
Add Class Member: Failed to add class member : Component C12 1µF
Add Class Member: Failed to add class member : Component C13 10nF
Add Class Member: Failed to add class member : Component C14 2nF
Add Class Member: Failed to add class member : Component C15 10µF
Add Class Member: Failed to add class member : Component C16 0.1µF
Add Class Member: Failed to add class member : Component C17 1µF
Add Class Member: Failed to add class member : Component C18 10nF
Add Class Member: Failed to add class member : Component C19 20pF
Add Class Member: Failed to add class member : Component C20 20pF
Add Class Member: Failed to add class member : Component C21 10nF
Add Class Member: Failed to add class member : Component C22 0.1µF
Add Class Member: Failed to add class member : Component C23 0.1µF
Add Class Member: Failed to add class member : Component C24 0.1µF
Add Class Member: Failed to add class member : Component C25 0.1µF
Add Class Member: Failed to add class member : Component C26 10nF
Add Class Member: Failed to add class member : Component C27 10nF
Add Class Member: Failed to add class member : Component C28 0.1µF
Add Class Member: Failed to add class member : Component C29 0.1µF
Add Class Member: Failed to add class member : Component C30 1µF
Add Class Member: Failed to add class member : Component C31 0.1µF
Add Class Member: Failed to add class member : Component C32 0.1µF
Add Class Member: Failed to add class member : Component C33 0.022µF
Add Class Member: Failed to add class member : Component C34 1µF
Add Class Member: Failed to add class member : Component C35 1µF
Add Class Member: Failed to add class member : Component C36 0.022µF
Add Class Member: Failed to add class member : Component C37 0.1µF
Add Class Member: Failed to add class member : Component C38 0.1µF
Add Class Member: Failed to add class member : Component C39 10µF
Add Class Member: Failed to add class member : Component C40 0.1µF
Add Class Member: Failed to add class member : Component C41 0.1µF
Add Class Member: Failed to add class member : Component C42 10µF
Add Class Member: Failed to add class member : Component C43 150pF
Add Class Member: Failed to add class member : Component C44 150pF
Add Class Member: Failed to add class member : Component C45 2.2µF
Add Class Member: Failed to add class member : Component C46 0.1µF
Add Class Member: Failed to add class member : Component C47 2.2µF
Add Class Member: Failed to add class member : Component C48 0.1µF
Add Class Member: Failed to add class member : Component C49 0.1µF
Add Class Member: Failed to add class member : Component C50 0.1µF
Add Class Member: Failed to add class member : Component C51 0.1µF
Add Class Member: Failed to add class member : Component C52 0.1µF
Add Class Member: Failed to add class member : Component C53 4.7µF
Add Class Member: Failed to add class member : Component C54 0.1µF
Add Class Member: Failed to add class member : Component C55 0.1µF
Add Class Member: Failed to add class member : Component C56 0.1µF
Add Class Member: Failed to add class member : Component C57 1µF
Add Class Member: Failed to add class member : Component C58 1µF
Add Class Member: Failed to add class member : Component C59 30pF
Add Class Member: Failed to add class member : Component C60 0.1µF
Add Class Member: Failed to add class member : Component C61 30pF
Add Class Member: Failed to add class member : Component C62 0.1µF
Add Class Member: Failed to add class member : Component C63 0.1µF
Add Class Member: Failed to add class member : Component C64 10µF
Add Class Member: Failed to add class member : Component C65 0.1µF
Add Class Member: Failed to add class member : Component C66 1µF
Add Class Member: Failed to add class member : Component C67 10µF
Add Class Member: Failed to add class member : Component C68 0.1µF
Add Class Member: Failed to add class member : Component C69 1µF
Add Class Member: Failed to add class member : Component C70 100uF
Add Class Member: Failed to add class member : Component C71 10µF
Add Class Member: Failed to add class member : Component C72 0.1µF
Add Class Member: Failed to add class member : Component C73 1µF
Add Class Member: Failed to add class member : Component C74 10µF
Add Class Member: Failed to add class member : Component C75 0.1µF
Add Class Member: Failed to add class member : Component C76 1µF
Add Class Member: Failed to add class member : Component C77 0.1µF
Add Class Member: Failed to add class member : Component C78 100µF
Add Class Member: Failed to add class member : Component C79 1µF
Add Class Member: Failed to add class member : Component C80 1µF
Add Class Member: Failed to add class member : Component C81 1µF
Add Class Member: Failed to add class member : Component C82 0.1µF
Add Class Member: Failed to add class member : Component C90 120-000204.7uF
Add Class Member: Failed to add class member : Component C91 120-000160.1uF
Add Class Member: Failed to add class member : Component C92 120-000204.7uF
Add Class Member: Failed to add class member : Component C93 120-000160.1uF
Add Class Member: Failed to add class member : Component C94 120-000160.1uF
Add Class Member: Failed to add class member : Component C95 120-000720.47uF
Add Class Member: Failed to add class member : Component C96 120-000160.1uF
Add Class Member: Failed to add class member : Component C97 120-000204.7uF
Add Class Member: Failed to add class member : Component C98 120-000160.1uF
Add Class Member: Failed to add class member : Component C99 120-000204.7uF
Add Class Member: Failed to add class member : Component C100 120-000204.7uF
Add Class Member: Failed to add class member : Component C101 120-000204.7uF
Add Class Member: Failed to add class member : Component C102 120-0004768pF
Add Class Member: Failed to add class member : Component C103 120-0004768pF
Add Class Member: Failed to add class member : Component C104 120-00223100µF
Add Class Member: Failed to add class member : Component C105 120-00223100µF
Add Class Member: Failed to add class member : Component C106 120-000204.7uF
Add Class Member: Failed to add class member : Component C107 120-0004118pF
Add Class Member: Failed to add class member : Component C108 120-000160.1uF
Add Class Member: Failed to add class member : Component C109 120-0004768pF
Add Class Member: Failed to add class member : Component C110 120-000720.47uF
Add Class Member: Failed to add class member : Component C111 120-000160.1uF
Add Class Member: Failed to add class member : Component C112 120-000160.1uF
Add Class Member: Failed to add class member : Component C113 120-000204.7uF
Add Class Member: Failed to add class member : Component C114 120-000204.7uF
Added Member To Class: ClassName=MAX232 Member=Component C123 100nF
Add Class Member: Failed to add class member : Component D1 Red
Add Class Member: Failed to add class member : Component D2 Red
Add Class Member: Failed to add class member : Component D3 ESD3V3D9-TP
Add Class Member: Failed to add class member : Component D4 ESD3V3D9-TP
Add Class Member: Failed to add class member : Component D5 ESD3V3D9-TP
Add Class Member: Failed to add class member : Component D6 ESD3V3D9-TP
Add Class Member: Failed to add class member : Component D7 MBRS130LT3G
Add Class Member: Failed to add class member : Component D8 BZT52C3V3-7-F
Add Class Member: Failed to add class member : Component D9 MBRS130LT3G
Add Class Member: Failed to add class member : Component D10 CMDZ1L8 TR PBFREE
Add Class Member: Failed to add class member : Component D11 115-00013
Add Class Member: Failed to add class member : Component D14 RGB
Add Class Member: Failed to add class member : Component D15 LXES11DAA2-135
Add Class Member: Failed to add class member : Component D16 LXES11DAA2-135
Add Class Member: Failed to add class member : Component F1 190-00005
Add Class Member: Failed to add class member : Component FB1 1 kOhms @ 100MHz
Add Class Member: Failed to add class member : Component FB2 1 kOhms @ 100MHz
Add Class Member: Failed to add class member : Component FB3 1 kOhms @ 100MHz
Add Class Member: Failed to add class member : Component FB4 1 kOhms @ 100MHz
Add Class Member: Failed to add class member : Component J1 USB2.0 MINI B
Add Class Member: Failed to add class member : Component J2 HDR FEMALE 1x6 2.54mm
Add Class Member: Failed to add class member : Component J3 RJ45 LAN
Add Class Member: Failed to add class member : Component J4 USB MICRO-B
Add Class Member: Failed to add class member : Component J5 OQ0432510000G
Add Class Member: Failed to add class member : Component J6 4X1 STEREO
Add Class Member: Failed to add class member : Component J7 282834-4
Add Class Member: Failed to add class member : Component J8 HDR_2x8
Add Class Member: Failed to add class member : Component J9 OQ0432510000G
Add Class Member: Failed to add class member : Component J10 OQ0432510000G
Add Class Member: Failed to add class member : Component J11 282834-3
Add Class Member: Failed to add class member : Component J12 282834-2
Add Class Member: Failed to add class member : Component J20 87520-0010BLF
Add Class Member: Failed to add class member : Component J21 87520-0010BLF
Add Class Member: Failed to add class member : Component MH1 MH_7.4MMC_3.2MMD
Add Class Member: Failed to add class member : Component MH2 MH_7.4MMC_3.2MMD
Add Class Member: Failed to add class member : Component MH3 MH_7.4MMC_3.2MMD
Add Class Member: Failed to add class member : Component MH4 MH_7.4MMNC_3.2MMD
Add Class Member: Failed to add class member : Component Q1 DMHT6016LFJ-13
Add Class Member: Failed to add class member : Component R1 10 kOhms
Add Class Member: Failed to add class member : Component R2 100 kOhms
Add Class Member: Failed to add class member : Component R3 100 kOhms
Add Class Member: Failed to add class member : Component R4 1.5 kOhms
Add Class Member: Failed to add class member : Component R5 10 kOhms
Add Class Member: Failed to add class member : Component R6 10 kOhms
Add Class Member: Failed to add class member : Component R7 6.49 kOhms
Add Class Member: Failed to add class member : Component R8 10 kOhms
Add Class Member: Failed to add class member : Component R9 10 kOhms
Add Class Member: Failed to add class member : Component R10 3.3 kOhms
Add Class Member: Failed to add class member : Component R11 3.3 kOhms
Add Class Member: Failed to add class member : Component R12 1 MOhms
Add Class Member: Failed to add class member : Component R13 10 kOhms
Add Class Member: Failed to add class member : Component R14 10 kOhms
Add Class Member: Failed to add class member : Component R15 100 kOhms
Add Class Member: Failed to add class member : Component R16 1 kOhms
Add Class Member: Failed to add class member : Component R17 1 kOhms
Add Class Member: Failed to add class member : Component R18 51.1 Ohms
Add Class Member: Failed to add class member : Component R19 51.1 Ohms
Add Class Member: Failed to add class member : Component R20 10 kOhms
Add Class Member: Failed to add class member : Component R21 100 kOhms
Add Class Member: Failed to add class member : Component R22 100 kOhms
Add Class Member: Failed to add class member : Component R23 10 kOhms
Add Class Member: Failed to add class member : Component R24 10 kOhms
Add Class Member: Failed to add class member : Component R25 10 kOhms
Add Class Member: Failed to add class member : Component R26 10 kOhms
Add Class Member: Failed to add class member : Component R27 10 kOhms
Add Class Member: Failed to add class member : Component R28 50 mOhms
Add Class Member: Failed to add class member : Component R29 10 kOhms
Add Class Member: Failed to add class member : Component R30 2 kOhms
Add Class Member: Failed to add class member : Component R31 10 kOhms
Add Class Member: Failed to add class member : Component R32 3.3 kOhms
Add Class Member: Failed to add class member : Component R33 33 kOhms
Add Class Member: Failed to add class member : Component R34 10 kOhms
Add Class Member: Failed to add class member : Component R35 10 kOhms
Add Class Member: Failed to add class member : Component R48 180-000200R
Add Class Member: Failed to add class member : Component R49 180-000541M
Add Class Member: Failed to add class member : Component R50 180-0002410k
Add Class Member: Failed to add class member : Component R51 180-0002410k
Add Class Member: Failed to add class member : Component R52 180-000211k
Add Class Member: Failed to add class member : Component R53 180-00093100K
Add Class Member: Failed to add class member : Component R54 180-000211k
Add Class Member: Failed to add class member : Component R55 180-0002410k
Add Class Member: Failed to add class member : Component R56 180-000541M
Add Class Member: Failed to add class member : Component R57 180-00031499R
Add Class Member: Failed to add class member : Component R58 180-00098220R
Added Member To Class: ClassName=DIGILATL OUTPUT Member=Component R60 10K
Add Class Member: Failed to add class member : Component R89 10K
Add Class Member: Failed to add class member : Component R90 3.4K
Add Class Member: Failed to add class member : Component RT1 Res Thermal
Add Class Member: Failed to add class member : Component S1 1-1977223-1
Add Class Member: Failed to add class member : Component S2 1-1977223-1
Add Class Member: Failed to add class member : Component S3 1-1977223-1
Add Class Member: Failed to add class member : Component SW1 137-00002
Add Class Member: Failed to add class member : Component U1 STM32F103C8T6
Add Class Member: Failed to add class member : Component U2 DP83826IRHBR
Add Class Member: Failed to add class member : Component U3 CH340C
Add Class Member: Failed to add class member : Component U4 ADS122C04IPW
Add Class Member: Failed to add class member : Component U6 IMP34DT05TR
Add Class Member: Failed to add class member : Component U7 STM32F407VGT6TR
Add Class Member: Failed to add class member : Component U8 LD1117S33CTR
Add Class Member: Failed to add class member : Component U9 LD1117S18TR
Add Class Member: Failed to add class member : Component U10 DRV8701ERGET
Add Class Member: Failed to add class member : Component U13 250-00039
Add Class Member: Failed to add class member : Component U17 260-00045
Added Member To Class: ClassName=DIGILATL OUTPUT Member=Component U18 TLP185
Add Class Member: Failed to add class member : Component X1 8Mhz
Add Class Member: Failed to add class member : Component X2 8Mhz
Add Class Member: Failed to add class member : Component Y1 25MHz
