Change Component Designator: Old Designator=A1 New Designator=A?
Change Component Designator: Old Designator=C129 New Designator=C?
Change Component Designator: Old Designator=C130 New Designator=C?
Change Component Designator: Old Designator=C131 New Designator=C?
Change Component Designator: Old Designator=C132 New Designator=C?
Change Component Designator: Old Designator=C133 New Designator=C?
Change Component Designator: Old Designator=C134 New Designator=C?
Change Component Designator: Old Designator=C135 New Designator=C?
Change Component Designator: Old Designator=C136 New Designator=C?
Change Component Designator: Old Designator=C137 New Designator=C?
Change Component Designator: Old Designator=C138 New Designator=C?
Change Component Designator: Old Designator=C139 New Designator=C?
Change Component Designator: Old Designator=C140 New Designator=C?
Change Component Designator: Old Designator=C141 New Designator=C?
Change Component Designator: Old Designator=C142 New Designator=C?
Change Component Designator: Old Designator=D12 New Designator=D?
Change Component Designator: Old Designator=D13 New Designator=D?
Change Component Designator: Old Designator=D14 New Designator=D?
Change Component Designator: Old Designator=J19 New Designator=J?
Change Component Designator: Old Designator=L2 New Designator=L?
Change Component Designator: Old Designator=L3 New Designator=L?
Change Component Designator: Old Designator=R77 New Designator=R?
Change Component Designator: Old Designator=R78 New Designator=R?
Change Component Designator: Old Designator=R79 New Designator=R?
Change Component Designator: Old Designator=R80 New Designator=R?
Change Component Designator: Old Designator=R81 New Designator=R?
Change Component Designator: Old Designator=R82 New Designator=R?
Change Component Designator: Old Designator=R83 New Designator=R?
Change Component Designator: Old Designator=R84 New Designator=R?
Change Component Designator: Old Designator=R85 New Designator=R?
Change Component Designator: Old Designator=R86 New Designator=R?
Change Component Designator: Old Designator=R87 New Designator=R?
Change Component Designator: Old Designator=R88 New Designator=R?
Change Component Designator: Old Designator=U24 New Designator=U?
Change Component Designator: Old Designator=U25 New Designator=U?
Change Component Designator: Old Designator=Y2 New Designator=Y?
