Change Component Designator: OldDesignator=C9 NewDesignator=C10
Change Component Designator: OldDesignator=C10 NewDesignator=C11
Change Component Designator: OldDesignator=C11 NewDesignator=C12
Added Component: Designator=C9(WCAP-FTX2_L11W6H10)
Add component (AddParameter): Name = "Capacitance"; Value = "15nF"; VariantName = "[No Variations]"
Add component (AddParameter): Name = "Capacitance Tolerance"; Value = "+/-10%"; VariantName = "[No Variations]"
Add component (AddParameter): Name = "Category"; Value = "Film Capacitors"; VariantName = "[No Variations]"
Add component (AddParameter): Name = "ComponentLink1Description"; Value = "Website Link"; VariantName = "[No Variations]"
Add component (AddParameter): Name = "ComponentLink1URL"; Value = "https://www.we-online.com/redexpert/article/890324022007?ad"; VariantName = "[No Variations]"
Add component (AddParameter): Name = "ComponentLink2Description"; Value = "Datasheet Link"; VariantName = "[No Variations]"
Add component (AddParameter): Name = "ComponentLink2URL"; Value = "https://www.we-online.com/redexpert/spec/890324022007?ad"; VariantName = "[No Variations]"
Add component (AddParameter): Name = "Dissipation Factor @1kHz"; Value = "0.1%"; VariantName = "[No Variations]"
Add component (AddParameter): Name = "Dissipation Factor @10kHz"; Value = "0.1%"; VariantName = "[No Variations]"
Add component (AddParameter): Name = "Dissipation Factor @100kHz"; Value = "0.5%"; VariantName = "[No Variations]"
Add component (AddParameter): Name = "Height"; Value = "10mm"; VariantName = "[No Variations]"
Add component (AddParameter): Name = "Insulation Resistance"; Value = "30000MO"; VariantName = "[No Variations]"
Add component (AddParameter): Name = "Length"; Value = "11mm"; VariantName = "[No Variations]"
Add component (AddParameter): Name = "Manufacturer"; Value = "Wurth Elektronik"; VariantName = "[No Variations]"
Add component (AddParameter): Name = "Manufacturer Part Number"; Value = "890324022007"; VariantName = "[No Variations]"
Add component (AddParameter): Name = "Match Code"; Value = "WCAP-FTX2"; VariantName = "[No Variations]"
Add component (AddParameter): Name = "Mount"; Value = "Through Hole"; VariantName = "[No Variations]"
Add component (AddParameter): Name = "Operating Temperature Max"; Value = "105°C"; VariantName = "[No Variations]"
Add component (AddParameter): Name = "Operating Temperature Min"; Value = "-40°C"; VariantName = "[No Variations]"
Add component (AddParameter): Name = "Packaging"; Value = "Carton"; VariantName = "[No Variations]"
Add component (AddParameter): Name = "Pitch"; Value = "7.5mm"; VariantName = "[No Variations]"
Add component (AddParameter): Name = "Rate of Voltage Rise"; Value = "500V/µs"; VariantName = "[No Variations]"
Add component (AddParameter): Name = "Rated Voltage (AC)"; Value = "275V"; VariantName = "[No Variations]"
Add component (AddParameter): Name = "Technical Reference"; Value = "MX2P075153K275ASPB15000"; VariantName = "[No Variations]"
Add component (AddParameter): Name = "Width"; Value = "6mm"; VariantName = "[No Variations]"
Added Pin To Net: NetName=NetD3_2 Pin=C9-1
Added Pin To Net: NetName=NetD2_2 Pin=C9-2
Change Net Name : Old Net Name=NetC9_1 New Net Name=NetC10_1
Change Net Name : Old Net Name=NetC9_2 New Net Name=NetC10_2
Change Net Name : Old Net Name=NetC10_2 New Net Name=NetC11_2
Change Net Name : Old Net Name=NetC11_1 New Net Name=NetC12_1
Change Net Name : Old Net Name=NetD2_2 New Net Name=NetC9_2
Change Net Name : Old Net Name=NetD3_2 New Net Name=NetC9_1
